2024-02-11T01:43:22.621595+0600 INFO Авторизация...
2024-02-11T01:43:22.628438+0600 INFO Пользователь 581197242 - OK
2024-02-11T01:43:23.096612+0600 INFO Бот запущен!
2024-02-11T01:43:42.477635+0600 INFO Добавление канала: 131
2024-02-11T01:43:42.482407+0600 INFO Получение ID канала...
2024-02-11T01:43:42.483387+0600 INFO ID канала: 131
2024-02-11T01:44:31.102222+0600 INFO Добавление канала: 132
2024-02-11T01:44:31.108042+0600 INFO Получение ID канала...
2024-02-11T01:44:31.109140+0600 INFO ID канала: 132
2024-02-11T02:20:10.526325+0600 INFO Бот запущен!
2024-02-11T02:20:19.162621+0600 INFO Авторизация...
2024-02-11T02:20:19.163851+0600 INFO Пользователь 581197242 - OK
2024-02-11T02:27:23.873429+0600 INFO Бот запущен!
2024-02-11T02:27:29.835986+0600 INFO Авторизация...
2024-02-11T02:27:29.842000+0600 INFO Пользователь 581197242 - <green>OK</green>
2024-02-11T02:30:34.336355+0600 INFO Бот запущен!
2024-02-11T02:30:53.824339+0600 INFO Авторизация...
2024-02-11T02:30:53.832286+0600 INFO Пользователь 581197242 - OK
2024-02-11T02:31:29.106521+0600 INFO Добавление канала: 2133
2024-02-11T02:31:29.113228+0600 INFO Получение ID канала...
2024-02-11T02:31:29.114190+0600 INFO Проверка на стандартный URL канала ...
2024-02-11T02:31:29.117347+0600 ERROR Ошибка при добавлении канала: cannot access local variable 'channel_id' where it is not associated with a value
2024-02-11T02:31:52.981300+0600 INFO Авторизация...
2024-02-11T02:31:52.988528+0600 INFO Пользователь 581197242 - OK
2024-02-11T02:40:41.138796+0600 INFO Бот запущен!
2024-02-11T02:40:49.311822+0600 INFO Добавление канала: 1232
2024-02-11T02:40:49.313175+0600 INFO Получение ID канала...
2024-02-11T02:40:49.314128+0600 INFO Проверка на стандартный URL канала ...
2024-02-11T02:40:49.314929+0600 ERROR Ошибка при добавлении канала: cannot access local variable 'channel_id' where it is not associated with a value
2024-02-11T02:40:59.418443+0600 INFO Авторизация...
2024-02-11T02:40:59.428701+0600 INFO Пользователь 581197242 - OK
2024-02-11T02:42:23.916780+0600 INFO Бот запущен!
2024-02-11T02:42:31.741637+0600 INFO Добавление канала: 231
2024-02-11T02:42:31.748842+0600 INFO Получение ID канала...
2024-02-11T02:42:31.749928+0600 INFO Проверка на стандартный URL канала ...
2024-02-11T02:42:31.752672+0600 INFO Неизвестный URL. Предпологаемый ID канала: 231
2024-02-11T02:42:31.755284+0600 INFO Проверка базы...
2024-02-11T02:42:31.758885+0600 INFO Проверка существования канала...
2024-02-11T02:42:32.146404+0600 WARNING Канал с ID 231 не существует или некорректный ID
2024-02-11T02:43:53.925519+0600 INFO Добавление канала: UCFTo4WmW6o5vowaSdt5PqDQ
2024-02-11T02:43:53.928765+0600 INFO Получение ID канала...
2024-02-11T02:43:53.957021+0600 INFO Проверка на стандартный URL канала ...
2024-02-11T02:43:53.960799+0600 INFO Неизвестный URL. Предпологаемый ID канала: UCFTo4WmW6o5vowaSdt5PqDQ
2024-02-11T02:43:53.961593+0600 INFO Проверка базы...
2024-02-11T02:43:53.962491+0600 WARNING Канал с ID UCFTo4WmW6o5vowaSdt5PqDQ существует
2024-02-11T02:44:35.782632+0600 INFO Добавление канала: https://www.youtube.com/@t0digital
2024-02-11T02:44:35.787686+0600 INFO Получение ID канала...
2024-02-11T02:44:35.788657+0600 INFO Проверка на стандартный URL канала ...
2024-02-11T02:44:35.789739+0600 INFO Обработка кастомного URL канала...
2024-02-11T02:44:36.149015+0600 INFO Кастомный URL. ID канала: UC9MK8SybZcrHR3CUV4NMy2g
2024-02-11T02:44:36.150240+0600 INFO Проверка базы...
2024-02-11T02:44:36.152044+0600 INFO Проверка существования канала...
2024-02-11T02:44:36.239820+0600 INFO OK
2024-02-11T02:44:36.241000+0600 INFO Получение имени канала и ID последнего видео ...
2024-02-11T02:44:36.326400+0600 INFO Имя канала: Диджитализируй!, ID последнего видео: UU9MK8SybZcrHR3CUV4NMy2g
2024-02-11T02:44:36.327693+0600 INFO Добавление канала: Диджитализируй!, UC9MK8SybZcrHR3CUV4NMy2g
2024-02-11T02:44:36.329072+0600 INFO Канал успешно добавлен в базу
2024-02-11T02:45:56.069744+0600 INFO Добавление канала: UC2hz5L13-EFe8c1J2jPfp2g
2024-02-11T02:45:56.070553+0600 INFO Получение ID канала...
2024-02-11T02:45:56.071174+0600 INFO Проверка на стандартный URL канала ...
2024-02-11T02:45:56.071729+0600 INFO Неизвестный URL. Предпологаемый ID канала: UC2hz5L13-EFe8c1J2jPfp2g
2024-02-11T02:45:56.078090+0600 INFO Проверка базы...
2024-02-11T02:45:56.085896+0600 WARNING Канал с ID UC2hz5L13-EFe8c1J2jPfp2g существует
2024-02-11T02:50:43.136887+0600 INFO Бот запущен!
2024-02-11T02:51:35.987791+0600 INFO Добавление канала: https://www.youtube.com/@t0digital
2024-02-11T02:51:35.992976+0600 INFO Получение ID канала...
2024-02-11T02:51:35.995709+0600 INFO Проверка на стандартный URL канала ...
2024-02-11T02:51:35.996739+0600 INFO Обработка кастомного URL канала...
2024-02-11T02:51:36.675855+0600 INFO Кастомный URL. ID канала: UC9MK8SybZcrHR3CUV4NMy2g
2024-02-11T02:51:36.676992+0600 INFO Проверка базы...
2024-02-11T02:51:36.678330+0600 INFO Проверка существования канала...
2024-02-11T02:51:36.775622+0600 INFO OK
2024-02-11T02:51:36.776324+0600 INFO Получение имени канала и ID последнего видео ...
2024-02-11T02:51:36.856986+0600 INFO Имя канала: Диджитализируй!, ID последнего видео: UU9MK8SybZcrHR3CUV4NMy2g
2024-02-11T02:51:36.858060+0600 INFO Добавление канала: Диджитализируй!, UC9MK8SybZcrHR3CUV4NMy2g
2024-02-11T02:51:36.860994+0600 INFO Канал успешно добавлен в базу
2024-02-11T02:52:13.357085+0600 INFO Канал успешно удален из базы
2024-02-11T02:55:45.808225+0600 INFO Бот запущен!
2024-02-11T02:55:58.589365+0600 INFO Добавление канала: Спис
2024-02-11T02:55:58.595143+0600 INFO Получение ID канала...
2024-02-11T02:55:58.596781+0600 INFO Проверка на стандартный URL канала ...
2024-02-11T02:55:58.598815+0600 INFO Неизвестный URL. Предпологаемый ID канала: Спис
2024-02-11T02:55:58.605641+0600 INFO Проверка базы...
2024-02-11T02:55:58.612589+0600 INFO Проверка существования канала...
2024-02-11T02:55:58.997777+0600 WARNING Канал с ID Спис не существует или некорректный ID
2024-02-11T02:56:40.420307+0600 INFO Добавление канала: @t0digital
2024-02-11T02:56:40.421344+0600 INFO Получение ID канала...
2024-02-11T02:56:40.422222+0600 INFO Проверка на стандартный URL канала ...
2024-02-11T02:56:40.422989+0600 INFO Обработка кастомного URL канала...
2024-02-11T02:56:40.786950+0600 INFO Кастомный URL. ID канала: UC9MK8SybZcrHR3CUV4NMy2g
2024-02-11T02:56:40.788075+0600 INFO Проверка базы...
2024-02-11T02:56:40.790087+0600 INFO Проверка существования канала...
2024-02-11T02:56:40.879348+0600 INFO OK
2024-02-11T02:56:40.880205+0600 INFO Получение имени канала и ID последнего видео ...
2024-02-11T02:56:40.958126+0600 INFO Имя канала: Диджитализируй!, ID последнего видео: UU9MK8SybZcrHR3CUV4NMy2g
2024-02-11T02:56:40.958851+0600 INFO Добавление канала: Диджитализируй!, UC9MK8SybZcrHR3CUV4NMy2g
2024-02-11T02:56:40.959520+0600 INFO Канал успешно добавлен в базу
2024-02-11T03:03:58.704316+0600 INFO Бот запущен!
2024-02-11T03:04:40.270209+0600 INFO Добавление канала: https://www.youtube.com/@SeniorSoftwareVlogger
2024-02-11T03:04:40.271060+0600 INFO Получение ID канала...
2024-02-11T03:04:40.271833+0600 INFO Проверка на стандартный URL канала ...
2024-02-11T03:04:40.278987+0600 INFO Обработка кастомного URL канала...
2024-02-11T03:04:41.061818+0600 INFO Кастомный URL. ID канала: UCX3w3jB05SHLbGjZPR0PM6g
2024-02-11T03:04:41.063537+0600 INFO Проверка базы...
2024-02-11T03:04:41.065821+0600 INFO Проверка существования канала...
2024-02-11T03:04:41.151844+0600 INFO OK
2024-02-11T03:04:41.152994+0600 INFO Получение имени канала и ID последнего видео ...
2024-02-11T03:04:41.231813+0600 INFO {'kind': 'youtube#channel', 'etag': 'yt1NbkxT554yT9BWUVyHqjW8H9s', 'id': 'UCX3w3jB05SHLbGjZPR0PM6g', 'snippet': {'title': 'Senior Software Vlogger', 'description': 'Программирование, технологии и личный опыт.\n\nTelegram: https://t.me/seniorsoftwarevlogger\nСообщество ютуберов: https://ityoutubers.com\nРеклама на канале https://seniorsoftwarevlogger.com/rek/', 'customUrl': '@seniorsoftwarevlogger', 'publishedAt': '2009-02-01T07:37:35Z', 'thumbnails': {'default': {'url': 'https://yt3.ggpht.com/ytc/AIf8zZR7JhDMn_mw1mQsaTciDnv9t-Zezix94WE1MmxcZQ=s88-c-k-c0x00ffffff-no-rj', 'width': 88, 'height': 88}, 'medium': {'url': 'https://yt3.ggpht.com/ytc/AIf8zZR7JhDMn_mw1mQsaTciDnv9t-Zezix94WE1MmxcZQ=s240-c-k-c0x00ffffff-no-rj', 'width': 240, 'height': 240}, 'high': {'url': 'https://yt3.ggpht.com/ytc/AIf8zZR7JhDMn_mw1mQsaTciDnv9t-Zezix94WE1MmxcZQ=s800-c-k-c0x00ffffff-no-rj', 'width': 800, 'height': 800}}, 'localized': {'title': 'Senior Software Vlogger', 'description': 'Программирование, технологии и личный опыт.\n\nTelegram: https://t.me/seniorsoftwarevlogger\nСообщество ютуберов: https://ityoutubers.com\nРеклама на канале https://seniorsoftwarevlogger.com/rek/'}, 'country': 'DE'}, 'contentDetails': {'relatedPlaylists': {'likes': '', 'uploads': 'UUX3w3jB05SHLbGjZPR0PM6g'}}}
2024-02-11T03:04:41.232715+0600 INFO Имя канала: Senior Software Vlogger, ID последнего видео: UUX3w3jB05SHLbGjZPR0PM6g
2024-02-11T03:04:41.233344+0600 INFO Добавление канала: Senior Software Vlogger, UCX3w3jB05SHLbGjZPR0PM6g
2024-02-11T03:04:41.235395+0600 INFO Канал успешно добавлен в базу
2024-02-11T03:14:15.826692+0600 INFO Бот запущен!
2024-02-11T03:14:22.144479+0600 INFO Запрос списка каналов...
2024-02-11T03:14:22.149014+0600 INFO Колличество каналов: 18
2024-02-11T03:14:25.166398+0600 INFO Канал успешно удален из базы
2024-02-11T03:14:25.617146+0600 INFO Запрос списка каналов...
2024-02-11T03:14:25.618063+0600 INFO Колличество каналов: 17
2024-02-11T03:14:27.536583+0600 INFO Канал успешно удален из базы
2024-02-11T03:14:27.693146+0600 INFO Запрос списка каналов...
2024-02-11T03:14:27.698536+0600 INFO Колличество каналов: 16
2024-02-11T03:14:53.185160+0600 INFO Добавление канала: https://www.youtube.com/@SeniorSoftwareVlogger
2024-02-11T03:14:53.190727+0600 INFO Получение ID канала...
2024-02-11T03:14:53.191566+0600 INFO Проверка на стандартный URL канала ...
2024-02-11T03:14:53.195370+0600 INFO Обработка кастомного URL канала...
2024-02-11T03:14:53.875032+0600 INFO Кастомный URL. ID канала: UCX3w3jB05SHLbGjZPR0PM6g
2024-02-11T03:14:53.876077+0600 INFO Проверка базы...
2024-02-11T03:14:53.878169+0600 INFO Проверка существования канала...
2024-02-11T03:14:53.973761+0600 INFO OK
2024-02-11T03:14:53.974732+0600 INFO Получение имени канала и ID последнего видео ...
2024-02-11T03:14:54.084758+0600 INFO {'kind': 'youtube#channel', 'etag': 'yt1NbkxT554yT9BWUVyHqjW8H9s', 'id': 'UCX3w3jB05SHLbGjZPR0PM6g', 'snippet': {'title': 'Senior Software Vlogger', 'description': 'Программирование, технологии и личный опыт.\n\nTelegram: https://t.me/seniorsoftwarevlogger\nСообщество ютуберов: https://ityoutubers.com\nРеклама на канале https://seniorsoftwarevlogger.com/rek/', 'customUrl': '@seniorsoftwarevlogger', 'publishedAt': '2009-02-01T07:37:35Z', 'thumbnails': {'default': {'url': 'https://yt3.ggpht.com/ytc/AIf8zZR7JhDMn_mw1mQsaTciDnv9t-Zezix94WE1MmxcZQ=s88-c-k-c0x00ffffff-no-rj', 'width': 88, 'height': 88}, 'medium': {'url': 'https://yt3.ggpht.com/ytc/AIf8zZR7JhDMn_mw1mQsaTciDnv9t-Zezix94WE1MmxcZQ=s240-c-k-c0x00ffffff-no-rj', 'width': 240, 'height': 240}, 'high': {'url': 'https://yt3.ggpht.com/ytc/AIf8zZR7JhDMn_mw1mQsaTciDnv9t-Zezix94WE1MmxcZQ=s800-c-k-c0x00ffffff-no-rj', 'width': 800, 'height': 800}}, 'localized': {'title': 'Senior Software Vlogger', 'description': 'Программирование, технологии и личный опыт.\n\nTelegram: https://t.me/seniorsoftwarevlogger\nСообщество ютуберов: https://ityoutubers.com\nРеклама на канале https://seniorsoftwarevlogger.com/rek/'}, 'country': 'DE'}, 'contentDetails': {'relatedPlaylists': {'likes': '', 'uploads': 'UUX3w3jB05SHLbGjZPR0PM6g'}}}
2024-02-11T03:14:54.330969+0600 INFO Имя канала: Senior Software Vlogger, ID последнего видео: 8YZfkyyocPw
2024-02-11T03:14:54.331888+0600 INFO Добавление канала: Senior Software Vlogger, UCX3w3jB05SHLbGjZPR0PM6g
2024-02-11T03:14:54.332650+0600 INFO Канал успешно добавлен в базу
