2024-02-11T01:43:22.621595+0600 INFO Авторизация...
2024-02-11T01:43:22.628438+0600 INFO Пользователь 581197242 - OK
2024-02-11T01:43:23.096612+0600 INFO Бот запущен!
2024-02-11T01:43:42.477635+0600 INFO Добавление канала: 131
2024-02-11T01:43:42.482407+0600 INFO Получение ID канала...
2024-02-11T01:43:42.483387+0600 INFO ID канала: 131
2024-02-11T01:44:31.102222+0600 INFO Добавление канала: 132
2024-02-11T01:44:31.108042+0600 INFO Получение ID канала...
2024-02-11T01:44:31.109140+0600 INFO ID канала: 132
2024-02-11T02:20:10.526325+0600 INFO Бот запущен!
2024-02-11T02:20:19.162621+0600 INFO Авторизация...
2024-02-11T02:20:19.163851+0600 INFO Пользователь 581197242 - OK
2024-02-11T02:27:23.873429+0600 INFO Бот запущен!
2024-02-11T02:27:29.835986+0600 INFO Авторизация...
2024-02-11T02:27:29.842000+0600 INFO Пользователь 581197242 - <green>OK</green>
2024-02-11T02:30:34.336355+0600 INFO Бот запущен!
2024-02-11T02:30:53.824339+0600 INFO Авторизация...
2024-02-11T02:30:53.832286+0600 INFO Пользователь 581197242 - OK
2024-02-11T02:31:29.106521+0600 INFO Добавление канала: 2133
2024-02-11T02:31:29.113228+0600 INFO Получение ID канала...
2024-02-11T02:31:29.114190+0600 INFO Проверка на стандартный URL канала ...
2024-02-11T02:31:29.117347+0600 ERROR Ошибка при добавлении канала: cannot access local variable 'channel_id' where it is not associated with a value
2024-02-11T02:31:52.981300+0600 INFO Авторизация...
2024-02-11T02:31:52.988528+0600 INFO Пользователь 581197242 - OK
2024-02-11T02:40:41.138796+0600 INFO Бот запущен!
2024-02-11T02:40:49.311822+0600 INFO Добавление канала: 1232
2024-02-11T02:40:49.313175+0600 INFO Получение ID канала...
2024-02-11T02:40:49.314128+0600 INFO Проверка на стандартный URL канала ...
2024-02-11T02:40:49.314929+0600 ERROR Ошибка при добавлении канала: cannot access local variable 'channel_id' where it is not associated with a value
2024-02-11T02:40:59.418443+0600 INFO Авторизация...
2024-02-11T02:40:59.428701+0600 INFO Пользователь 581197242 - OK
2024-02-11T02:42:23.916780+0600 INFO Бот запущен!
2024-02-11T02:42:31.741637+0600 INFO Добавление канала: 231
2024-02-11T02:42:31.748842+0600 INFO Получение ID канала...
2024-02-11T02:42:31.749928+0600 INFO Проверка на стандартный URL канала ...
2024-02-11T02:42:31.752672+0600 INFO Неизвестный URL. Предпологаемый ID канала: 231
2024-02-11T02:42:31.755284+0600 INFO Проверка базы...
2024-02-11T02:42:31.758885+0600 INFO Проверка существования канала...
2024-02-11T02:42:32.146404+0600 WARNING Канал с ID 231 не существует или некорректный ID
2024-02-11T02:43:53.925519+0600 INFO Добавление канала: UCFTo4WmW6o5vowaSdt5PqDQ
2024-02-11T02:43:53.928765+0600 INFO Получение ID канала...
2024-02-11T02:43:53.957021+0600 INFO Проверка на стандартный URL канала ...
2024-02-11T02:43:53.960799+0600 INFO Неизвестный URL. Предпологаемый ID канала: UCFTo4WmW6o5vowaSdt5PqDQ
2024-02-11T02:43:53.961593+0600 INFO Проверка базы...
2024-02-11T02:43:53.962491+0600 WARNING Канал с ID UCFTo4WmW6o5vowaSdt5PqDQ существует
2024-02-11T02:44:35.782632+0600 INFO Добавление канала: https://www.youtube.com/@t0digital
2024-02-11T02:44:35.787686+0600 INFO Получение ID канала...
2024-02-11T02:44:35.788657+0600 INFO Проверка на стандартный URL канала ...
2024-02-11T02:44:35.789739+0600 INFO Обработка кастомного URL канала...
2024-02-11T02:44:36.149015+0600 INFO Кастомный URL. ID канала: UC9MK8SybZcrHR3CUV4NMy2g
2024-02-11T02:44:36.150240+0600 INFO Проверка базы...
2024-02-11T02:44:36.152044+0600 INFO Проверка существования канала...
2024-02-11T02:44:36.239820+0600 INFO OK
2024-02-11T02:44:36.241000+0600 INFO Получение имени канала и ID последнего видео ...
2024-02-11T02:44:36.326400+0600 INFO Имя канала: Диджитализируй!, ID последнего видео: UU9MK8SybZcrHR3CUV4NMy2g
2024-02-11T02:44:36.327693+0600 INFO Добавление канала: Диджитализируй!, UC9MK8SybZcrHR3CUV4NMy2g
2024-02-11T02:44:36.329072+0600 INFO Канал успешно добавлен в базу
2024-02-11T02:45:56.069744+0600 INFO Добавление канала: UC2hz5L13-EFe8c1J2jPfp2g
2024-02-11T02:45:56.070553+0600 INFO Получение ID канала...
2024-02-11T02:45:56.071174+0600 INFO Проверка на стандартный URL канала ...
2024-02-11T02:45:56.071729+0600 INFO Неизвестный URL. Предпологаемый ID канала: UC2hz5L13-EFe8c1J2jPfp2g
2024-02-11T02:45:56.078090+0600 INFO Проверка базы...
2024-02-11T02:45:56.085896+0600 WARNING Канал с ID UC2hz5L13-EFe8c1J2jPfp2g существует
2024-02-11T02:50:43.136887+0600 INFO Бот запущен!
2024-02-11T02:51:35.987791+0600 INFO Добавление канала: https://www.youtube.com/@t0digital
2024-02-11T02:51:35.992976+0600 INFO Получение ID канала...
2024-02-11T02:51:35.995709+0600 INFO Проверка на стандартный URL канала ...
2024-02-11T02:51:35.996739+0600 INFO Обработка кастомного URL канала...
2024-02-11T02:51:36.675855+0600 INFO Кастомный URL. ID канала: UC9MK8SybZcrHR3CUV4NMy2g
2024-02-11T02:51:36.676992+0600 INFO Проверка базы...
2024-02-11T02:51:36.678330+0600 INFO Проверка существования канала...
2024-02-11T02:51:36.775622+0600 INFO OK
2024-02-11T02:51:36.776324+0600 INFO Получение имени канала и ID последнего видео ...
2024-02-11T02:51:36.856986+0600 INFO Имя канала: Диджитализируй!, ID последнего видео: UU9MK8SybZcrHR3CUV4NMy2g
2024-02-11T02:51:36.858060+0600 INFO Добавление канала: Диджитализируй!, UC9MK8SybZcrHR3CUV4NMy2g
2024-02-11T02:51:36.860994+0600 INFO Канал успешно добавлен в базу
2024-02-11T02:52:13.357085+0600 INFO Канал успешно удален из базы
2024-02-11T02:55:45.808225+0600 INFO Бот запущен!
2024-02-11T02:55:58.589365+0600 INFO Добавление канала: Спис
2024-02-11T02:55:58.595143+0600 INFO Получение ID канала...
2024-02-11T02:55:58.596781+0600 INFO Проверка на стандартный URL канала ...
2024-02-11T02:55:58.598815+0600 INFO Неизвестный URL. Предпологаемый ID канала: Спис
2024-02-11T02:55:58.605641+0600 INFO Проверка базы...
2024-02-11T02:55:58.612589+0600 INFO Проверка существования канала...
2024-02-11T02:55:58.997777+0600 WARNING Канал с ID Спис не существует или некорректный ID
2024-02-11T02:56:40.420307+0600 INFO Добавление канала: @t0digital
2024-02-11T02:56:40.421344+0600 INFO Получение ID канала...
2024-02-11T02:56:40.422222+0600 INFO Проверка на стандартный URL канала ...
2024-02-11T02:56:40.422989+0600 INFO Обработка кастомного URL канала...
2024-02-11T02:56:40.786950+0600 INFO Кастомный URL. ID канала: UC9MK8SybZcrHR3CUV4NMy2g
2024-02-11T02:56:40.788075+0600 INFO Проверка базы...
2024-02-11T02:56:40.790087+0600 INFO Проверка существования канала...
2024-02-11T02:56:40.879348+0600 INFO OK
2024-02-11T02:56:40.880205+0600 INFO Получение имени канала и ID последнего видео ...
2024-02-11T02:56:40.958126+0600 INFO Имя канала: Диджитализируй!, ID последнего видео: UU9MK8SybZcrHR3CUV4NMy2g
2024-02-11T02:56:40.958851+0600 INFO Добавление канала: Диджитализируй!, UC9MK8SybZcrHR3CUV4NMy2g
2024-02-11T02:56:40.959520+0600 INFO Канал успешно добавлен в базу
2024-02-11T03:03:58.704316+0600 INFO Бот запущен!
2024-02-11T03:04:40.270209+0600 INFO Добавление канала: https://www.youtube.com/@SeniorSoftwareVlogger
2024-02-11T03:04:40.271060+0600 INFO Получение ID канала...
2024-02-11T03:04:40.271833+0600 INFO Проверка на стандартный URL канала ...
2024-02-11T03:04:40.278987+0600 INFO Обработка кастомного URL канала...
2024-02-11T03:04:41.061818+0600 INFO Кастомный URL. ID канала: UCX3w3jB05SHLbGjZPR0PM6g
2024-02-11T03:04:41.063537+0600 INFO Проверка базы...
2024-02-11T03:04:41.065821+0600 INFO Проверка существования канала...
2024-02-11T03:04:41.151844+0600 INFO OK
2024-02-11T03:04:41.152994+0600 INFO Получение имени канала и ID последнего видео ...
2024-02-11T03:04:41.231813+0600 INFO {'kind': 'youtube#channel', 'etag': 'yt1NbkxT554yT9BWUVyHqjW8H9s', 'id': 'UCX3w3jB05SHLbGjZPR0PM6g', 'snippet': {'title': 'Senior Software Vlogger', 'description': 'Программирование, технологии и личный опыт.\n\nTelegram: https://t.me/seniorsoftwarevlogger\nСообщество ютуберов: https://ityoutubers.com\nРеклама на канале https://seniorsoftwarevlogger.com/rek/', 'customUrl': '@seniorsoftwarevlogger', 'publishedAt': '2009-02-01T07:37:35Z', 'thumbnails': {'default': {'url': 'https://yt3.ggpht.com/ytc/AIf8zZR7JhDMn_mw1mQsaTciDnv9t-Zezix94WE1MmxcZQ=s88-c-k-c0x00ffffff-no-rj', 'width': 88, 'height': 88}, 'medium': {'url': 'https://yt3.ggpht.com/ytc/AIf8zZR7JhDMn_mw1mQsaTciDnv9t-Zezix94WE1MmxcZQ=s240-c-k-c0x00ffffff-no-rj', 'width': 240, 'height': 240}, 'high': {'url': 'https://yt3.ggpht.com/ytc/AIf8zZR7JhDMn_mw1mQsaTciDnv9t-Zezix94WE1MmxcZQ=s800-c-k-c0x00ffffff-no-rj', 'width': 800, 'height': 800}}, 'localized': {'title': 'Senior Software Vlogger', 'description': 'Программирование, технологии и личный опыт.\n\nTelegram: https://t.me/seniorsoftwarevlogger\nСообщество ютуберов: https://ityoutubers.com\nРеклама на канале https://seniorsoftwarevlogger.com/rek/'}, 'country': 'DE'}, 'contentDetails': {'relatedPlaylists': {'likes': '', 'uploads': 'UUX3w3jB05SHLbGjZPR0PM6g'}}}
2024-02-11T03:04:41.232715+0600 INFO Имя канала: Senior Software Vlogger, ID последнего видео: UUX3w3jB05SHLbGjZPR0PM6g
2024-02-11T03:04:41.233344+0600 INFO Добавление канала: Senior Software Vlogger, UCX3w3jB05SHLbGjZPR0PM6g
2024-02-11T03:04:41.235395+0600 INFO Канал успешно добавлен в базу
2024-02-11T03:14:15.826692+0600 INFO Бот запущен!
2024-02-11T03:14:22.144479+0600 INFO Запрос списка каналов...
2024-02-11T03:14:22.149014+0600 INFO Колличество каналов: 18
2024-02-11T03:14:25.166398+0600 INFO Канал успешно удален из базы
2024-02-11T03:14:25.617146+0600 INFO Запрос списка каналов...
2024-02-11T03:14:25.618063+0600 INFO Колличество каналов: 17
2024-02-11T03:14:27.536583+0600 INFO Канал успешно удален из базы
2024-02-11T03:14:27.693146+0600 INFO Запрос списка каналов...
2024-02-11T03:14:27.698536+0600 INFO Колличество каналов: 16
2024-02-11T03:14:53.185160+0600 INFO Добавление канала: https://www.youtube.com/@SeniorSoftwareVlogger
2024-02-11T03:14:53.190727+0600 INFO Получение ID канала...
2024-02-11T03:14:53.191566+0600 INFO Проверка на стандартный URL канала ...
2024-02-11T03:14:53.195370+0600 INFO Обработка кастомного URL канала...
2024-02-11T03:14:53.875032+0600 INFO Кастомный URL. ID канала: UCX3w3jB05SHLbGjZPR0PM6g
2024-02-11T03:14:53.876077+0600 INFO Проверка базы...
2024-02-11T03:14:53.878169+0600 INFO Проверка существования канала...
2024-02-11T03:14:53.973761+0600 INFO OK
2024-02-11T03:14:53.974732+0600 INFO Получение имени канала и ID последнего видео ...
2024-02-11T03:14:54.084758+0600 INFO {'kind': 'youtube#channel', 'etag': 'yt1NbkxT554yT9BWUVyHqjW8H9s', 'id': 'UCX3w3jB05SHLbGjZPR0PM6g', 'snippet': {'title': 'Senior Software Vlogger', 'description': 'Программирование, технологии и личный опыт.\n\nTelegram: https://t.me/seniorsoftwarevlogger\nСообщество ютуберов: https://ityoutubers.com\nРеклама на канале https://seniorsoftwarevlogger.com/rek/', 'customUrl': '@seniorsoftwarevlogger', 'publishedAt': '2009-02-01T07:37:35Z', 'thumbnails': {'default': {'url': 'https://yt3.ggpht.com/ytc/AIf8zZR7JhDMn_mw1mQsaTciDnv9t-Zezix94WE1MmxcZQ=s88-c-k-c0x00ffffff-no-rj', 'width': 88, 'height': 88}, 'medium': {'url': 'https://yt3.ggpht.com/ytc/AIf8zZR7JhDMn_mw1mQsaTciDnv9t-Zezix94WE1MmxcZQ=s240-c-k-c0x00ffffff-no-rj', 'width': 240, 'height': 240}, 'high': {'url': 'https://yt3.ggpht.com/ytc/AIf8zZR7JhDMn_mw1mQsaTciDnv9t-Zezix94WE1MmxcZQ=s800-c-k-c0x00ffffff-no-rj', 'width': 800, 'height': 800}}, 'localized': {'title': 'Senior Software Vlogger', 'description': 'Программирование, технологии и личный опыт.\n\nTelegram: https://t.me/seniorsoftwarevlogger\nСообщество ютуберов: https://ityoutubers.com\nРеклама на канале https://seniorsoftwarevlogger.com/rek/'}, 'country': 'DE'}, 'contentDetails': {'relatedPlaylists': {'likes': '', 'uploads': 'UUX3w3jB05SHLbGjZPR0PM6g'}}}
2024-02-11T03:14:54.330969+0600 INFO Имя канала: Senior Software Vlogger, ID последнего видео: 8YZfkyyocPw
2024-02-11T03:14:54.331888+0600 INFO Добавление канала: Senior Software Vlogger, UCX3w3jB05SHLbGjZPR0PM6g
2024-02-11T03:14:54.332650+0600 INFO Канал успешно добавлен в базу
2024-02-11T03:22:04.241055+0600 INFO Бот запущен!
2024-02-11T03:22:05.219485+0600 INFO Запрос списка каналов...
2024-02-11T03:23:05.636568+0600 INFO Бот запущен!
2024-02-11T03:23:16.517633+0600 INFO Авторизация...
2024-02-11T03:23:16.519430+0600 INFO Пользователь 581197242 - OK
2024-02-11T03:23:28.148530+0600 INFO Добавление канала: 213
2024-02-11T03:23:28.151463+0600 INFO Получение ID канала...
2024-02-11T03:23:28.163961+0600 INFO Проверка на стандартный URL канала ...
2024-02-11T03:23:28.170928+0600 INFO Неизвестный URL. Предпологаемый ID канала: 213
2024-02-11T03:23:28.176279+0600 INFO Проверка базы...
2024-02-11T03:23:28.178090+0600 ERROR Ошибка при проверке существования канала: list index out of range
2024-02-11T03:23:28.183481+0600 INFO Проверка существования канала...
2024-02-11T03:23:28.633711+0600 WARNING Канал с ID 213 не существует или некорректный ID
2024-02-11T03:26:27.983876+0600 INFO Бот запущен!
2024-02-11T03:26:44.071692+0600 INFO Добавление канала: 21321
2024-02-11T03:26:44.081128+0600 INFO Получение ID канала...
2024-02-11T03:26:44.094056+0600 INFO Проверка на стандартный URL канала ...
2024-02-11T03:26:44.104964+0600 INFO Неизвестный URL. Предпологаемый ID канала: 21321
2024-02-11T03:26:44.106829+0600 INFO Проверка базы...
2024-02-11T03:26:44.113697+0600 INFO Проверка существования канала...
2024-02-11T03:26:44.722231+0600 WARNING Канал с ID 21321 не существует или некорректный ID
2024-02-11T03:26:51.861171+0600 INFO Запрос списка каналов...
2024-02-11T03:30:54.864795+0600 INFO Бот запущен!
2024-02-11T03:30:58.085015+0600 INFO Запрос списка каналов...
2024-02-11T03:30:58.105786+0600 WARNING Некорректный формат строки в базе: []
2024-02-11T03:30:58.117344+0600 INFO Список каналов пуст.
2024-02-11T03:31:36.289956+0600 INFO Добавление канала: UCKlVcvjUCU2RpBRw864EDGQ
2024-02-11T03:31:36.298982+0600 INFO Получение ID канала...
2024-02-11T03:31:36.313166+0600 INFO Проверка на стандартный URL канала ...
2024-02-11T03:31:36.322227+0600 INFO Неизвестный URL. Предпологаемый ID канала: UCKlVcvjUCU2RpBRw864EDGQ
2024-02-11T03:31:36.327774+0600 INFO Проверка базы...
2024-02-11T03:31:36.335590+0600 INFO Проверка существования канала...
2024-02-11T03:31:36.950513+0600 INFO OK
2024-02-11T03:31:36.952049+0600 INFO Получение имени канала и ID последнего видео ...
2024-02-11T03:31:37.381143+0600 INFO Имя канала: Sergey Stilov, ID последнего видео: nxooAGi9jU8
2024-02-11T03:31:37.382511+0600 INFO Добавление канала: Sergey Stilov, UCKlVcvjUCU2RpBRw864EDGQ
2024-02-11T03:31:37.384368+0600 INFO Канал успешно добавлен в базу
2024-02-11T03:31:55.786959+0600 INFO Добавление канала: UCyHZdWBnfVcyd5NdB6JVtDg
2024-02-11T03:31:55.789275+0600 INFO Получение ID канала...
2024-02-11T03:31:55.803125+0600 INFO Проверка на стандартный URL канала ...
2024-02-11T03:31:55.811444+0600 INFO Неизвестный URL. Предпологаемый ID канала: UCyHZdWBnfVcyd5NdB6JVtDg
2024-02-11T03:31:55.817205+0600 INFO Проверка базы...
2024-02-11T03:31:55.824249+0600 INFO Проверка существования канала...
2024-02-11T03:31:55.918168+0600 INFO OK
2024-02-11T03:31:55.919470+0600 INFO Получение имени канала и ID последнего видео ...
2024-02-11T03:31:56.269728+0600 INFO Имя канала: LuckyStation, ID последнего видео: HtcJQ0z3uDE
2024-02-11T03:31:56.271370+0600 INFO Добавление канала: LuckyStation, UCyHZdWBnfVcyd5NdB6JVtDg
2024-02-11T03:31:56.273179+0600 INFO Канал успешно добавлен в базу
2024-02-11T03:32:24.962197+0600 INFO Добавление канала: UCiyFWXStxJUooYLqD359h-A
2024-02-11T03:32:24.964418+0600 INFO Получение ID канала...
2024-02-11T03:32:24.974682+0600 INFO Проверка на стандартный URL канала ...
2024-02-11T03:32:24.988941+0600 INFO Неизвестный URL. Предпологаемый ID канала: UCiyFWXStxJUooYLqD359h-A
2024-02-11T03:32:24.991486+0600 INFO Проверка базы...
2024-02-11T03:32:25.000464+0600 INFO Проверка существования канала...
2024-02-11T03:32:25.099893+0600 INFO OK
2024-02-11T03:32:25.105540+0600 INFO Получение имени канала и ID последнего видео ...
2024-02-11T03:32:25.483813+0600 INFO Имя канала: Российская Дрифт Серия RDS, ID последнего видео: PKMe3welX98
2024-02-11T03:32:25.485525+0600 INFO Добавление канала: Российская Дрифт Серия RDS, UCiyFWXStxJUooYLqD359h-A
2024-02-11T03:32:25.487293+0600 INFO Канал успешно добавлен в базу
2024-02-11T03:32:47.402336+0600 INFO Добавление канала: UC6cNlfm0duMdbAdJtPcZ-Ew
2024-02-11T03:32:47.409770+0600 INFO Получение ID канала...
2024-02-11T03:32:47.411172+0600 INFO Проверка на стандартный URL канала ...
2024-02-11T03:32:47.417808+0600 INFO Неизвестный URL. Предпологаемый ID канала: UC6cNlfm0duMdbAdJtPcZ-Ew
2024-02-11T03:32:47.424608+0600 INFO Проверка базы...
2024-02-11T03:32:47.432511+0600 INFO Проверка существования канала...
2024-02-11T03:32:47.527449+0600 INFO OK
2024-02-11T03:32:47.528737+0600 INFO Получение имени канала и ID последнего видео ...
2024-02-11T03:32:47.867879+0600 INFO Имя канала: BoostMotors, ID последнего видео: IkwQVOgk4eo
2024-02-11T03:32:47.869546+0600 INFO Добавление канала: BoostMotors, UC6cNlfm0duMdbAdJtPcZ-Ew
2024-02-11T03:32:47.871429+0600 INFO Канал успешно добавлен в базу
2024-02-11T03:33:03.162011+0600 INFO Добавление канала: UCBnJJcpyglvK7IDdNbCFsOQ
2024-02-11T03:33:03.168604+0600 INFO Получение ID канала...
2024-02-11T03:33:03.170495+0600 INFO Проверка на стандартный URL канала ...
2024-02-11T03:33:03.172014+0600 INFO Неизвестный URL. Предпологаемый ID канала: UCBnJJcpyglvK7IDdNbCFsOQ
2024-02-11T03:33:03.173507+0600 INFO Проверка базы...
2024-02-11T03:33:03.198863+0600 INFO Проверка существования канала...
2024-02-11T03:33:03.289904+0600 INFO OK
2024-02-11T03:33:03.294936+0600 INFO Получение имени канала и ID последнего видео ...
2024-02-11T03:33:03.624483+0600 INFO Имя канала: zaRRubin, ID последнего видео: ZuO-ENfwKLc
2024-02-11T03:33:03.627712+0600 INFO Добавление канала: zaRRubin, UCBnJJcpyglvK7IDdNbCFsOQ
2024-02-11T03:33:03.630858+0600 INFO Канал успешно добавлен в базу
2024-02-11T03:33:23.867537+0600 INFO Добавление канала: UCAirAlopCtOv-s2-xozo40w
2024-02-11T03:33:23.876643+0600 INFO Получение ID канала...
2024-02-11T03:33:23.878592+0600 INFO Проверка на стандартный URL канала ...
2024-02-11T03:33:23.886929+0600 INFO Неизвестный URL. Предпологаемый ID канала: UCAirAlopCtOv-s2-xozo40w
2024-02-11T03:33:23.894075+0600 INFO Проверка базы...
2024-02-11T03:33:23.906677+0600 INFO Проверка существования канала...
2024-02-11T03:33:23.993756+0600 INFO OK
2024-02-11T03:33:23.995092+0600 INFO Получение имени канала и ID последнего видео ...
2024-02-11T03:33:24.330767+0600 INFO Имя канала: TIME UP Drift Team, ID последнего видео: VD124MThe8A
2024-02-11T03:33:24.332470+0600 INFO Добавление канала: TIME UP Drift Team, UCAirAlopCtOv-s2-xozo40w
2024-02-11T03:33:24.334540+0600 INFO Канал успешно добавлен в базу
2024-02-11T03:33:52.985306+0600 INFO Добавление канала: UCXRvgQp9y5mtkp2VlWGKrQQ
2024-02-11T03:33:52.988357+0600 INFO Получение ID канала...
2024-02-11T03:33:53.002085+0600 INFO Проверка на стандартный URL канала ...
2024-02-11T03:33:53.003645+0600 INFO Неизвестный URL. Предпологаемый ID канала: UCXRvgQp9y5mtkp2VlWGKrQQ
2024-02-11T03:33:53.005900+0600 INFO Проверка базы...
2024-02-11T03:33:53.024340+0600 INFO Проверка существования канала...
2024-02-11T03:33:53.109070+0600 INFO OK
2024-02-11T03:33:53.110403+0600 INFO Получение имени канала и ID последнего видео ...
2024-02-11T03:33:53.414454+0600 INFO Имя канала: Форвард Авто, ID последнего видео: R_itt4yShkM
2024-02-11T03:33:53.416091+0600 INFO Добавление канала: Форвард Авто, UCXRvgQp9y5mtkp2VlWGKrQQ
2024-02-11T03:33:53.418237+0600 INFO Канал успешно добавлен в базу
2024-02-11T03:34:10.185897+0600 INFO Добавление канала: UCuuy-iu602Sv8pxi6saqF1Q
2024-02-11T03:34:10.187658+0600 INFO Получение ID канала...
2024-02-11T03:34:10.203904+0600 INFO Проверка на стандартный URL канала ...
2024-02-11T03:34:10.205457+0600 INFO Неизвестный URL. Предпологаемый ID канала: UCuuy-iu602Sv8pxi6saqF1Q
2024-02-11T03:34:10.206842+0600 INFO Проверка базы...
2024-02-11T03:34:10.214164+0600 INFO Проверка существования канала...
2024-02-11T03:34:10.311536+0600 INFO OK
2024-02-11T03:34:10.312899+0600 INFO Получение имени канала и ID последнего видео ...
2024-02-11T03:34:10.625562+0600 INFO Имя канала: Игорь Озолин, ID последнего видео: u2_XD5B9E9U
2024-02-11T03:34:10.628154+0600 INFO Добавление канала: Игорь Озолин, UCuuy-iu602Sv8pxi6saqF1Q
2024-02-11T03:34:10.630762+0600 INFO Канал успешно добавлен в базу
2024-02-11T03:34:28.506715+0600 INFO Добавление канала: UCUzuvXCzmBqQxo0NP0NdH3A
2024-02-11T03:34:28.515685+0600 INFO Получение ID канала...
2024-02-11T03:34:28.524098+0600 INFO Проверка на стандартный URL канала ...
2024-02-11T03:34:28.531564+0600 INFO Неизвестный URL. Предпологаемый ID канала: UCUzuvXCzmBqQxo0NP0NdH3A
2024-02-11T03:34:28.534514+0600 INFO Проверка базы...
2024-02-11T03:34:28.543789+0600 INFO Проверка существования канала...
2024-02-11T03:34:28.634981+0600 INFO OK
2024-02-11T03:34:28.636801+0600 INFO Получение имени канала и ID последнего видео ...
2024-02-11T03:34:28.976222+0600 INFO Имя канала: CARVILLE RACING DRIFT TEAM, ID последнего видео: UtPa3gI1Juo
2024-02-11T03:34:28.977997+0600 INFO Добавление канала: CARVILLE RACING DRIFT TEAM, UCUzuvXCzmBqQxo0NP0NdH3A
2024-02-11T03:34:28.979748+0600 INFO Канал успешно добавлен в базу
2024-02-11T03:34:47.555751+0600 INFO Добавление канала: UCOqrcdbSO5BAxogRhpFjsNg
2024-02-11T03:34:47.564071+0600 INFO Получение ID канала...
2024-02-11T03:34:47.576729+0600 INFO Проверка на стандартный URL канала ...
2024-02-11T03:34:47.584904+0600 INFO Неизвестный URL. Предпологаемый ID канала: UCOqrcdbSO5BAxogRhpFjsNg
2024-02-11T03:34:47.593799+0600 INFO Проверка базы...
2024-02-11T03:34:47.603619+0600 INFO Проверка существования канала...
2024-02-11T03:34:47.690396+0600 INFO OK
2024-02-11T03:34:47.691469+0600 INFO Получение имени канала и ID последнего видео ...
2024-02-11T03:34:47.989459+0600 INFO Имя канала: DARKSIDE Xperience, ID последнего видео: g99pKQkwiFY
2024-02-11T03:34:47.991119+0600 INFO Добавление канала: DARKSIDE Xperience, UCOqrcdbSO5BAxogRhpFjsNg
2024-02-11T03:34:47.992909+0600 INFO Канал успешно добавлен в базу
2024-02-11T03:34:59.297078+0600 INFO Добавление канала: UCFTo4WmW6o5vowaSdt5PqDQ
2024-02-11T03:34:59.306327+0600 INFO Получение ID канала...
2024-02-11T03:34:59.321472+0600 INFO Проверка на стандартный URL канала ...
2024-02-11T03:34:59.322911+0600 INFO Неизвестный URL. Предпологаемый ID канала: UCFTo4WmW6o5vowaSdt5PqDQ
2024-02-11T03:34:59.328997+0600 INFO Проверка базы...
2024-02-11T03:34:59.330771+0600 INFO Проверка существования канала...
2024-02-11T03:34:59.427005+0600 INFO OK
2024-02-11T03:34:59.428473+0600 INFO Получение имени канала и ID последнего видео ...
2024-02-11T03:34:59.750214+0600 INFO Имя канала: FRESH RACING, ID последнего видео: SJLJgljj53M
2024-02-11T03:34:59.751974+0600 INFO Добавление канала: FRESH RACING, UCFTo4WmW6o5vowaSdt5PqDQ
2024-02-11T03:34:59.753311+0600 INFO Канал успешно добавлен в базу
2024-02-11T03:35:18.033521+0600 INFO Добавление канала: UCs20Z6rr0uw9sNYxgX3Qsig
2024-02-11T03:35:18.037096+0600 INFO Получение ID канала...
2024-02-11T03:35:18.050415+0600 INFO Проверка на стандартный URL канала ...
2024-02-11T03:35:18.065786+0600 INFO Неизвестный URL. Предпологаемый ID канала: UCs20Z6rr0uw9sNYxgX3Qsig
2024-02-11T03:35:18.071839+0600 INFO Проверка базы...
2024-02-11T03:35:18.075757+0600 INFO Проверка существования канала...
2024-02-11T03:35:18.166897+0600 INFO OK
2024-02-11T03:35:18.168243+0600 INFO Получение имени канала и ID последнего видео ...
2024-02-11T03:35:18.495895+0600 INFO Имя канала: AIMOL Russia, ID последнего видео: B2BslGXxeIg
2024-02-11T03:35:18.497566+0600 INFO Добавление канала: AIMOL Russia, UCs20Z6rr0uw9sNYxgX3Qsig
2024-02-11T03:35:18.499282+0600 INFO Канал успешно добавлен в базу
2024-02-11T03:35:31.181104+0600 INFO Добавление канала: UC5qUrf6FHfOjLihbML0TaSg
2024-02-11T03:35:31.189960+0600 INFO Получение ID канала...
2024-02-11T03:35:31.203279+0600 INFO Проверка на стандартный URL канала ...
2024-02-11T03:35:31.211368+0600 INFO Неизвестный URL. Предпологаемый ID канала: UC5qUrf6FHfOjLihbML0TaSg
2024-02-11T03:35:31.212766+0600 INFO Проверка базы...
2024-02-11T03:35:31.214386+0600 INFO Проверка существования канала...
2024-02-11T03:35:31.300684+0600 INFO OK
2024-02-11T03:35:31.302045+0600 INFO Получение имени канала и ID последнего видео ...
2024-02-11T03:35:31.613469+0600 INFO Имя канала: Nikita Shikov, ID последнего видео: M-aww1DHy6E
2024-02-11T03:35:31.617702+0600 INFO Добавление канала: Nikita Shikov, UC5qUrf6FHfOjLihbML0TaSg
2024-02-11T03:35:31.625002+0600 INFO Канал успешно добавлен в базу
2024-02-11T03:35:48.985953+0600 INFO Добавление канала: UCRc52fw6mKC0eqRlvEyKP-A
2024-02-11T03:35:48.987576+0600 INFO Получение ID канала...
2024-02-11T03:35:49.001042+0600 INFO Проверка на стандартный URL канала ...
2024-02-11T03:35:49.008994+0600 INFO Неизвестный URL. Предпологаемый ID канала: UCRc52fw6mKC0eqRlvEyKP-A
2024-02-11T03:35:49.020844+0600 INFO Проверка базы...
2024-02-11T03:35:49.023136+0600 INFO Проверка существования канала...
2024-02-11T03:35:49.115669+0600 INFO OK
2024-02-11T03:35:49.117962+0600 INFO Получение имени канала и ID последнего видео ...
2024-02-11T03:35:49.420646+0600 INFO Имя канала: BlackDrift - Гоночная команда RDS Europe, ID последнего видео: 9tURiY_Q8ck
2024-02-11T03:35:49.423894+0600 INFO Добавление канала: BlackDrift - Гоночная команда RDS Europe, UCRc52fw6mKC0eqRlvEyKP-A
2024-02-11T03:35:49.425843+0600 INFO Канал успешно добавлен в базу
2024-02-11T03:36:04.167072+0600 INFO Добавление канала: UC2hz5L13-EFe8c1J2jPfp2g
2024-02-11T03:36:04.170088+0600 INFO Получение ID канала...
2024-02-11T03:36:04.192730+0600 INFO Проверка на стандартный URL канала ...
2024-02-11T03:36:04.201681+0600 INFO Неизвестный URL. Предпологаемый ID канала: UC2hz5L13-EFe8c1J2jPfp2g
2024-02-11T03:36:04.205307+0600 INFO Проверка базы...
2024-02-11T03:36:04.207376+0600 INFO Проверка существования канала...
2024-02-11T03:36:04.290284+0600 INFO OK
2024-02-11T03:36:04.291377+0600 INFO Получение имени канала и ID последнего видео ...
2024-02-11T03:36:04.588686+0600 INFO Имя канала: VahrushevDRIFT, ID последнего видео: jBwAez3wIkg
2024-02-11T03:36:04.589837+0600 INFO Добавление канала: VahrushevDRIFT, UC2hz5L13-EFe8c1J2jPfp2g
2024-02-11T03:36:04.591137+0600 INFO Канал успешно добавлен в базу
2024-02-11T03:36:19.403711+0600 INFO Добавление канала: UC7xBjdAdrrmcAvB_nPloQ-w
2024-02-11T03:36:19.405679+0600 INFO Получение ID канала...
2024-02-11T03:36:19.419470+0600 INFO Проверка на стандартный URL канала ...
2024-02-11T03:36:19.421130+0600 INFO Неизвестный URL. Предпологаемый ID канала: UC7xBjdAdrrmcAvB_nPloQ-w
2024-02-11T03:36:19.433190+0600 INFO Проверка базы...
2024-02-11T03:36:19.439513+0600 INFO Проверка существования канала...
2024-02-11T03:36:19.521504+0600 INFO OK
2024-02-11T03:36:19.523822+0600 INFO Получение имени канала и ID последнего видео ...
2024-02-11T03:36:19.825050+0600 INFO Имя канала: Игора Драйв, ID последнего видео: hwmyW1nNQb8
2024-02-11T03:36:19.826948+0600 INFO Добавление канала: Игора Драйв, UC7xBjdAdrrmcAvB_nPloQ-w
2024-02-11T03:36:19.828858+0600 INFO Канал успешно добавлен в базу
2024-02-11T03:36:48.483426+0600 INFO Запрос списка каналов...
2024-02-11T03:36:48.494902+0600 WARNING Некорректный формат строки в базе: []
2024-02-11T03:36:48.503425+0600 INFO Количество каналов: 16
2024-02-11T03:37:18.635807+0600 ERROR Ошибка при удалении канала из базы: list index out of range
2024-02-11T03:37:18.784293+0600 INFO Запрос списка каналов...
2024-02-11T03:37:18.787352+0600 INFO Список каналов пуст.
2024-02-11T03:37:26.167999+0600 INFO Запрос списка каналов...
2024-02-11T03:37:26.174736+0600 INFO Список каналов пуст.
2024-02-11T03:37:48.696229+0600 INFO Запрос списка каналов...
2024-02-11T03:37:48.698695+0600 INFO Количество каналов: 16
2024-02-11T03:37:51.448693+0600 INFO Канал успешно удален из базы
2024-02-11T03:37:51.622040+0600 INFO Запрос списка каналов...
2024-02-11T03:37:51.625364+0600 INFO Количество каналов: 16
2024-02-11T03:38:14.987716+0600 INFO Запрос списка каналов...
2024-02-11T03:38:14.997907+0600 INFO Количество каналов: 16
2024-02-11T03:38:17.373187+0600 INFO Канал успешно удален из базы
2024-02-11T03:38:17.523689+0600 INFO Запрос списка каналов...
2024-02-11T03:38:17.527349+0600 INFO Количество каналов: 15
2024-02-11T03:38:32.191233+0600 INFO Добавление канала: UC2hz5L13-EFe8c1J2jPfp2g
2024-02-11T03:38:32.200079+0600 INFO Получение ID канала...
2024-02-11T03:38:32.207681+0600 INFO Проверка на стандартный URL канала ...
2024-02-11T03:38:32.218807+0600 INFO Неизвестный URL. Предпологаемый ID канала: UC2hz5L13-EFe8c1J2jPfp2g
2024-02-11T03:38:32.231334+0600 INFO Проверка базы...
2024-02-11T03:38:32.234871+0600 INFO Проверка существования канала...
2024-02-11T03:38:32.320880+0600 INFO OK
2024-02-11T03:38:32.322432+0600 INFO Получение имени канала и ID последнего видео ...
2024-02-11T03:38:32.614701+0600 INFO Имя канала: VahrushevDRIFT, ID последнего видео: jBwAez3wIkg
2024-02-11T03:38:32.616269+0600 INFO Добавление канала: VahrushevDRIFT, UC2hz5L13-EFe8c1J2jPfp2g
2024-02-11T03:38:32.617867+0600 INFO Канал успешно добавлен в базу
2024-02-11T03:38:36.865499+0600 INFO Запрос списка каналов...
2024-02-11T03:38:36.878591+0600 INFO Количество каналов: 16
2024-02-11T03:38:39.725374+0600 INFO Канал успешно удален из базы
2024-02-11T03:38:39.888879+0600 INFO Запрос списка каналов...
2024-02-11T03:38:39.891464+0600 INFO Количество каналов: 16
2024-02-11T03:38:47.154895+0600 INFO Запрос списка каналов...
2024-02-11T03:38:47.164484+0600 INFO Количество каналов: 16
2024-02-11T03:38:50.789529+0600 INFO Авторизация...
2024-02-11T03:38:50.793006+0600 INFO Пользователь 581197242 - OK
2024-02-11T03:38:57.298321+0600 INFO Запрос списка каналов...
2024-02-11T03:38:57.301031+0600 INFO Количество каналов: 16
2024-02-11T03:38:59.543218+0600 INFO Канал успешно удален из базы
2024-02-11T03:38:59.691798+0600 INFO Запрос списка каналов...
2024-02-11T03:38:59.700642+0600 INFO Количество каналов: 16
2024-02-11T03:39:46.453598+0600 INFO Запрос списка каналов...
2024-02-11T03:39:46.455492+0600 INFO Количество каналов: 15
2024-02-11T03:39:56.931163+0600 INFO Добавление канала: UC7xBjdAdrrmcAvB_nPloQ-w
2024-02-11T03:39:56.934174+0600 INFO Получение ID канала...
2024-02-11T03:39:56.942467+0600 INFO Проверка на стандартный URL канала ...
2024-02-11T03:39:56.951876+0600 INFO Неизвестный URL. Предпологаемый ID канала: UC7xBjdAdrrmcAvB_nPloQ-w
2024-02-11T03:39:56.964639+0600 INFO Проверка базы...
2024-02-11T03:39:56.971973+0600 INFO Проверка существования канала...
2024-02-11T03:39:57.061358+0600 INFO OK
2024-02-11T03:39:57.063776+0600 INFO Получение имени канала и ID последнего видео ...
2024-02-11T03:39:57.363815+0600 INFO Имя канала: Игора Драйв, ID последнего видео: hwmyW1nNQb8
2024-02-11T03:39:57.365540+0600 INFO Добавление канала: Игора Драйв, UC7xBjdAdrrmcAvB_nPloQ-w
2024-02-11T03:39:57.367325+0600 INFO Канал успешно добавлен в базу
2024-02-11T03:40:01.375072+0600 INFO Запрос списка каналов...
2024-02-11T03:40:01.378732+0600 INFO Количество каналов: 16
2024-02-11T03:40:04.587385+0600 INFO Канал успешно удален из базы
2024-02-11T03:40:04.761455+0600 INFO Запрос списка каналов...
2024-02-11T03:40:04.764948+0600 INFO Количество каналов: 16
2024-02-11T03:40:39.652062+0600 INFO Бот запущен!
2024-02-11T03:40:43.265941+0600 INFO Запрос списка каналов...
2024-02-11T03:40:43.272834+0600 INFO Количество каналов: 16
2024-02-11T03:40:50.426272+0600 INFO Канал успешно удален из базы
2024-02-11T03:40:50.873868+0600 INFO Запрос списка каналов...
2024-02-11T03:40:50.875681+0600 INFO Количество каналов: 16
2024-02-11T03:43:40.553876+0600 INFO Бот запущен!
2024-02-11T03:43:42.979418+0600 INFO Запрос списка каналов...
2024-02-11T03:43:42.981981+0600 INFO Количество каналов: 16
2024-02-11T03:45:09.691161+0600 INFO Запрос списка каналов...
2024-02-11T03:45:09.693366+0600 INFO Количество каналов: 16
2024-02-11T03:45:40.222605+0600 INFO Бот запущен!
2024-02-11T03:45:44.179515+0600 INFO Запрос списка каналов...
2024-02-11T03:45:44.185288+0600 INFO Количество каналов: 16
2024-02-11T03:45:49.343498+0600 INFO Канал UC7xBjdAdrrmcAvB успешно удален из базы
2024-02-11T03:45:49.847273+0600 INFO Запрос списка каналов...
2024-02-11T03:45:49.850176+0600 INFO Количество каналов: 16
2024-02-11T03:46:15.092783+0600 INFO Запрос списка каналов...
2024-02-11T03:46:15.103120+0600 INFO Количество каналов: 16
2024-02-11T03:46:18.323227+0600 INFO Канал UC7xBjdAdrrmcAvB успешно удален из базы
2024-02-11T03:46:18.483606+0600 INFO Запрос списка каналов...
2024-02-11T03:46:18.488609+0600 INFO Количество каналов: 16
2024-02-11T03:52:10.404230+0600 INFO Бот запущен!
2024-02-11T03:52:12.880240+0600 INFO Запрос списка каналов...
2024-02-11T03:52:12.890986+0600 INFO Количество каналов: 16
2024-02-11T03:52:21.659157+0600 DEBUG [['UCKlVcvjUCU2RpBRw864EDGQ', 'nxooAGi9jU8', 'Sergey Stilov'], ['UCyHZdWBnfVcyd5NdB6JVtDg', 'HtcJQ0z3uDE', 'LuckyStation'], ['UCiyFWXStxJUooYLqD359h-A', 'PKMe3welX98', 'Российская Дрифт Серия RDS'], ['UC6cNlfm0duMdbAdJtPcZ-Ew', 'IkwQVOgk4eo', 'BoostMotors'], ['UCBnJJcpyglvK7IDdNbCFsOQ', 'ZuO-ENfwKLc', 'zaRRubin'], ['UCAirAlopCtOv-s2-xozo40w', 'VD124MThe8A', 'TIME UP Drift Team'], ['UCXRvgQp9y5mtkp2VlWGKrQQ', 'R_itt4yShkM', 'Форвард Авто'], ['UCuuy-iu602Sv8pxi6saqF1Q', 'u2_XD5B9E9U', 'Игорь Озолин'], ['UCUzuvXCzmBqQxo0NP0NdH3A', 'UtPa3gI1Juo', 'CARVILLE RACING DRIFT TEAM'], ['UCOqrcdbSO5BAxogRhpFjsNg', 'g99pKQkwiFY', 'DARKSIDE Xperience'], ['UCFTo4WmW6o5vowaSdt5PqDQ', 'SJLJgljj53M', 'FRESH RACING'], ['UCs20Z6rr0uw9sNYxgX3Qsig', 'B2BslGXxeIg', 'AIMOL Russia'], ['UC5qUrf6FHfOjLihbML0TaSg', 'M-aww1DHy6E', 'Nikita Shikov'], ['UCRc52fw6mKC0eqRlvEyKP-A', '9tURiY_Q8ck', 'BlackDrift - Гоночная команда RDS Europe'], ['UC2hz5L13-EFe8c1J2jPfp2g', 'jBwAez3wIkg', 'VahrushevDRIFT'], ['UC7xBjdAdrrmcAvB_nPloQ-w', 'hwmyW1nNQb8', 'Игора Драйв']]
2024-02-11T03:52:21.675516+0600 INFO Канал UC7xBjdAdrrmcAvB успешно удален из базы
2024-02-11T03:52:22.256212+0600 INFO Запрос списка каналов...
2024-02-11T03:52:22.259853+0600 INFO Количество каналов: 16
2024-02-11T03:56:35.748704+0600 INFO Бот запущен!
2024-02-11T03:56:39.316116+0600 INFO Запрос списка каналов...
2024-02-11T03:56:39.322113+0600 INFO Количество каналов: 16
2024-02-11T03:56:42.588137+0600 DEBUG [['UCKlVcvjUCU2RpBRw864EDGQ', 'nxooAGi9jU8', 'Sergey Stilov'], ['UCyHZdWBnfVcyd5NdB6JVtDg', 'HtcJQ0z3uDE', 'LuckyStation'], ['UCiyFWXStxJUooYLqD359h-A', 'PKMe3welX98', 'Российская Дрифт Серия RDS'], ['UC6cNlfm0duMdbAdJtPcZ-Ew', 'IkwQVOgk4eo', 'BoostMotors'], ['UCBnJJcpyglvK7IDdNbCFsOQ', 'ZuO-ENfwKLc', 'zaRRubin'], ['UCAirAlopCtOv-s2-xozo40w', 'VD124MThe8A', 'TIME UP Drift Team'], ['UCXRvgQp9y5mtkp2VlWGKrQQ', 'R_itt4yShkM', 'Форвард Авто'], ['UCuuy-iu602Sv8pxi6saqF1Q', 'u2_XD5B9E9U', 'Игорь Озолин'], ['UCUzuvXCzmBqQxo0NP0NdH3A', 'UtPa3gI1Juo', 'CARVILLE RACING DRIFT TEAM'], ['UCOqrcdbSO5BAxogRhpFjsNg', 'g99pKQkwiFY', 'DARKSIDE Xperience'], ['UCFTo4WmW6o5vowaSdt5PqDQ', 'SJLJgljj53M', 'FRESH RACING'], ['UCs20Z6rr0uw9sNYxgX3Qsig', 'B2BslGXxeIg', 'AIMOL Russia'], ['UC5qUrf6FHfOjLihbML0TaSg', 'M-aww1DHy6E', 'Nikita Shikov'], ['UCRc52fw6mKC0eqRlvEyKP-A', '9tURiY_Q8ck', 'BlackDrift - Гоночная команда RDS Europe'], ['UC2hz5L13-EFe8c1J2jPfp2g', 'jBwAez3wIkg', 'VahrushevDRIFT'], ['UC7xBjdAdrrmcAvB_nPloQ-w', 'hwmyW1nNQb8', 'Игора Драйв']]
2024-02-11T03:56:42.606414+0600 DEBUG UCKlVcvjUCU2RpBRw864EDGQ
2024-02-11T03:56:42.609691+0600 DEBUG UCyHZdWBnfVcyd5NdB6JVtDg
2024-02-11T03:56:42.611725+0600 DEBUG UCiyFWXStxJUooYLqD359h-A
2024-02-11T03:56:42.616129+0600 DEBUG UC6cNlfm0duMdbAdJtPcZ-Ew
2024-02-11T03:56:42.621088+0600 DEBUG UCBnJJcpyglvK7IDdNbCFsOQ
2024-02-11T03:56:42.629829+0600 DEBUG UCAirAlopCtOv-s2-xozo40w
2024-02-11T03:56:42.632524+0600 DEBUG UCXRvgQp9y5mtkp2VlWGKrQQ
2024-02-11T03:56:42.635647+0600 DEBUG UCuuy-iu602Sv8pxi6saqF1Q
2024-02-11T03:56:42.642756+0600 DEBUG UCUzuvXCzmBqQxo0NP0NdH3A
2024-02-11T03:56:42.647545+0600 DEBUG UCOqrcdbSO5BAxogRhpFjsNg
2024-02-11T03:56:42.650888+0600 DEBUG UCFTo4WmW6o5vowaSdt5PqDQ
2024-02-11T03:56:42.653114+0600 DEBUG UCs20Z6rr0uw9sNYxgX3Qsig
2024-02-11T03:56:42.656258+0600 DEBUG UC5qUrf6FHfOjLihbML0TaSg
2024-02-11T03:56:42.661603+0600 DEBUG UCRc52fw6mKC0eqRlvEyKP-A
2024-02-11T03:56:42.664659+0600 DEBUG UC2hz5L13-EFe8c1J2jPfp2g
2024-02-11T03:56:42.669112+0600 DEBUG UC7xBjdAdrrmcAvB_nPloQ-w
2024-02-11T03:56:42.672085+0600 INFO Канал UC7xBjdAdrrmcAvB успешно удален из базы
2024-02-11T03:56:43.182650+0600 INFO Запрос списка каналов...
2024-02-11T03:56:43.186180+0600 INFO Количество каналов: 16
2024-02-11T04:01:21.904033+0600 INFO Бот запущен!
2024-02-11T04:01:23.356980+0600 INFO Запрос списка каналов...
2024-02-11T04:01:23.373749+0600 INFO Количество каналов: 16
2024-02-11T04:01:26.304501+0600 INFO UC7xBjdAdrrmcAvB
2024-02-11T04:01:26.324029+0600 DEBUG [['UCKlVcvjUCU2RpBRw864EDGQ', 'nxooAGi9jU8', 'Sergey Stilov'], ['UCyHZdWBnfVcyd5NdB6JVtDg', 'HtcJQ0z3uDE', 'LuckyStation'], ['UCiyFWXStxJUooYLqD359h-A', 'PKMe3welX98', 'Российская Дрифт Серия RDS'], ['UC6cNlfm0duMdbAdJtPcZ-Ew', 'IkwQVOgk4eo', 'BoostMotors'], ['UCBnJJcpyglvK7IDdNbCFsOQ', 'ZuO-ENfwKLc', 'zaRRubin'], ['UCAirAlopCtOv-s2-xozo40w', 'VD124MThe8A', 'TIME UP Drift Team'], ['UCXRvgQp9y5mtkp2VlWGKrQQ', 'R_itt4yShkM', 'Форвард Авто'], ['UCuuy-iu602Sv8pxi6saqF1Q', 'u2_XD5B9E9U', 'Игорь Озолин'], ['UCUzuvXCzmBqQxo0NP0NdH3A', 'UtPa3gI1Juo', 'CARVILLE RACING DRIFT TEAM'], ['UCOqrcdbSO5BAxogRhpFjsNg', 'g99pKQkwiFY', 'DARKSIDE Xperience'], ['UCFTo4WmW6o5vowaSdt5PqDQ', 'SJLJgljj53M', 'FRESH RACING'], ['UCs20Z6rr0uw9sNYxgX3Qsig', 'B2BslGXxeIg', 'AIMOL Russia'], ['UC5qUrf6FHfOjLihbML0TaSg', 'M-aww1DHy6E', 'Nikita Shikov'], ['UCRc52fw6mKC0eqRlvEyKP-A', '9tURiY_Q8ck', 'BlackDrift - Гоночная команда RDS Europe'], ['UC2hz5L13-EFe8c1J2jPfp2g', 'jBwAez3wIkg', 'VahrushevDRIFT'], ['UC7xBjdAdrrmcAvB_nPloQ-w', 'hwmyW1nNQb8', 'Игора Драйв']]
2024-02-11T04:01:26.337113+0600 DEBUG UCKlVcvjUCU2RpBRw864EDGQ
2024-02-11T04:01:26.339218+0600 DEBUG UCyHZdWBnfVcyd5NdB6JVtDg
2024-02-11T04:01:26.343020+0600 DEBUG UCiyFWXStxJUooYLqD359h-A
2024-02-11T04:01:26.347009+0600 DEBUG UC6cNlfm0duMdbAdJtPcZ-Ew
2024-02-11T04:01:26.351779+0600 DEBUG UCBnJJcpyglvK7IDdNbCFsOQ
2024-02-11T04:01:26.353382+0600 DEBUG UCAirAlopCtOv-s2-xozo40w
2024-02-11T04:01:26.355856+0600 DEBUG UCXRvgQp9y5mtkp2VlWGKrQQ
2024-02-11T04:01:26.359551+0600 DEBUG UCuuy-iu602Sv8pxi6saqF1Q
2024-02-11T04:01:26.361211+0600 DEBUG UCUzuvXCzmBqQxo0NP0NdH3A
2024-02-11T04:01:26.365333+0600 DEBUG UCOqrcdbSO5BAxogRhpFjsNg
2024-02-11T04:01:26.368027+0600 DEBUG UCFTo4WmW6o5vowaSdt5PqDQ
2024-02-11T04:01:26.369900+0600 DEBUG UCs20Z6rr0uw9sNYxgX3Qsig
2024-02-11T04:01:26.371552+0600 DEBUG UC5qUrf6FHfOjLihbML0TaSg
2024-02-11T04:01:26.373495+0600 DEBUG UCRc52fw6mKC0eqRlvEyKP-A
2024-02-11T04:01:26.375196+0600 DEBUG UC2hz5L13-EFe8c1J2jPfp2g
2024-02-11T04:01:26.376639+0600 DEBUG UC7xBjdAdrrmcAvB_nPloQ-w
2024-02-11T04:01:26.378070+0600 INFO Канал UC7xBjdAdrrmcAvB успешно удален из базы
2024-02-11T04:01:26.906939+0600 INFO Запрос списка каналов...
2024-02-11T04:01:26.909449+0600 INFO Количество каналов: 16
2024-02-11T04:06:13.977914+0600 INFO Бот запущен!
2024-02-11T04:06:15.199428+0600 INFO Запрос списка каналов...
2024-02-11T04:06:15.201952+0600 INFO Количество каналов: 16
2024-02-11T04:06:17.761300+0600 DEBUG delete_UC7xBjdAdrrmcAvB_nPloQ-w
2024-02-11T04:06:17.763353+0600 DEBUG [['UCKlVcvjUCU2RpBRw864EDGQ', 'nxooAGi9jU8', 'Sergey Stilov'], ['UCyHZdWBnfVcyd5NdB6JVtDg', 'HtcJQ0z3uDE', 'LuckyStation'], ['UCiyFWXStxJUooYLqD359h-A', 'PKMe3welX98', 'Российская Дрифт Серия RDS'], ['UC6cNlfm0duMdbAdJtPcZ-Ew', 'IkwQVOgk4eo', 'BoostMotors'], ['UCBnJJcpyglvK7IDdNbCFsOQ', 'ZuO-ENfwKLc', 'zaRRubin'], ['UCAirAlopCtOv-s2-xozo40w', 'VD124MThe8A', 'TIME UP Drift Team'], ['UCXRvgQp9y5mtkp2VlWGKrQQ', 'R_itt4yShkM', 'Форвард Авто'], ['UCuuy-iu602Sv8pxi6saqF1Q', 'u2_XD5B9E9U', 'Игорь Озолин'], ['UCUzuvXCzmBqQxo0NP0NdH3A', 'UtPa3gI1Juo', 'CARVILLE RACING DRIFT TEAM'], ['UCOqrcdbSO5BAxogRhpFjsNg', 'g99pKQkwiFY', 'DARKSIDE Xperience'], ['UCFTo4WmW6o5vowaSdt5PqDQ', 'SJLJgljj53M', 'FRESH RACING'], ['UCs20Z6rr0uw9sNYxgX3Qsig', 'B2BslGXxeIg', 'AIMOL Russia'], ['UC5qUrf6FHfOjLihbML0TaSg', 'M-aww1DHy6E', 'Nikita Shikov'], ['UCRc52fw6mKC0eqRlvEyKP-A', '9tURiY_Q8ck', 'BlackDrift - Гоночная команда RDS Europe'], ['UC2hz5L13-EFe8c1J2jPfp2g', 'jBwAez3wIkg', 'VahrushevDRIFT'], ['UC7xBjdAdrrmcAvB_nPloQ-w', 'hwmyW1nNQb8', 'Игора Драйв']]
2024-02-11T04:06:17.773503+0600 INFO Канал UC7xBjdAdrrmcAvB успешно удален из базы
2024-02-11T04:06:17.939179+0600 INFO Запрос списка каналов...
2024-02-11T04:06:17.941317+0600 INFO Количество каналов: 16
2024-02-11T04:06:54.754625+0600 INFO Бот запущен!
2024-02-11T04:06:56.632905+0600 INFO Запрос списка каналов...
2024-02-11T04:06:56.635747+0600 INFO Количество каналов: 16
2024-02-11T04:06:59.597053+0600 DEBUG delete_UC7xBjdAdrrmcAvB_nPloQ-w
2024-02-11T04:06:59.605780+0600 INFO UC7xBjdAdrrmcAvB
2024-02-11T04:06:59.614570+0600 INFO Канал UC7xBjdAdrrmcAvB успешно удален из базы
2024-02-11T04:06:59.802075+0600 INFO Запрос списка каналов...
2024-02-11T04:06:59.807079+0600 INFO Количество каналов: 16
2024-02-11T04:10:17.492251+0600 INFO Бот запущен!
2024-02-11T04:10:19.386951+0600 INFO Запрос списка каналов...
2024-02-11T04:10:19.405314+0600 INFO Количество каналов: 16
2024-02-11T04:10:22.547269+0600 DEBUG delete_UC7xBjdAdrrmcAvB_nPloQ-w
2024-02-11T04:10:22.549461+0600 INFO UC7xBjdAdrrmcAvB_nPloQ-w
2024-02-11T04:10:22.580761+0600 INFO Канал UC7xBjdAdrrmcAvB_nPloQ-w успешно удален из базы
2024-02-11T04:10:23.094362+0600 INFO Запрос списка каналов...
2024-02-11T04:10:23.096924+0600 INFO Количество каналов: 15
2024-02-11T04:10:49.497763+0600 INFO Добавление канала: UC7xBjdAdrrmcAvB_nPloQ-w
2024-02-11T04:10:49.502009+0600 INFO Получение ID канала...
2024-02-11T04:10:49.503606+0600 INFO Проверка на стандартный URL канала ...
2024-02-11T04:10:49.504756+0600 INFO Неизвестный URL. Предпологаемый ID канала: UC7xBjdAdrrmcAvB_nPloQ-w
2024-02-11T04:10:49.515589+0600 INFO Проверка базы...
2024-02-11T04:10:49.517573+0600 INFO Проверка существования канала...
2024-02-11T04:10:49.949551+0600 INFO OK
2024-02-11T04:10:49.951389+0600 INFO Получение имени канала и ID последнего видео ...
2024-02-11T04:10:50.265765+0600 INFO Имя канала: Игора Драйв, ID последнего видео: hwmyW1nNQb8
2024-02-11T04:10:50.267497+0600 INFO Добавление канала: Игора Драйв, UC7xBjdAdrrmcAvB_nPloQ-w
2024-02-11T04:10:50.269625+0600 INFO Канал успешно добавлен в базу
2024-02-11T04:12:07.381168+0600 INFO Бот запущен!
2024-02-11T04:12:11.894011+0600 INFO Запрос списка каналов...
2024-02-11T04:12:11.904183+0600 INFO Количество каналов: 16
2024-02-11T04:12:18.438792+0600 INFO Добавление канала: UC7xBjdAdrrmcAvB_nPloQ-w
2024-02-11T04:12:18.441837+0600 INFO Получение ID канала...
2024-02-11T04:12:18.453774+0600 INFO Неизвестный URL. Предпологаемый ID канала: UC7xBjdAdrrmcAvB_nPloQ-w
2024-02-11T04:12:18.467322+0600 INFO Проверка базы...
2024-02-11T04:12:18.471190+0600 WARNING Канал с ID UC7xBjdAdrrmcAvB_nPloQ-w существует
2024-02-11T04:12:51.954755+0600 INFO Добавление канала: https://www.youtube.com/watch?v=8YZfkyyocPw
2024-02-11T04:12:51.956428+0600 INFO Получение ID канала...
2024-02-11T04:12:51.958368+0600 INFO Неизвестный URL. Предпологаемый ID канала: https://www.youtube.com/watch?v=8YZfkyyocPw
2024-02-11T04:12:51.977714+0600 INFO Проверка базы...
2024-02-11T04:12:51.985662+0600 INFO Проверка существования канала...
2024-02-11T04:12:52.407048+0600 WARNING Канал с ID https://www.youtube.com/watch?v=8YZfkyyocPw не существует или некорректный ID
2024-02-11T15:46:14.227225+0600 INFO Бот запущен!
2024-02-11T15:46:24.235249+0600 INFO запуск check_last_video
2024-02-11T15:46:34.239208+0600 INFO запуск check_last_video
2024-02-11T15:46:44.242979+0600 INFO запуск check_last_video
2024-02-11T15:46:54.246953+0600 INFO запуск check_last_video
2024-02-11T15:47:04.250851+0600 INFO запуск check_last_video
2024-02-11T15:47:14.254834+0600 INFO запуск check_last_video
2024-02-11T15:47:24.258595+0600 INFO запуск check_last_video
2024-02-11T15:47:34.262288+0600 INFO запуск check_last_video
2024-02-11T15:47:44.266003+0600 INFO запуск check_last_video
2024-02-11T15:47:54.269786+0600 INFO запуск check_last_video
2024-02-11T15:48:04.273512+0600 INFO запуск check_last_video
2024-02-11T15:48:14.277440+0600 INFO запуск check_last_video
2024-02-11T15:48:24.281342+0600 INFO запуск check_last_video
2024-02-11T15:50:00.380544+0600 INFO Бот запущен!
2024-02-11T15:50:20.390881+0600 INFO запуск check_last_video
2024-02-11T15:50:50.396659+0600 INFO запуск check_last_video
2024-02-11T15:51:20.402658+0600 INFO запуск check_last_video
2024-02-11T15:51:21.525132+0600 INFO Авторизация...
2024-02-11T15:51:21.527392+0600 INFO Пользователь 581197242 - OK
2024-02-11T15:51:28.757175+0600 INFO Добавление канала: 154665
2024-02-11T15:51:28.763636+0600 INFO Получение ID канала...
2024-02-11T15:51:28.766200+0600 INFO Неизвестный URL. Предпологаемый ID канала: 154665
2024-02-11T15:51:28.768180+0600 INFO Проверка базы...
2024-02-11T15:51:28.773930+0600 INFO Проверка существования канала...
2024-02-11T15:51:29.194505+0600 WARNING Канал с ID 154665 не существует или некорректный ID
2024-02-11T16:16:32.330469+0600 INFO Бот запущен!
2024-02-11T16:17:32.371200+0600 INFO Запуск проверки обновлений видео...
2024-02-11T16:17:32.382305+0600 INFO Проверка канала: Sergey Stilov
2024-02-11T16:17:32.385585+0600 INFO Получение имени канала и ID последнего видео ...
2024-02-11T16:17:33.463319+0600 INFO Имя канала: Sergey Stilov, ID последнего видео: nxooAGi9jU8
2024-02-11T16:17:33.466076+0600 INFO Проверка канала: LuckyStation
2024-02-11T16:17:33.467800+0600 INFO Получение имени канала и ID последнего видео ...
2024-02-11T16:17:33.833332+0600 INFO Имя канала: LuckyStation, ID последнего видео: HtcJQ0z3uDE
2024-02-11T16:17:33.836734+0600 INFO Проверка канала: Российская Дрифт Серия RDS
2024-02-11T16:17:33.838123+0600 INFO Получение имени канала и ID последнего видео ...
2024-02-11T16:17:34.251777+0600 INFO Имя канала: Российская Дрифт Серия RDS, ID последнего видео: PKMe3welX98
2024-02-11T16:17:34.253567+0600 INFO Проверка канала: BoostMotors
2024-02-11T16:17:34.255942+0600 INFO Получение имени канала и ID последнего видео ...
2024-02-11T16:17:34.588410+0600 INFO Имя канала: BoostMotors, ID последнего видео: IkwQVOgk4eo
2024-02-11T16:17:34.589549+0600 INFO Проверка канала: zaRRubin
2024-02-11T16:17:34.590690+0600 INFO Получение имени канала и ID последнего видео ...
2024-02-11T16:17:34.911343+0600 INFO Имя канала: zaRRubin, ID последнего видео: ZuO-ENfwKLc
2024-02-11T16:17:34.914909+0600 INFO Проверка канала: TIME UP Drift Team
2024-02-11T16:17:34.917447+0600 INFO Получение имени канала и ID последнего видео ...
2024-02-11T16:17:35.245468+0600 INFO Имя канала: TIME UP Drift Team, ID последнего видео: VD124MThe8A
2024-02-11T16:17:35.249109+0600 INFO Проверка канала: Форвард Авто
2024-02-11T16:17:35.252912+0600 INFO Получение имени канала и ID последнего видео ...
2024-02-11T16:17:35.542606+0600 INFO Имя канала: Форвард Авто, ID последнего видео: R_itt4yShkM
2024-02-11T16:17:35.544744+0600 INFO Проверка канала: Игорь Озолин
2024-02-11T16:17:35.547092+0600 INFO Получение имени канала и ID последнего видео ...
2024-02-11T16:17:35.850659+0600 INFO Имя канала: Игорь Озолин, ID последнего видео: u2_XD5B9E9U
2024-02-11T16:17:35.853066+0600 INFO Проверка канала: CARVILLE RACING DRIFT TEAM
2024-02-11T16:17:35.855096+0600 INFO Получение имени канала и ID последнего видео ...
2024-02-11T16:17:36.195739+0600 INFO Имя канала: CARVILLE RACING DRIFT TEAM, ID последнего видео: UtPa3gI1Juo
2024-02-11T16:17:36.198915+0600 INFO Проверка канала: DARKSIDE Xperience
2024-02-11T16:17:36.201945+0600 INFO Получение имени канала и ID последнего видео ...
2024-02-11T16:17:36.485055+0600 INFO Имя канала: DARKSIDE Xperience, ID последнего видео: g99pKQkwiFY
2024-02-11T16:17:36.487256+0600 INFO Проверка канала: FRESH RACING
2024-02-11T16:17:36.490048+0600 INFO Получение имени канала и ID последнего видео ...
2024-02-11T16:17:36.821777+0600 INFO Имя канала: FRESH RACING, ID последнего видео: SJLJgljj53M
2024-02-11T16:17:36.825433+0600 INFO Проверка канала: AIMOL Russia
2024-02-11T16:17:36.827450+0600 INFO Получение имени канала и ID последнего видео ...
2024-02-11T16:17:37.152757+0600 INFO Имя канала: AIMOL Russia, ID последнего видео: B2BslGXxeIg
2024-02-11T16:17:37.164710+0600 INFO Проверка канала: Nikita Shikov
2024-02-11T16:17:37.180448+0600 INFO Получение имени канала и ID последнего видео ...
2024-02-11T16:17:37.492456+0600 INFO Имя канала: Nikita Shikov, ID последнего видео: M-aww1DHy6E
2024-02-11T16:17:37.493909+0600 INFO Проверка канала: BlackDrift - Гоночная команда RDS Europe
2024-02-11T16:17:37.495688+0600 INFO Получение имени канала и ID последнего видео ...
2024-02-11T16:17:37.827880+0600 INFO Имя канала: BlackDrift - Гоночная команда RDS Europe, ID последнего видео: 9tURiY_Q8ck
2024-02-11T16:17:37.831715+0600 INFO Проверка канала: VahrushevDRIFT
2024-02-11T16:17:37.835361+0600 INFO Получение имени канала и ID последнего видео ...
2024-02-11T16:17:38.163498+0600 INFO Имя канала: VahrushevDRIFT, ID последнего видео: jBwAez3wIkg
2024-02-11T16:17:38.165297+0600 INFO Проверка канала: Игора Драйв
2024-02-11T16:17:38.168091+0600 INFO Получение имени канала и ID последнего видео ...
2024-02-11T16:17:38.490325+0600 INFO Имя канала: Игора Драйв, ID последнего видео: hwmyW1nNQb8
2024-02-11T16:18:38.512275+0600 INFO Запуск проверки обновлений видео...
2024-02-11T16:18:38.514583+0600 INFO Проверка канала: Sergey Stilov
2024-02-11T16:18:38.517410+0600 INFO Получение имени канала и ID последнего видео ...
2024-02-11T16:18:38.934337+0600 INFO Имя канала: Sergey Stilov, ID последнего видео: nxooAGi9jU8
2024-02-11T16:18:38.936072+0600 INFO Проверка канала: LuckyStation
2024-02-11T16:18:38.937664+0600 INFO Получение имени канала и ID последнего видео ...
2024-02-11T16:18:39.225658+0600 INFO Имя канала: LuckyStation, ID последнего видео: HtcJQ0z3uDE
2024-02-11T16:18:39.228037+0600 INFO Проверка канала: Российская Дрифт Серия RDS
2024-02-11T16:18:39.230403+0600 INFO Получение имени канала и ID последнего видео ...
2024-02-11T16:18:39.525986+0600 INFO Имя канала: Российская Дрифт Серия RDS, ID последнего видео: PKMe3welX98
2024-02-11T16:18:39.527704+0600 INFO Проверка канала: BoostMotors
2024-02-11T16:18:39.530006+0600 INFO Получение имени канала и ID последнего видео ...
2024-02-11T16:18:39.828940+0600 INFO Имя канала: BoostMotors, ID последнего видео: IkwQVOgk4eo
2024-02-11T16:18:39.836043+0600 INFO Проверка канала: zaRRubin
2024-02-11T16:18:39.837246+0600 INFO Получение имени канала и ID последнего видео ...
2024-02-11T16:18:40.115306+0600 INFO Имя канала: zaRRubin, ID последнего видео: ZuO-ENfwKLc
2024-02-11T16:18:40.116768+0600 INFO Проверка канала: TIME UP Drift Team
2024-02-11T16:18:40.118332+0600 INFO Получение имени канала и ID последнего видео ...
2024-02-11T16:18:40.399851+0600 INFO Имя канала: TIME UP Drift Team, ID последнего видео: VD124MThe8A
2024-02-11T16:18:40.401514+0600 INFO Проверка канала: Форвард Авто
2024-02-11T16:18:40.403124+0600 INFO Получение имени канала и ID последнего видео ...
2024-02-11T16:18:40.690652+0600 INFO Имя канала: Форвард Авто, ID последнего видео: R_itt4yShkM
2024-02-11T16:18:40.693035+0600 INFO Проверка канала: Игорь Озолин
2024-02-11T16:18:40.695375+0600 INFO Получение имени канала и ID последнего видео ...
2024-02-11T16:18:40.999344+0600 INFO Имя канала: Игорь Озолин, ID последнего видео: u2_XD5B9E9U
2024-02-11T16:18:41.001037+0600 INFO Проверка канала: CARVILLE RACING DRIFT TEAM
2024-02-11T16:18:41.002799+0600 INFO Получение имени канала и ID последнего видео ...
2024-02-11T16:18:41.284903+0600 INFO Имя канала: CARVILLE RACING DRIFT TEAM, ID последнего видео: UtPa3gI1Juo
2024-02-11T16:18:41.286595+0600 INFO Проверка канала: DARKSIDE Xperience
2024-02-11T16:18:41.288400+0600 INFO Получение имени канала и ID последнего видео ...
2024-02-11T16:18:41.574415+0600 INFO Имя канала: DARKSIDE Xperience, ID последнего видео: g99pKQkwiFY
2024-02-11T16:18:41.575803+0600 INFO Проверка канала: FRESH RACING
2024-02-11T16:18:41.577118+0600 INFO Получение имени канала и ID последнего видео ...
2024-02-11T16:18:41.871451+0600 INFO Имя канала: FRESH RACING, ID последнего видео: SJLJgljj53M
2024-02-11T16:18:41.873665+0600 INFO Проверка канала: AIMOL Russia
2024-02-11T16:18:41.876061+0600 INFO Получение имени канала и ID последнего видео ...
2024-02-11T16:18:42.164590+0600 INFO Имя канала: AIMOL Russia, ID последнего видео: B2BslGXxeIg
2024-02-11T16:18:42.166297+0600 INFO Проверка канала: Nikita Shikov
2024-02-11T16:18:42.167982+0600 INFO Получение имени канала и ID последнего видео ...
2024-02-11T16:18:42.446646+0600 INFO Имя канала: Nikita Shikov, ID последнего видео: M-aww1DHy6E
2024-02-11T16:18:42.448376+0600 INFO Проверка канала: BlackDrift - Гоночная команда RDS Europe
2024-02-11T16:18:42.450094+0600 INFO Получение имени канала и ID последнего видео ...
2024-02-11T16:18:42.745477+0600 INFO Имя канала: BlackDrift - Гоночная команда RDS Europe, ID последнего видео: 9tURiY_Q8ck
2024-02-11T16:18:42.747295+0600 INFO Проверка канала: VahrushevDRIFT
2024-02-11T16:18:42.749032+0600 INFO Получение имени канала и ID последнего видео ...
2024-02-11T16:18:43.035022+0600 INFO Имя канала: VahrushevDRIFT, ID последнего видео: jBwAez3wIkg
2024-02-11T16:18:43.037433+0600 INFO Проверка канала: Игора Драйв
2024-02-11T16:18:43.039837+0600 INFO Получение имени канала и ID последнего видео ...
2024-02-11T16:18:43.327053+0600 INFO Имя канала: Игора Драйв, ID последнего видео: hwmyW1nNQb8
2024-02-11T16:18:43.328728+0600 INFO Новый видео: hwmyW1nNQb8
2024-02-11T16:18:43.330631+0600 INFO Отправка нового видео: Игора Драйв - hwmyW1nNQb8
2024-02-11T16:22:38.580200+0600 INFO Бот запущен!
2024-02-11T16:23:38.614300+0600 INFO Запуск проверки обновлений видео...
2024-02-11T16:23:38.616860+0600 INFO Проверка канала: Sergey Stilov
2024-02-11T16:23:38.620338+0600 INFO Получение имени канала и ID последнего видео ...
2024-02-11T16:23:39.413831+0600 INFO Имя канала: Sergey Stilov, ID последнего видео: nxooAGi9jU8
2024-02-11T16:23:39.415571+0600 INFO Проверка канала: LuckyStation
2024-02-11T16:23:39.417151+0600 INFO Получение имени канала и ID последнего видео ...
2024-02-11T16:23:39.768453+0600 INFO Имя канала: LuckyStation, ID последнего видео: HtcJQ0z3uDE
2024-02-11T16:23:39.770418+0600 INFO Проверка канала: Российская Дрифт Серия RDS
2024-02-11T16:23:39.773236+0600 INFO Получение имени канала и ID последнего видео ...
2024-02-11T16:23:40.081239+0600 INFO Имя канала: Российская Дрифт Серия RDS, ID последнего видео: PKMe3welX98
2024-02-11T16:23:40.083744+0600 INFO Проверка канала: BoostMotors
2024-02-11T16:23:40.085135+0600 INFO Получение имени канала и ID последнего видео ...
2024-02-11T16:23:40.388139+0600 INFO Имя канала: BoostMotors, ID последнего видео: IkwQVOgk4eo
2024-02-11T16:23:40.389271+0600 INFO Проверка канала: zaRRubin
2024-02-11T16:23:40.390399+0600 INFO Получение имени канала и ID последнего видео ...
2024-02-11T16:23:40.744538+0600 INFO Имя канала: zaRRubin, ID последнего видео: ZuO-ENfwKLc
2024-02-11T16:23:40.746239+0600 INFO Проверка канала: TIME UP Drift Team
2024-02-11T16:23:40.747843+0600 INFO Получение имени канала и ID последнего видео ...
2024-02-11T16:23:41.050921+0600 INFO Имя канала: TIME UP Drift Team, ID последнего видео: VD124MThe8A
2024-02-11T16:23:41.052921+0600 INFO Проверка канала: Форвард Авто
2024-02-11T16:23:41.054695+0600 INFO Получение имени канала и ID последнего видео ...
2024-02-11T16:23:41.350362+0600 INFO Имя канала: Форвард Авто, ID последнего видео: R_itt4yShkM
2024-02-11T16:23:41.352091+0600 INFO Проверка канала: Игорь Озолин
2024-02-11T16:23:41.353833+0600 INFO Получение имени канала и ID последнего видео ...
2024-02-11T16:23:41.661816+0600 INFO Имя канала: Игорь Озолин, ID последнего видео: u2_XD5B9E9U
2024-02-11T16:23:41.663764+0600 INFO Проверка канала: CARVILLE RACING DRIFT TEAM
2024-02-11T16:23:41.664917+0600 INFO Получение имени канала и ID последнего видео ...
2024-02-11T16:23:42.017051+0600 INFO Имя канала: CARVILLE RACING DRIFT TEAM, ID последнего видео: UtPa3gI1Juo
2024-02-11T16:23:42.019352+0600 INFO Проверка канала: DARKSIDE Xperience
2024-02-11T16:23:42.021364+0600 INFO Получение имени канала и ID последнего видео ...
2024-02-11T16:23:42.321231+0600 INFO Имя канала: DARKSIDE Xperience, ID последнего видео: g99pKQkwiFY
2024-02-11T16:23:42.323096+0600 INFO Проверка канала: FRESH RACING
2024-02-11T16:23:42.326394+0600 INFO Получение имени канала и ID последнего видео ...
2024-02-11T16:23:42.621766+0600 INFO Имя канала: FRESH RACING, ID последнего видео: SJLJgljj53M
2024-02-11T16:23:42.623417+0600 INFO Проверка канала: AIMOL Russia
2024-02-11T16:23:42.626006+0600 INFO Получение имени канала и ID последнего видео ...
2024-02-11T16:23:42.952774+0600 INFO Имя канала: AIMOL Russia, ID последнего видео: B2BslGXxeIg
2024-02-11T16:23:42.954822+0600 INFO Проверка канала: Nikita Shikov
2024-02-11T16:23:42.956662+0600 INFO Получение имени канала и ID последнего видео ...
2024-02-11T16:23:43.264364+0600 INFO Имя канала: Nikita Shikov, ID последнего видео: M-aww1DHy6E
2024-02-11T16:23:43.266238+0600 INFO Проверка канала: BlackDrift - Гоночная команда RDS Europe
2024-02-11T16:23:43.268122+0600 INFO Получение имени канала и ID последнего видео ...
2024-02-11T16:23:43.559913+0600 INFO Имя канала: BlackDrift - Гоночная команда RDS Europe, ID последнего видео: 9tURiY_Q8ck
2024-02-11T16:23:43.562041+0600 INFO Проверка канала: VahrushevDRIFT
2024-02-11T16:23:43.564376+0600 INFO Получение имени канала и ID последнего видео ...
2024-02-11T16:23:43.884584+0600 INFO Имя канала: VahrushevDRIFT, ID последнего видео: jBwAez3wIkg
2024-02-11T16:23:43.886920+0600 INFO Проверка канала: Игора Драйв
2024-02-11T16:23:43.888452+0600 INFO Получение имени канала и ID последнего видео ...
2024-02-11T16:23:44.188001+0600 INFO Имя канала: Игора Драйв, ID последнего видео: hwmyW1nNQb8
2024-02-11T16:23:44.191190+0600 INFO Новый видео: hwmyW1nNQb8
2024-02-11T16:23:44.198311+0600 INFO Отправка нового видео: Игора Драйв - hwmyW1nNQb8
2024-02-11T16:23:44.797267+0600 INFO Канал Игора Драйв успешно обновлен
2024-02-11T16:28:38.107104+0600 INFO Бот запущен!
2024-02-11T16:29:38.140226+0600 INFO Запуск проверки обновлений видео...
2024-02-11T16:29:38.142853+0600 INFO Проверка канала: Sergey Stilov
2024-02-11T16:29:38.144874+0600 INFO Получение имени канала и ID последнего видео ...
2024-02-11T16:29:38.927025+0600 INFO Имя канала: Sergey Stilov, ID последнего видео: nxooAGi9jU8
2024-02-11T16:29:38.928529+0600 INFO Проверка канала: LuckyStation
2024-02-11T16:29:38.931032+0600 INFO Получение имени канала и ID последнего видео ...
2024-02-11T16:29:39.269361+0600 INFO Имя канала: LuckyStation, ID последнего видео: HtcJQ0z3uDE
2024-02-11T16:29:39.271348+0600 INFO Проверка канала: Российская Дрифт Серия RDS
2024-02-11T16:29:39.273885+0600 INFO Получение имени канала и ID последнего видео ...
2024-02-11T16:29:39.575585+0600 INFO Имя канала: Российская Дрифт Серия RDS, ID последнего видео: PKMe3welX98
2024-02-11T16:29:39.577284+0600 INFO Проверка канала: BoostMotors
2024-02-11T16:29:39.578929+0600 INFO Получение имени канала и ID последнего видео ...
2024-02-11T16:29:39.900161+0600 INFO Имя канала: BoostMotors, ID последнего видео: IkwQVOgk4eo
2024-02-11T16:29:39.903073+0600 INFO Проверка канала: zaRRubin
2024-02-11T16:29:39.904984+0600 INFO Получение имени канала и ID последнего видео ...
2024-02-11T16:29:40.242999+0600 INFO Имя канала: zaRRubin, ID последнего видео: ZuO-ENfwKLc
2024-02-11T16:29:40.245335+0600 INFO Проверка канала: TIME UP Drift Team
2024-02-11T16:29:40.247521+0600 INFO Получение имени канала и ID последнего видео ...
2024-02-11T16:29:40.552973+0600 INFO Имя канала: TIME UP Drift Team, ID последнего видео: VD124MThe8A
2024-02-11T16:29:40.554683+0600 INFO Проверка канала: Форвард Авто
2024-02-11T16:29:40.556221+0600 INFO Получение имени канала и ID последнего видео ...
2024-02-11T16:29:40.859480+0600 INFO Имя канала: Форвард Авто, ID последнего видео: R_itt4yShkM
2024-02-11T16:29:40.861648+0600 INFO Проверка канала: Игорь Озолин
2024-02-11T16:29:40.863589+0600 INFO Получение имени канала и ID последнего видео ...
2024-02-11T16:29:41.165377+0600 INFO Имя канала: Игорь Озолин, ID последнего видео: u2_XD5B9E9U
2024-02-11T16:29:41.167057+0600 INFO Проверка канала: CARVILLE RACING DRIFT TEAM
2024-02-11T16:29:41.168620+0600 INFO Получение имени канала и ID последнего видео ...
2024-02-11T16:29:41.502322+0600 INFO Имя канала: CARVILLE RACING DRIFT TEAM, ID последнего видео: UtPa3gI1Juo
2024-02-11T16:29:41.504010+0600 INFO Проверка канала: DARKSIDE Xperience
2024-02-11T16:29:41.506009+0600 INFO Получение имени канала и ID последнего видео ...
2024-02-11T16:29:41.841660+0600 INFO Имя канала: DARKSIDE Xperience, ID последнего видео: g99pKQkwiFY
2024-02-11T16:29:41.843770+0600 INFO Проверка канала: FRESH RACING
2024-02-11T16:29:41.845449+0600 INFO Получение имени канала и ID последнего видео ...
2024-02-11T16:29:42.163936+0600 INFO Имя канала: FRESH RACING, ID последнего видео: SJLJgljj53M
2024-02-11T16:29:42.165583+0600 INFO Проверка канала: AIMOL Russia
2024-02-11T16:29:42.167850+0600 INFO Получение имени канала и ID последнего видео ...
2024-02-11T16:29:42.496994+0600 INFO Имя канала: AIMOL Russia, ID последнего видео: B2BslGXxeIg
2024-02-11T16:29:42.499559+0600 INFO Проверка канала: Nikita Shikov
2024-02-11T16:29:42.501740+0600 INFO Получение имени канала и ID последнего видео ...
2024-02-11T16:29:42.801596+0600 INFO Имя канала: Nikita Shikov, ID последнего видео: M-aww1DHy6E
2024-02-11T16:29:42.803384+0600 INFO Проверка канала: BlackDrift - Гоночная команда RDS Europe
2024-02-11T16:29:42.806194+0600 INFO Получение имени канала и ID последнего видео ...
2024-02-11T16:29:43.113361+0600 INFO Имя канала: BlackDrift - Гоночная команда RDS Europe, ID последнего видео: 9tURiY_Q8ck
2024-02-11T16:29:43.115075+0600 INFO Проверка канала: VahrushevDRIFT
2024-02-11T16:29:43.116928+0600 INFO Получение имени канала и ID последнего видео ...
2024-02-11T16:29:43.438442+0600 INFO Имя канала: VahrushevDRIFT, ID последнего видео: jBwAez3wIkg
2024-02-11T16:29:43.440129+0600 INFO Проверка канала: Игора Драйв
2024-02-11T16:29:43.441770+0600 INFO Получение имени канала и ID последнего видео ...
2024-02-11T16:29:43.747227+0600 INFO Имя канала: Игора Драйв, ID последнего видео: hwmyW1nNQb8
2024-02-11T16:29:43.748905+0600 INFO Новый видео: hwmyW1nNQb8
2024-02-11T16:29:43.751040+0600 INFO Отправка нового видео: Игора Драйв - hwmyW1nNQb8
2024-02-11T16:29:44.487886+0600 INFO Канал Игора Драйв успешно обновлен
2024-02-11T16:30:44.509458+0600 INFO Запуск проверки обновлений видео...
2024-02-11T16:30:44.511729+0600 INFO Проверка канала: Sergey Stilov
2024-02-11T16:30:44.515358+0600 INFO Получение имени канала и ID последнего видео ...
2024-02-11T16:30:44.836581+0600 INFO Имя канала: Sergey Stilov, ID последнего видео: nxooAGi9jU8
2024-02-11T16:30:44.847349+0600 INFO Проверка канала: LuckyStation
2024-02-11T16:30:44.852120+0600 INFO Получение имени канала и ID последнего видео ...
2024-02-11T16:30:45.163705+0600 INFO Имя канала: LuckyStation, ID последнего видео: HtcJQ0z3uDE
2024-02-11T16:30:45.165899+0600 INFO Проверка канала: Российская Дрифт Серия RDS
2024-02-11T16:30:45.168146+0600 INFO Получение имени канала и ID последнего видео ...
2024-02-11T16:30:45.467300+0600 INFO Имя канала: Российская Дрифт Серия RDS, ID последнего видео: PKMe3welX98
2024-02-11T16:30:45.468968+0600 INFO Проверка канала: BoostMotors
2024-02-11T16:30:45.471356+0600 INFO Получение имени канала и ID последнего видео ...
2024-02-11T16:30:45.762340+0600 INFO Имя канала: BoostMotors, ID последнего видео: IkwQVOgk4eo
2024-02-11T16:30:45.764045+0600 INFO Проверка канала: zaRRubin
2024-02-11T16:30:45.765895+0600 INFO Получение имени канала и ID последнего видео ...
2024-02-11T16:30:46.064082+0600 INFO Имя канала: zaRRubin, ID последнего видео: ZuO-ENfwKLc
2024-02-11T16:30:46.066419+0600 INFO Проверка канала: TIME UP Drift Team
2024-02-11T16:30:46.068488+0600 INFO Получение имени канала и ID последнего видео ...
2024-02-11T16:30:46.383363+0600 INFO Имя канала: TIME UP Drift Team, ID последнего видео: VD124MThe8A
2024-02-11T16:30:46.385439+0600 INFO Проверка канала: Форвард Авто
2024-02-11T16:30:46.387176+0600 INFO Получение имени канала и ID последнего видео ...
2024-02-11T16:30:46.695144+0600 INFO Имя канала: Форвард Авто, ID последнего видео: R_itt4yShkM
2024-02-11T16:30:46.697445+0600 INFO Проверка канала: Игорь Озолин
2024-02-11T16:30:46.699412+0600 INFO Получение имени канала и ID последнего видео ...
2024-02-11T16:30:47.016126+0600 INFO Имя канала: Игорь Озолин, ID последнего видео: u2_XD5B9E9U
2024-02-11T16:30:47.018557+0600 INFO Проверка канала: CARVILLE RACING DRIFT TEAM
2024-02-11T16:30:47.026474+0600 INFO Получение имени канала и ID последнего видео ...
2024-02-11T16:30:47.323765+0600 INFO Имя канала: CARVILLE RACING DRIFT TEAM, ID последнего видео: UtPa3gI1Juo
2024-02-11T16:30:47.325452+0600 INFO Проверка канала: DARKSIDE Xperience
2024-02-11T16:30:47.327168+0600 INFO Получение имени канала и ID последнего видео ...
2024-02-11T16:30:47.770793+0600 INFO Имя канала: DARKSIDE Xperience, ID последнего видео: g99pKQkwiFY
2024-02-11T16:30:47.773164+0600 INFO Проверка канала: FRESH RACING
2024-02-11T16:30:47.775297+0600 INFO Получение имени канала и ID последнего видео ...
2024-02-11T16:30:48.911230+0600 INFO Имя канала: FRESH RACING, ID последнего видео: SJLJgljj53M
2024-02-11T16:30:48.912944+0600 INFO Проверка канала: AIMOL Russia
2024-02-11T16:30:48.915564+0600 INFO Получение имени канала и ID последнего видео ...
2024-02-11T16:30:49.256007+0600 INFO Имя канала: AIMOL Russia, ID последнего видео: B2BslGXxeIg
2024-02-11T16:30:49.258386+0600 INFO Проверка канала: Nikita Shikov
2024-02-11T16:30:49.260529+0600 INFO Получение имени канала и ID последнего видео ...
2024-02-11T16:30:49.581407+0600 INFO Имя канала: Nikita Shikov, ID последнего видео: M-aww1DHy6E
2024-02-11T16:30:49.583166+0600 INFO Проверка канала: BlackDrift - Гоночная команда RDS Europe
2024-02-11T16:30:49.584754+0600 INFO Получение имени канала и ID последнего видео ...
2024-02-11T16:30:49.944509+0600 INFO Имя канала: BlackDrift - Гоночная команда RDS Europe, ID последнего видео: 9tURiY_Q8ck
2024-02-11T16:30:49.946933+0600 INFO Проверка канала: VahrushevDRIFT
2024-02-11T16:30:49.949077+0600 INFO Получение имени канала и ID последнего видео ...
2024-02-11T16:30:50.284282+0600 INFO Имя канала: VahrushevDRIFT, ID последнего видео: jBwAez3wIkg
2024-02-11T16:30:50.286463+0600 INFO Проверка канала: Игора Драйв
2024-02-11T16:30:50.288534+0600 INFO Получение имени канала и ID последнего видео ...
2024-02-11T16:30:50.617432+0600 INFO Имя канала: Игора Драйв, ID последнего видео: hwmyW1nNQb8
2024-02-11T16:31:50.640096+0600 INFO Запуск проверки обновлений видео...
2024-02-11T16:31:50.642391+0600 INFO Проверка канала: Sergey Stilov
2024-02-11T16:31:50.644095+0600 INFO Получение имени канала и ID последнего видео ...
2024-02-11T16:31:50.956740+0600 INFO Имя канала: Sergey Stilov, ID последнего видео: nxooAGi9jU8
2024-02-11T16:31:50.958440+0600 INFO Проверка канала: LuckyStation
2024-02-11T16:31:50.959999+0600 INFO Получение имени канала и ID последнего видео ...
2024-02-11T16:31:51.266646+0600 INFO Имя канала: LuckyStation, ID последнего видео: HtcJQ0z3uDE
2024-02-11T16:31:51.268336+0600 INFO Проверка канала: Российская Дрифт Серия RDS
2024-02-11T16:31:51.270576+0600 INFO Получение имени канала и ID последнего видео ...
2024-02-11T16:31:51.608256+0600 INFO Имя канала: Российская Дрифт Серия RDS, ID последнего видео: PKMe3welX98
2024-02-11T16:31:51.610659+0600 INFO Проверка канала: BoostMotors
2024-02-11T16:31:51.612814+0600 INFO Получение имени канала и ID последнего видео ...
2024-02-11T16:31:51.949463+0600 INFO Имя канала: BoostMotors, ID последнего видео: IkwQVOgk4eo
2024-02-11T16:31:51.951206+0600 INFO Проверка канала: zaRRubin
2024-02-11T16:31:51.952889+0600 INFO Получение имени канала и ID последнего видео ...
2024-02-11T16:31:52.270972+0600 INFO Имя канала: zaRRubin, ID последнего видео: ZuO-ENfwKLc
2024-02-11T16:31:52.272663+0600 INFO Проверка канала: TIME UP Drift Team
2024-02-11T16:31:52.274654+0600 INFO Получение имени канала и ID последнего видео ...
2024-02-11T16:31:52.588331+0600 INFO Имя канала: TIME UP Drift Team, ID последнего видео: VD124MThe8A
2024-02-11T16:31:52.590083+0600 INFO Проверка канала: Форвард Авто
2024-02-11T16:31:52.592048+0600 INFO Получение имени канала и ID последнего видео ...
2024-02-11T16:31:52.914499+0600 INFO Имя канала: Форвард Авто, ID последнего видео: R_itt4yShkM
2024-02-11T16:31:52.916589+0600 INFO Проверка канала: Игорь Озолин
2024-02-11T16:31:52.918358+0600 INFO Получение имени канала и ID последнего видео ...
2024-02-11T16:31:53.240076+0600 INFO Имя канала: Игорь Озолин, ID последнего видео: u2_XD5B9E9U
2024-02-11T16:31:53.241808+0600 INFO Проверка канала: CARVILLE RACING DRIFT TEAM
2024-02-11T16:31:53.243530+0600 INFO Получение имени канала и ID последнего видео ...
2024-02-11T16:31:53.560122+0600 INFO Имя канала: CARVILLE RACING DRIFT TEAM, ID последнего видео: UtPa3gI1Juo
2024-02-11T16:31:53.561842+0600 INFO Проверка канала: DARKSIDE Xperience
2024-02-11T16:31:53.563895+0600 INFO Получение имени канала и ID последнего видео ...
2024-02-11T16:31:53.878639+0600 INFO Имя канала: DARKSIDE Xperience, ID последнего видео: g99pKQkwiFY
2024-02-11T16:31:53.880965+0600 INFO Проверка канала: FRESH RACING
2024-02-11T16:31:53.882864+0600 INFO Получение имени канала и ID последнего видео ...
2024-02-11T16:31:54.223021+0600 INFO Имя канала: FRESH RACING, ID последнего видео: SJLJgljj53M
2024-02-11T16:31:54.225144+0600 INFO Проверка канала: AIMOL Russia
2024-02-11T16:31:54.226670+0600 INFO Получение имени канала и ID последнего видео ...
2024-02-11T16:31:54.561140+0600 INFO Имя канала: AIMOL Russia, ID последнего видео: B2BslGXxeIg
2024-02-11T16:31:54.562913+0600 INFO Проверка канала: Nikita Shikov
2024-02-11T16:31:54.564471+0600 INFO Получение имени канала и ID последнего видео ...
2024-02-11T16:31:54.938176+0600 INFO Имя канала: Nikita Shikov, ID последнего видео: M-aww1DHy6E
2024-02-11T16:31:54.939885+0600 INFO Проверка канала: BlackDrift - Гоночная команда RDS Europe
2024-02-11T16:31:54.941978+0600 INFO Получение имени канала и ID последнего видео ...
2024-02-11T16:31:55.372170+0600 INFO Имя канала: BlackDrift - Гоночная команда RDS Europe, ID последнего видео: 9tURiY_Q8ck
2024-02-11T16:31:55.373903+0600 INFO Проверка канала: VahrushevDRIFT
2024-02-11T16:31:55.375979+0600 INFO Получение имени канала и ID последнего видео ...
2024-02-11T16:31:55.743873+0600 INFO Имя канала: VahrushevDRIFT, ID последнего видео: jBwAez3wIkg
2024-02-11T16:31:55.745555+0600 INFO Проверка канала: Игора Драйв
2024-02-11T16:31:55.747436+0600 INFO Получение имени канала и ID последнего видео ...
2024-02-11T16:31:56.173746+0600 INFO Имя канала: Игора Драйв, ID последнего видео: hwmyW1nNQb8
2024-02-11T16:32:56.196730+0600 INFO Запуск проверки обновлений видео...
2024-02-11T16:32:56.199075+0600 INFO Проверка канала: Sergey Stilov
2024-02-11T16:32:56.201391+0600 INFO Получение имени канала и ID последнего видео ...
2024-02-11T16:32:56.553701+0600 INFO Имя канала: Sergey Stilov, ID последнего видео: nxooAGi9jU8
2024-02-11T16:32:56.555760+0600 INFO Проверка канала: LuckyStation
2024-02-11T16:32:56.557550+0600 INFO Получение имени канала и ID последнего видео ...
2024-02-11T16:32:56.875424+0600 INFO Имя канала: LuckyStation, ID последнего видео: HtcJQ0z3uDE
2024-02-11T16:32:56.877110+0600 INFO Проверка канала: Российская Дрифт Серия RDS
2024-02-11T16:32:56.878712+0600 INFO Получение имени канала и ID последнего видео ...
2024-02-11T16:32:57.251946+0600 INFO Имя канала: Российская Дрифт Серия RDS, ID последнего видео: PKMe3welX98
2024-02-11T16:32:57.255137+0600 INFO Проверка канала: BoostMotors
2024-02-11T16:32:57.257810+0600 INFO Получение имени канала и ID последнего видео ...
2024-02-11T16:32:57.600986+0600 INFO Имя канала: BoostMotors, ID последнего видео: IkwQVOgk4eo
2024-02-11T16:32:57.602684+0600 INFO Проверка канала: zaRRubin
2024-02-11T16:32:57.604209+0600 INFO Получение имени канала и ID последнего видео ...
2024-02-11T16:32:57.942615+0600 INFO Имя канала: zaRRubin, ID последнего видео: ZuO-ENfwKLc
2024-02-11T16:32:57.944302+0600 INFO Проверка канала: TIME UP Drift Team
2024-02-11T16:32:57.946003+0600 INFO Получение имени канала и ID последнего видео ...
2024-02-11T16:32:58.251931+0600 INFO Имя канала: TIME UP Drift Team, ID последнего видео: VD124MThe8A
2024-02-11T16:32:58.253660+0600 INFO Проверка канала: Форвард Авто
2024-02-11T16:32:58.255403+0600 INFO Получение имени канала и ID последнего видео ...
2024-02-11T16:32:58.582542+0600 INFO Имя канала: Форвард Авто, ID последнего видео: R_itt4yShkM
2024-02-11T16:32:58.584213+0600 INFO Проверка канала: Игорь Озолин
2024-02-11T16:32:58.585788+0600 INFO Получение имени канала и ID последнего видео ...
2024-02-11T16:32:58.886864+0600 INFO Имя канала: Игорь Озолин, ID последнего видео: u2_XD5B9E9U
2024-02-11T16:32:58.888118+0600 INFO Проверка канала: CARVILLE RACING DRIFT TEAM
2024-02-11T16:32:58.889768+0600 INFO Получение имени канала и ID последнего видео ...
2024-02-11T16:32:59.201970+0600 INFO Имя канала: CARVILLE RACING DRIFT TEAM, ID последнего видео: UtPa3gI1Juo
2024-02-11T16:32:59.204291+0600 INFO Проверка канала: DARKSIDE Xperience
2024-02-11T16:32:59.206565+0600 INFO Получение имени канала и ID последнего видео ...
2024-02-11T16:32:59.545500+0600 INFO Имя канала: DARKSIDE Xperience, ID последнего видео: g99pKQkwiFY
2024-02-11T16:32:59.547359+0600 INFO Проверка канала: FRESH RACING
2024-02-11T16:32:59.549354+0600 INFO Получение имени канала и ID последнего видео ...
2024-02-11T16:32:59.897096+0600 INFO Имя канала: FRESH RACING, ID последнего видео: SJLJgljj53M
2024-02-11T16:32:59.898875+0600 INFO Проверка канала: AIMOL Russia
2024-02-11T16:32:59.900657+0600 INFO Получение имени канала и ID последнего видео ...
2024-02-11T16:33:00.211785+0600 INFO Имя канала: AIMOL Russia, ID последнего видео: B2BslGXxeIg
2024-02-11T16:33:00.214381+0600 INFO Проверка канала: Nikita Shikov
2024-02-11T16:33:00.219684+0600 INFO Получение имени канала и ID последнего видео ...
2024-02-11T16:33:00.535143+0600 INFO Имя канала: Nikita Shikov, ID последнего видео: M-aww1DHy6E
2024-02-11T16:33:00.537568+0600 INFO Проверка канала: BlackDrift - Гоночная команда RDS Europe
2024-02-11T16:33:00.539441+0600 INFO Получение имени канала и ID последнего видео ...
2024-02-11T16:33:00.859035+0600 INFO Имя канала: BlackDrift - Гоночная команда RDS Europe, ID последнего видео: 9tURiY_Q8ck
2024-02-11T16:33:00.860753+0600 INFO Проверка канала: VahrushevDRIFT
2024-02-11T16:33:00.862428+0600 INFO Получение имени канала и ID последнего видео ...
2024-02-11T16:33:01.157052+0600 INFO Имя канала: VahrushevDRIFT, ID последнего видео: jBwAez3wIkg
2024-02-11T16:33:01.158524+0600 INFO Проверка канала: Игора Драйв
2024-02-11T16:33:01.159786+0600 INFO Получение имени канала и ID последнего видео ...
2024-02-11T16:33:01.486237+0600 INFO Имя канала: Игора Драйв, ID последнего видео: hwmyW1nNQb8
2024-02-11T16:34:01.508977+0600 INFO Запуск проверки обновлений видео...
2024-02-11T16:34:01.511306+0600 INFO Проверка канала: Sergey Stilov
2024-02-11T16:34:01.513038+0600 INFO Получение имени канала и ID последнего видео ...
2024-02-11T16:34:01.885357+0600 INFO Имя канала: Sergey Stilov, ID последнего видео: nxooAGi9jU8
2024-02-11T16:34:01.887120+0600 INFO Проверка канала: LuckyStation
2024-02-11T16:34:01.888700+0600 INFO Получение имени канала и ID последнего видео ...
2024-02-11T16:34:02.221414+0600 INFO Имя канала: LuckyStation, ID последнего видео: HtcJQ0z3uDE
2024-02-11T16:34:02.223164+0600 INFO Проверка канала: Российская Дрифт Серия RDS
2024-02-11T16:34:02.224757+0600 INFO Получение имени канала и ID последнего видео ...
2024-02-11T16:34:02.590899+0600 INFO Имя канала: Российская Дрифт Серия RDS, ID последнего видео: PKMe3welX98
2024-02-11T16:34:02.594234+0600 INFO Проверка канала: BoostMotors
2024-02-11T16:34:02.596500+0600 INFO Получение имени канала и ID последнего видео ...
2024-02-11T16:34:02.912464+0600 INFO Имя канала: BoostMotors, ID последнего видео: IkwQVOgk4eo
2024-02-11T16:34:02.915189+0600 INFO Проверка канала: zaRRubin
2024-02-11T16:34:02.917060+0600 INFO Получение имени канала и ID последнего видео ...
2024-02-11T16:34:03.253301+0600 INFO Имя канала: zaRRubin, ID последнего видео: ZuO-ENfwKLc
2024-02-11T16:34:03.255041+0600 INFO Проверка канала: TIME UP Drift Team
2024-02-11T16:34:03.257057+0600 INFO Получение имени канала и ID последнего видео ...
2024-02-11T16:34:03.569813+0600 INFO Имя канала: TIME UP Drift Team, ID последнего видео: VD124MThe8A
2024-02-11T16:34:03.571518+0600 INFO Проверка канала: Форвард Авто
2024-02-11T16:34:03.573178+0600 INFO Получение имени канала и ID последнего видео ...
2024-02-11T16:34:03.958490+0600 INFO Имя канала: Форвард Авто, ID последнего видео: R_itt4yShkM
2024-02-11T16:34:03.960165+0600 INFO Проверка канала: Игорь Озолин
2024-02-11T16:34:03.961758+0600 INFO Получение имени канала и ID последнего видео ...
2024-02-11T16:34:04.334323+0600 INFO Имя канала: Игорь Озолин, ID последнего видео: u2_XD5B9E9U
2024-02-11T16:34:04.337528+0600 INFO Проверка канала: CARVILLE RACING DRIFT TEAM
2024-02-11T16:34:04.340308+0600 INFO Получение имени канала и ID последнего видео ...
2024-02-11T16:34:04.650542+0600 INFO Имя канала: CARVILLE RACING DRIFT TEAM, ID последнего видео: UtPa3gI1Juo
2024-02-11T16:34:04.652739+0600 INFO Проверка канала: DARKSIDE Xperience
2024-02-11T16:34:04.654864+0600 INFO Получение имени канала и ID последнего видео ...
2024-02-11T16:34:04.979778+0600 INFO Имя канала: DARKSIDE Xperience, ID последнего видео: g99pKQkwiFY
2024-02-11T16:34:04.982195+0600 INFO Проверка канала: FRESH RACING
2024-02-11T16:34:04.984334+0600 INFO Получение имени канала и ID последнего видео ...
2024-02-11T16:34:05.355540+0600 INFO Имя канала: FRESH RACING, ID последнего видео: SJLJgljj53M
2024-02-11T16:34:05.357227+0600 INFO Проверка канала: AIMOL Russia
2024-02-11T16:34:05.358995+0600 INFO Получение имени канала и ID последнего видео ...
2024-02-11T16:34:05.660954+0600 INFO Имя канала: AIMOL Russia, ID последнего видео: B2BslGXxeIg
2024-02-11T16:34:05.662766+0600 INFO Проверка канала: Nikita Shikov
2024-02-11T16:34:05.664340+0600 INFO Получение имени канала и ID последнего видео ...
2024-02-11T16:34:06.005761+0600 INFO Имя канала: Nikita Shikov, ID последнего видео: M-aww1DHy6E
2024-02-11T16:34:06.007637+0600 INFO Проверка канала: BlackDrift - Гоночная команда RDS Europe
2024-02-11T16:34:06.009691+0600 INFO Получение имени канала и ID последнего видео ...
2024-02-11T16:34:06.313036+0600 INFO Имя канала: BlackDrift - Гоночная команда RDS Europe, ID последнего видео: 9tURiY_Q8ck
2024-02-11T16:34:06.314192+0600 INFO Проверка канала: VahrushevDRIFT
2024-02-11T16:34:06.315624+0600 INFO Получение имени канала и ID последнего видео ...
2024-02-11T16:34:07.116539+0600 INFO Имя канала: VahrushevDRIFT, ID последнего видео: jBwAez3wIkg
2024-02-11T16:34:07.118237+0600 INFO Проверка канала: Игора Драйв
2024-02-11T16:34:07.119837+0600 INFO Получение имени канала и ID последнего видео ...
2024-02-11T16:34:08.039349+0600 INFO Имя канала: Игора Драйв, ID последнего видео: hwmyW1nNQb8
2024-02-11T16:35:08.061167+0600 INFO Запуск проверки обновлений видео...
2024-02-11T16:35:08.063541+0600 INFO Проверка канала: Sergey Stilov
2024-02-11T16:35:08.066577+0600 INFO Получение имени канала и ID последнего видео ...
2024-02-11T16:35:08.444867+0600 INFO Имя канала: Sergey Stilov, ID последнего видео: nxooAGi9jU8
2024-02-11T16:35:08.446592+0600 INFO Проверка канала: LuckyStation
2024-02-11T16:35:08.448132+0600 INFO Получение имени канала и ID последнего видео ...
2024-02-11T16:35:08.765405+0600 INFO Имя канала: LuckyStation, ID последнего видео: HtcJQ0z3uDE
2024-02-11T16:35:08.767820+0600 INFO Проверка канала: Российская Дрифт Серия RDS
2024-02-11T16:35:08.769970+0600 INFO Получение имени канала и ID последнего видео ...
2024-02-11T16:35:09.119940+0600 INFO Имя канала: Российская Дрифт Серия RDS, ID последнего видео: PKMe3welX98
2024-02-11T16:35:09.122144+0600 INFO Проверка канала: BoostMotors
2024-02-11T16:35:09.126065+0600 INFO Получение имени канала и ID последнего видео ...
2024-02-11T16:35:09.437740+0600 INFO Имя канала: BoostMotors, ID последнего видео: IkwQVOgk4eo
2024-02-11T16:35:09.439424+0600 INFO Проверка канала: zaRRubin
2024-02-11T16:35:09.441049+0600 INFO Получение имени канала и ID последнего видео ...
2024-02-11T16:35:09.760764+0600 INFO Имя канала: zaRRubin, ID последнего видео: ZuO-ENfwKLc
2024-02-11T16:35:09.762527+0600 INFO Проверка канала: TIME UP Drift Team
2024-02-11T16:35:09.764349+0600 INFO Получение имени канала и ID последнего видео ...
2024-02-11T16:35:10.098683+0600 INFO Имя канала: TIME UP Drift Team, ID последнего видео: VD124MThe8A
2024-02-11T16:35:10.100368+0600 INFO Проверка канала: Форвард Авто
2024-02-11T16:35:10.102125+0600 INFO Получение имени канала и ID последнего видео ...
2024-02-11T16:35:10.424669+0600 INFO Имя канала: Форвард Авто, ID последнего видео: R_itt4yShkM
2024-02-11T16:35:10.427120+0600 INFO Проверка канала: Игорь Озолин
2024-02-11T16:35:10.428949+0600 INFO Получение имени канала и ID последнего видео ...
2024-02-11T16:35:10.759344+0600 INFO Имя канала: Игорь Озолин, ID последнего видео: u2_XD5B9E9U
2024-02-11T16:35:10.761024+0600 INFO Проверка канала: CARVILLE RACING DRIFT TEAM
2024-02-11T16:35:10.762752+0600 INFO Получение имени канала и ID последнего видео ...
2024-02-11T16:35:11.103274+0600 INFO Имя канала: CARVILLE RACING DRIFT TEAM, ID последнего видео: UtPa3gI1Juo
2024-02-11T16:35:11.104945+0600 INFO Проверка канала: DARKSIDE Xperience
2024-02-11T16:35:11.106558+0600 INFO Получение имени канала и ID последнего видео ...
2024-02-11T16:35:11.401824+0600 INFO Имя канала: DARKSIDE Xperience, ID последнего видео: g99pKQkwiFY
2024-02-11T16:35:11.404042+0600 INFO Проверка канала: FRESH RACING
2024-02-11T16:35:11.406138+0600 INFO Получение имени канала и ID последнего видео ...
2024-02-11T16:35:11.724738+0600 INFO Имя канала: FRESH RACING, ID последнего видео: SJLJgljj53M
2024-02-11T16:35:11.728997+0600 INFO Проверка канала: AIMOL Russia
2024-02-11T16:35:11.739164+0600 INFO Получение имени канала и ID последнего видео ...
2024-02-11T16:35:12.066279+0600 INFO Имя канала: AIMOL Russia, ID последнего видео: B2BslGXxeIg
2024-02-11T16:35:12.068614+0600 INFO Проверка канала: Nikita Shikov
2024-02-11T16:35:12.070603+0600 INFO Получение имени канала и ID последнего видео ...
2024-02-11T16:35:12.380577+0600 INFO Имя канала: Nikita Shikov, ID последнего видео: M-aww1DHy6E
2024-02-11T16:35:12.383535+0600 INFO Проверка канала: BlackDrift - Гоночная команда RDS Europe
2024-02-11T16:35:12.386204+0600 INFO Получение имени канала и ID последнего видео ...
2024-02-11T16:35:12.686449+0600 INFO Имя канала: BlackDrift - Гоночная команда RDS Europe, ID последнего видео: 9tURiY_Q8ck
2024-02-11T16:35:12.691620+0600 INFO Проверка канала: VahrushevDRIFT
2024-02-11T16:35:12.704325+0600 INFO Получение имени канала и ID последнего видео ...
2024-02-11T16:35:13.031101+0600 INFO Имя канала: VahrushevDRIFT, ID последнего видео: jBwAez3wIkg
2024-02-11T16:35:13.032769+0600 INFO Проверка канала: Игора Драйв
2024-02-11T16:35:13.034387+0600 INFO Получение имени канала и ID последнего видео ...
2024-02-11T16:35:13.353589+0600 INFO Имя канала: Игора Драйв, ID последнего видео: hwmyW1nNQb8
2024-02-11T16:36:13.377081+0600 INFO Запуск проверки обновлений видео...
2024-02-11T16:36:13.379407+0600 INFO Проверка канала: Sergey Stilov
2024-02-11T16:36:13.381488+0600 INFO Получение имени канала и ID последнего видео ...
2024-02-11T16:36:13.819369+0600 INFO Имя канала: Sergey Stilov, ID последнего видео: nxooAGi9jU8
2024-02-11T16:36:13.821062+0600 INFO Проверка канала: LuckyStation
2024-02-11T16:36:13.822808+0600 INFO Получение имени канала и ID последнего видео ...
2024-02-11T16:36:14.157580+0600 INFO Имя канала: LuckyStation, ID последнего видео: HtcJQ0z3uDE
2024-02-11T16:36:14.159324+0600 INFO Проверка канала: Российская Дрифт Серия RDS
2024-02-11T16:36:14.160892+0600 INFO Получение имени канала и ID последнего видео ...
2024-02-11T16:36:14.538355+0600 INFO Имя канала: Российская Дрифт Серия RDS, ID последнего видео: PKMe3welX98
2024-02-11T16:36:14.539426+0600 INFO Проверка канала: BoostMotors
2024-02-11T16:36:14.540707+0600 INFO Получение имени канала и ID последнего видео ...
2024-02-11T16:36:14.875339+0600 INFO Имя канала: BoostMotors, ID последнего видео: IkwQVOgk4eo
2024-02-11T16:36:14.877010+0600 INFO Проверка канала: zaRRubin
2024-02-11T16:36:14.878625+0600 INFO Получение имени канала и ID последнего видео ...
2024-02-11T16:36:15.239399+0600 INFO Имя канала: zaRRubin, ID последнего видео: ZuO-ENfwKLc
2024-02-11T16:36:15.241097+0600 INFO Проверка канала: TIME UP Drift Team
2024-02-11T16:36:15.243252+0600 INFO Получение имени канала и ID последнего видео ...
2024-02-11T16:36:15.553399+0600 INFO Имя канала: TIME UP Drift Team, ID последнего видео: VD124MThe8A
2024-02-11T16:36:15.555737+0600 INFO Проверка канала: Форвард Авто
2024-02-11T16:36:15.558075+0600 INFO Получение имени канала и ID последнего видео ...
2024-02-11T16:36:15.878946+0600 INFO Имя канала: Форвард Авто, ID последнего видео: R_itt4yShkM
2024-02-11T16:36:15.881251+0600 INFO Проверка канала: Игорь Озолин
2024-02-11T16:36:15.883443+0600 INFO Получение имени канала и ID последнего видео ...
2024-02-11T16:36:16.249404+0600 INFO Имя канала: Игорь Озолин, ID последнего видео: u2_XD5B9E9U
2024-02-11T16:36:16.251131+0600 INFO Проверка канала: CARVILLE RACING DRIFT TEAM
2024-02-11T16:36:16.254335+0600 INFO Получение имени канала и ID последнего видео ...
2024-02-11T16:36:16.601833+0600 INFO Имя канала: CARVILLE RACING DRIFT TEAM, ID последнего видео: UtPa3gI1Juo
2024-02-11T16:36:16.603512+0600 INFO Проверка канала: DARKSIDE Xperience
2024-02-11T16:36:16.605179+0600 INFO Получение имени канала и ID последнего видео ...
2024-02-11T16:36:16.946579+0600 INFO Имя канала: DARKSIDE Xperience, ID последнего видео: g99pKQkwiFY
2024-02-11T16:36:16.948236+0600 INFO Проверка канала: FRESH RACING
2024-02-11T16:36:16.949835+0600 INFO Получение имени канала и ID последнего видео ...
2024-02-11T16:36:17.254769+0600 INFO Имя канала: FRESH RACING, ID последнего видео: SJLJgljj53M
2024-02-11T16:36:17.256442+0600 INFO Проверка канала: AIMOL Russia
2024-02-11T16:36:17.258437+0600 INFO Получение имени канала и ID последнего видео ...
2024-02-11T16:36:17.576790+0600 INFO Имя канала: AIMOL Russia, ID последнего видео: B2BslGXxeIg
2024-02-11T16:36:17.578561+0600 INFO Проверка канала: Nikita Shikov
2024-02-11T16:36:17.586642+0600 INFO Получение имени канала и ID последнего видео ...
2024-02-11T16:36:17.889210+0600 INFO Имя канала: Nikita Shikov, ID последнего видео: M-aww1DHy6E
2024-02-11T16:36:17.890495+0600 INFO Проверка канала: BlackDrift - Гоночная команда RDS Europe
2024-02-11T16:36:17.891611+0600 INFO Получение имени канала и ID последнего видео ...
2024-02-11T16:36:18.202883+0600 INFO Имя канала: BlackDrift - Гоночная команда RDS Europe, ID последнего видео: 9tURiY_Q8ck
2024-02-11T16:36:18.204719+0600 INFO Проверка канала: VahrushevDRIFT
2024-02-11T16:36:18.206594+0600 INFO Получение имени канала и ID последнего видео ...
2024-02-11T16:36:18.526701+0600 INFO Имя канала: VahrushevDRIFT, ID последнего видео: jBwAez3wIkg
2024-02-11T16:36:18.528378+0600 INFO Проверка канала: Игора Драйв
2024-02-11T16:36:18.529965+0600 INFO Получение имени канала и ID последнего видео ...
2024-02-11T16:36:18.887182+0600 INFO Имя канала: Игора Драйв, ID последнего видео: hwmyW1nNQb8
2024-02-11T16:37:18.909374+0600 INFO Запуск проверки обновлений видео...
2024-02-11T16:37:18.911729+0600 INFO Проверка канала: Sergey Stilov
2024-02-11T16:37:18.913955+0600 INFO Получение имени канала и ID последнего видео ...
2024-02-11T16:37:19.316370+0600 INFO Имя канала: Sergey Stilov, ID последнего видео: nxooAGi9jU8
2024-02-11T16:37:19.318143+0600 INFO Проверка канала: LuckyStation
2024-02-11T16:37:19.320042+0600 INFO Получение имени канала и ID последнего видео ...
2024-02-11T16:37:19.660650+0600 INFO Имя канала: LuckyStation, ID последнего видео: HtcJQ0z3uDE
2024-02-11T16:37:19.662391+0600 INFO Проверка канала: Российская Дрифт Серия RDS
2024-02-11T16:37:19.664519+0600 INFO Получение имени канала и ID последнего видео ...
2024-02-11T16:37:20.044633+0600 INFO Имя канала: Российская Дрифт Серия RDS, ID последнего видео: PKMe3welX98
2024-02-11T16:37:20.047299+0600 INFO Проверка канала: BoostMotors
2024-02-11T16:37:20.049060+0600 INFO Получение имени канала и ID последнего видео ...
2024-02-11T16:37:20.913297+0600 INFO Имя канала: BoostMotors, ID последнего видео: IkwQVOgk4eo
2024-02-11T16:37:20.915672+0600 INFO Проверка канала: zaRRubin
2024-02-11T16:37:20.917906+0600 INFO Получение имени канала и ID последнего видео ...
2024-02-11T16:37:22.705192+0600 INFO Имя канала: zaRRubin, ID последнего видео: ZuO-ENfwKLc
2024-02-11T16:37:22.707549+0600 INFO Проверка канала: TIME UP Drift Team
2024-02-11T16:37:22.710040+0600 INFO Получение имени канала и ID последнего видео ...
2024-02-11T16:37:23.240149+0600 INFO Имя канала: TIME UP Drift Team, ID последнего видео: VD124MThe8A
2024-02-11T16:37:23.242466+0600 INFO Проверка канала: Форвард Авто
2024-02-11T16:37:23.244865+0600 INFO Получение имени канала и ID последнего видео ...
2024-02-11T16:37:23.744724+0600 INFO Имя канала: Форвард Авто, ID последнего видео: R_itt4yShkM
2024-02-11T16:37:23.747200+0600 INFO Проверка канала: Игорь Озолин
2024-02-11T16:37:23.748893+0600 INFO Получение имени канала и ID последнего видео ...
2024-02-11T16:37:24.092468+0600 INFO Имя канала: Игорь Озолин, ID последнего видео: u2_XD5B9E9U
2024-02-11T16:37:24.094200+0600 INFO Проверка канала: CARVILLE RACING DRIFT TEAM
2024-02-11T16:37:24.095808+0600 INFO Получение имени канала и ID последнего видео ...
2024-02-11T16:37:24.418801+0600 INFO Имя канала: CARVILLE RACING DRIFT TEAM, ID последнего видео: UtPa3gI1Juo
2024-02-11T16:37:24.421143+0600 INFO Проверка канала: DARKSIDE Xperience
2024-02-11T16:37:24.428857+0600 INFO Получение имени канала и ID последнего видео ...
2024-02-11T16:37:24.739737+0600 INFO Имя канала: DARKSIDE Xperience, ID последнего видео: g99pKQkwiFY
2024-02-11T16:37:24.741419+0600 INFO Проверка канала: FRESH RACING
2024-02-11T16:37:24.743026+0600 INFO Получение имени канала и ID последнего видео ...
2024-02-11T16:37:25.062523+0600 INFO Имя канала: FRESH RACING, ID последнего видео: SJLJgljj53M
2024-02-11T16:37:25.064113+0600 INFO Проверка канала: AIMOL Russia
2024-02-11T16:37:25.066548+0600 INFO Получение имени канала и ID последнего видео ...
2024-02-11T16:37:25.356964+0600 INFO Имя канала: AIMOL Russia, ID последнего видео: B2BslGXxeIg
2024-02-11T16:37:25.358433+0600 INFO Проверка канала: Nikita Shikov
2024-02-11T16:37:25.359828+0600 INFO Получение имени канала и ID последнего видео ...
2024-02-11T16:37:25.667988+0600 INFO Имя канала: Nikita Shikov, ID последнего видео: M-aww1DHy6E
2024-02-11T16:37:25.670231+0600 INFO Проверка канала: BlackDrift - Гоночная команда RDS Europe
2024-02-11T16:37:25.671977+0600 INFO Получение имени канала и ID последнего видео ...
2024-02-11T16:37:25.973723+0600 INFO Имя канала: BlackDrift - Гоночная команда RDS Europe, ID последнего видео: 9tURiY_Q8ck
2024-02-11T16:37:25.975389+0600 INFO Проверка канала: VahrushevDRIFT
2024-02-11T16:37:25.976983+0600 INFO Получение имени канала и ID последнего видео ...
2024-02-11T16:37:26.302223+0600 INFO Имя канала: VahrushevDRIFT, ID последнего видео: jBwAez3wIkg
2024-02-11T16:37:26.304649+0600 INFO Проверка канала: Игора Драйв
2024-02-11T16:37:26.306488+0600 INFO Получение имени канала и ID последнего видео ...
2024-02-11T16:37:26.651953+0600 INFO Имя канала: Игора Драйв, ID последнего видео: hwmyW1nNQb8
2024-02-11T16:38:26.675677+0600 INFO Запуск проверки обновлений видео...
2024-02-11T16:38:26.677963+0600 INFO Проверка канала: Sergey Stilov
2024-02-11T16:38:26.680688+0600 INFO Получение имени канала и ID последнего видео ...
2024-02-11T16:38:27.061351+0600 INFO Имя канала: Sergey Stilov, ID последнего видео: nxooAGi9jU8
2024-02-11T16:38:27.064620+0600 INFO Проверка канала: LuckyStation
2024-02-11T16:38:27.066998+0600 INFO Получение имени канала и ID последнего видео ...
2024-02-11T16:38:27.379786+0600 INFO Имя канала: LuckyStation, ID последнего видео: HtcJQ0z3uDE
2024-02-11T16:38:27.382077+0600 INFO Проверка канала: Российская Дрифт Серия RDS
2024-02-11T16:38:27.384242+0600 INFO Получение имени канала и ID последнего видео ...
2024-02-11T16:38:27.744671+0600 INFO Имя канала: Российская Дрифт Серия RDS, ID последнего видео: PKMe3welX98
2024-02-11T16:38:27.747221+0600 INFO Проверка канала: BoostMotors
2024-02-11T16:38:27.749429+0600 INFO Получение имени канала и ID последнего видео ...
2024-02-11T16:38:28.073914+0600 INFO Имя канала: BoostMotors, ID последнего видео: IkwQVOgk4eo
2024-02-11T16:38:28.075679+0600 INFO Проверка канала: zaRRubin
2024-02-11T16:38:28.077261+0600 INFO Получение имени канала и ID последнего видео ...
2024-02-11T16:38:28.457599+0600 INFO Имя канала: zaRRubin, ID последнего видео: ZuO-ENfwKLc
2024-02-11T16:38:28.459318+0600 INFO Проверка канала: TIME UP Drift Team
2024-02-11T16:38:28.460883+0600 INFO Получение имени канала и ID последнего видео ...
2024-02-11T16:38:28.768368+0600 INFO Имя канала: TIME UP Drift Team, ID последнего видео: VD124MThe8A
2024-02-11T16:38:28.770604+0600 INFO Проверка канала: Форвард Авто
2024-02-11T16:38:28.772600+0600 INFO Получение имени канала и ID последнего видео ...
2024-02-11T16:38:29.094164+0600 INFO Имя канала: Форвард Авто, ID последнего видео: R_itt4yShkM
2024-02-11T16:38:29.096770+0600 INFO Проверка канала: Игорь Озолин
2024-02-11T16:38:29.098732+0600 INFO Получение имени канала и ID последнего видео ...
2024-02-11T16:38:29.407725+0600 INFO Имя канала: Игорь Озолин, ID последнего видео: u2_XD5B9E9U
2024-02-11T16:38:29.409184+0600 INFO Проверка канала: CARVILLE RACING DRIFT TEAM
2024-02-11T16:38:29.411692+0600 INFO Получение имени канала и ID последнего видео ...
2024-02-11T16:38:29.737842+0600 INFO Имя канала: CARVILLE RACING DRIFT TEAM, ID последнего видео: UtPa3gI1Juo
2024-02-11T16:38:29.739498+0600 INFO Проверка канала: DARKSIDE Xperience
2024-02-11T16:38:29.741643+0600 INFO Получение имени канала и ID последнего видео ...
2024-02-11T16:38:30.057461+0600 INFO Имя канала: DARKSIDE Xperience, ID последнего видео: g99pKQkwiFY
2024-02-11T16:38:30.059183+0600 INFO Проверка канала: FRESH RACING
2024-02-11T16:38:30.061192+0600 INFO Получение имени канала и ID последнего видео ...
2024-02-11T16:38:30.410369+0600 INFO Имя канала: FRESH RACING, ID последнего видео: SJLJgljj53M
2024-02-11T16:38:30.412051+0600 INFO Проверка канала: AIMOL Russia
2024-02-11T16:38:30.414057+0600 INFO Получение имени канала и ID последнего видео ...
2024-02-11T16:38:30.760441+0600 INFO Имя канала: AIMOL Russia, ID последнего видео: B2BslGXxeIg
2024-02-11T16:38:30.763066+0600 INFO Проверка канала: Nikita Shikov
2024-02-11T16:38:30.765246+0600 INFO Получение имени канала и ID последнего видео ...
2024-02-11T16:38:31.080145+0600 INFO Имя канала: Nikita Shikov, ID последнего видео: M-aww1DHy6E
2024-02-11T16:38:31.081985+0600 INFO Проверка канала: BlackDrift - Гоночная команда RDS Europe
2024-02-11T16:38:31.084120+0600 INFO Получение имени канала и ID последнего видео ...
2024-02-11T16:38:31.398296+0600 INFO Имя канала: BlackDrift - Гоночная команда RDS Europe, ID последнего видео: 9tURiY_Q8ck
2024-02-11T16:38:31.399982+0600 INFO Проверка канала: VahrushevDRIFT
2024-02-11T16:38:31.401604+0600 INFO Получение имени канала и ID последнего видео ...
2024-02-11T16:38:31.721916+0600 INFO Имя канала: VahrushevDRIFT, ID последнего видео: jBwAez3wIkg
2024-02-11T16:38:31.723674+0600 INFO Проверка канала: Игора Драйв
2024-02-11T16:38:31.731831+0600 INFO Получение имени канала и ID последнего видео ...
2024-02-11T16:38:32.083044+0600 INFO Имя канала: Игора Драйв, ID последнего видео: hwmyW1nNQb8
2024-02-11T16:39:32.105537+0600 INFO Запуск проверки обновлений видео...
2024-02-11T16:39:32.107886+0600 INFO Проверка канала: Sergey Stilov
2024-02-11T16:39:32.109876+0600 INFO Получение имени канала и ID последнего видео ...
2024-02-11T16:39:32.426647+0600 INFO Имя канала: Sergey Stilov, ID последнего видео: nxooAGi9jU8
2024-02-11T16:39:32.428321+0600 INFO Проверка канала: LuckyStation
2024-02-11T16:39:32.429916+0600 INFO Получение имени канала и ID последнего видео ...
2024-02-11T16:39:32.758346+0600 INFO Имя канала: LuckyStation, ID последнего видео: HtcJQ0z3uDE
2024-02-11T16:39:32.760054+0600 INFO Проверка канала: Российская Дрифт Серия RDS
2024-02-11T16:39:32.761893+0600 INFO Получение имени канала и ID последнего видео ...
2024-02-11T16:39:33.089406+0600 INFO Имя канала: Российская Дрифт Серия RDS, ID последнего видео: PKMe3welX98
2024-02-11T16:39:33.091911+0600 INFO Проверка канала: BoostMotors
2024-02-11T16:39:33.094028+0600 INFO Получение имени канала и ID последнего видео ...
2024-02-11T16:39:33.447215+0600 INFO Имя канала: BoostMotors, ID последнего видео: IkwQVOgk4eo
2024-02-11T16:39:33.448892+0600 INFO Проверка канала: zaRRubin
2024-02-11T16:39:33.450491+0600 INFO Получение имени канала и ID последнего видео ...
2024-02-11T16:39:33.791631+0600 INFO Имя канала: zaRRubin, ID последнего видео: ZuO-ENfwKLc
2024-02-11T16:39:33.793479+0600 INFO Проверка канала: TIME UP Drift Team
2024-02-11T16:39:33.795402+0600 INFO Получение имени канала и ID последнего видео ...
2024-02-11T16:39:34.099123+0600 INFO Имя канала: TIME UP Drift Team, ID последнего видео: VD124MThe8A
