2024-02-11T16:39:34.101495+0600 INFO Проверка канала: Форвард Авто
2024-02-11T16:39:34.106275+0600 INFO Получение имени канала и ID последнего видео ...
2024-02-11T16:39:34.418485+0600 INFO Имя канала: Форвард Авто, ID последнего видео: R_itt4yShkM
2024-02-11T16:39:34.420569+0600 INFO Проверка канала: Игорь Озолин
2024-02-11T16:39:34.422323+0600 INFO Получение имени канала и ID последнего видео ...
2024-02-11T16:39:34.733180+0600 INFO Имя канала: Игорь Озолин, ID последнего видео: u2_XD5B9E9U
2024-02-11T16:39:34.734935+0600 INFO Проверка канала: CARVILLE RACING DRIFT TEAM
2024-02-11T16:39:34.736505+0600 INFO Получение имени канала и ID последнего видео ...
2024-02-11T16:39:35.046700+0600 INFO Имя канала: CARVILLE RACING DRIFT TEAM, ID последнего видео: UtPa3gI1Juo
2024-02-11T16:39:35.048350+0600 INFO Проверка канала: DARKSIDE Xperience
2024-02-11T16:39:35.050033+0600 INFO Получение имени канала и ID последнего видео ...
2024-02-11T16:39:35.365464+0600 INFO Имя канала: DARKSIDE Xperience, ID последнего видео: g99pKQkwiFY
2024-02-11T16:39:35.367645+0600 INFO Проверка канала: FRESH RACING
2024-02-11T16:39:35.369349+0600 INFO Получение имени канала и ID последнего видео ...
2024-02-11T16:39:35.682389+0600 INFO Имя канала: FRESH RACING, ID последнего видео: SJLJgljj53M
2024-02-11T16:39:35.684049+0600 INFO Проверка канала: AIMOL Russia
2024-02-11T16:39:35.685596+0600 INFO Получение имени канала и ID последнего видео ...
2024-02-11T16:39:36.038671+0600 INFO Имя канала: AIMOL Russia, ID последнего видео: B2BslGXxeIg
2024-02-11T16:39:36.040355+0600 INFO Проверка канала: Nikita Shikov
2024-02-11T16:39:36.041963+0600 INFO Получение имени канала и ID последнего видео ...
2024-02-11T16:39:36.375662+0600 INFO Имя канала: Nikita Shikov, ID последнего видео: M-aww1DHy6E
2024-02-11T16:39:36.377338+0600 INFO Проверка канала: BlackDrift - Гоночная команда RDS Europe
2024-02-11T16:39:36.378947+0600 INFO Получение имени канала и ID последнего видео ...
2024-02-11T16:39:36.687837+0600 INFO Имя канала: BlackDrift - Гоночная команда RDS Europe, ID последнего видео: 9tURiY_Q8ck
2024-02-11T16:39:36.689972+0600 INFO Проверка канала: VahrushevDRIFT
2024-02-11T16:39:36.691648+0600 INFO Получение имени канала и ID последнего видео ...
2024-02-11T16:39:36.996901+0600 INFO Имя канала: VahrushevDRIFT, ID последнего видео: jBwAez3wIkg
2024-02-11T16:39:37.000086+0600 INFO Проверка канала: Игора Драйв
2024-02-11T16:39:37.001856+0600 INFO Получение имени канала и ID последнего видео ...
2024-02-11T16:39:37.336825+0600 INFO Имя канала: Игора Драйв, ID последнего видео: hwmyW1nNQb8
2024-02-11T16:40:37.359352+0600 INFO Запуск проверки обновлений видео...
2024-02-11T16:40:37.361601+0600 INFO Проверка канала: Sergey Stilov
2024-02-11T16:40:37.363873+0600 INFO Получение имени канала и ID последнего видео ...
2024-02-11T16:40:37.709074+0600 INFO Имя канала: Sergey Stilov, ID последнего видео: nxooAGi9jU8
2024-02-11T16:40:37.710842+0600 INFO Проверка канала: LuckyStation
2024-02-11T16:40:37.712666+0600 INFO Получение имени канала и ID последнего видео ...
2024-02-11T16:40:38.037413+0600 INFO Имя канала: LuckyStation, ID последнего видео: HtcJQ0z3uDE
2024-02-11T16:40:38.039190+0600 INFO Проверка канала: Российская Дрифт Серия RDS
2024-02-11T16:40:38.041040+0600 INFO Получение имени канала и ID последнего видео ...
2024-02-11T16:40:38.353818+0600 INFO Имя канала: Российская Дрифт Серия RDS, ID последнего видео: PKMe3welX98
2024-02-11T16:40:38.355515+0600 INFO Проверка канала: BoostMotors
2024-02-11T16:40:38.357469+0600 INFO Получение имени канала и ID последнего видео ...
2024-02-11T16:40:38.650925+0600 INFO Имя канала: BoostMotors, ID последнего видео: IkwQVOgk4eo
2024-02-11T16:40:38.652573+0600 INFO Проверка канала: zaRRubin
2024-02-11T16:40:38.654261+0600 INFO Получение имени канала и ID последнего видео ...
2024-02-11T16:40:38.950104+0600 INFO Имя канала: zaRRubin, ID последнего видео: ZuO-ENfwKLc
2024-02-11T16:40:38.951807+0600 INFO Проверка канала: TIME UP Drift Team
2024-02-11T16:40:38.953364+0600 INFO Получение имени канала и ID последнего видео ...
2024-02-11T16:40:39.259157+0600 INFO Имя канала: TIME UP Drift Team, ID последнего видео: VD124MThe8A
2024-02-11T16:40:39.260817+0600 INFO Проверка канала: Форвард Авто
2024-02-11T16:40:39.263505+0600 INFO Получение имени канала и ID последнего видео ...
2024-02-11T16:40:39.604185+0600 INFO Имя канала: Форвард Авто, ID последнего видео: R_itt4yShkM
2024-02-11T16:40:39.606405+0600 INFO Проверка канала: Игорь Озолин
2024-02-11T16:40:39.609856+0600 INFO Получение имени канала и ID последнего видео ...
2024-02-11T16:40:39.912490+0600 INFO Имя канала: Игорь Озолин, ID последнего видео: u2_XD5B9E9U
2024-02-11T16:40:39.914246+0600 INFO Проверка канала: CARVILLE RACING DRIFT TEAM
2024-02-11T16:40:39.915825+0600 INFO Получение имени канала и ID последнего видео ...
2024-02-11T16:40:40.224737+0600 INFO Имя канала: CARVILLE RACING DRIFT TEAM, ID последнего видео: UtPa3gI1Juo
2024-02-11T16:40:40.226729+0600 INFO Проверка канала: DARKSIDE Xperience
2024-02-11T16:40:40.228996+0600 INFO Получение имени канала и ID последнего видео ...
2024-02-11T16:40:40.558769+0600 INFO Имя канала: DARKSIDE Xperience, ID последнего видео: g99pKQkwiFY
2024-02-11T16:40:40.560457+0600 INFO Проверка канала: FRESH RACING
2024-02-11T16:40:40.562529+0600 INFO Получение имени канала и ID последнего видео ...
2024-02-11T16:40:40.925073+0600 INFO Имя канала: FRESH RACING, ID последнего видео: SJLJgljj53M
2024-02-11T16:40:40.926816+0600 INFO Проверка канала: AIMOL Russia
2024-02-11T16:40:40.928451+0600 INFO Получение имени канала и ID последнего видео ...
2024-02-11T16:40:41.235736+0600 INFO Имя канала: AIMOL Russia, ID последнего видео: B2BslGXxeIg
2024-02-11T16:40:41.237383+0600 INFO Проверка канала: Nikita Shikov
2024-02-11T16:40:41.239704+0600 INFO Получение имени канала и ID последнего видео ...
2024-02-11T16:40:41.544009+0600 INFO Имя канала: Nikita Shikov, ID последнего видео: M-aww1DHy6E
2024-02-11T16:40:41.545728+0600 INFO Проверка канала: BlackDrift - Гоночная команда RDS Europe
2024-02-11T16:40:41.547295+0600 INFO Получение имени канала и ID последнего видео ...
2024-02-11T16:40:41.850146+0600 INFO Имя канала: BlackDrift - Гоночная команда RDS Europe, ID последнего видео: 9tURiY_Q8ck
2024-02-11T16:40:41.851860+0600 INFO Проверка канала: VahrushevDRIFT
2024-02-11T16:40:41.853809+0600 INFO Получение имени канала и ID последнего видео ...
2024-02-11T16:40:42.190646+0600 INFO Имя канала: VahrushevDRIFT, ID последнего видео: jBwAez3wIkg
2024-02-11T16:40:42.192367+0600 INFO Проверка канала: Игора Драйв
2024-02-11T16:40:42.200742+0600 INFO Получение имени канала и ID последнего видео ...
2024-02-11T16:40:42.542158+0600 INFO Имя канала: Игора Драйв, ID последнего видео: hwmyW1nNQb8
2024-02-11T16:41:42.570494+0600 INFO Запуск проверки обновлений видео...
2024-02-11T16:41:42.572862+0600 INFO Проверка канала: Sergey Stilov
2024-02-11T16:41:42.576130+0600 INFO Получение имени канала и ID последнего видео ...
2024-02-11T16:41:42.961192+0600 INFO Имя канала: Sergey Stilov, ID последнего видео: nxooAGi9jU8
2024-02-11T16:41:42.962967+0600 INFO Проверка канала: LuckyStation
2024-02-11T16:41:42.964516+0600 INFO Получение имени канала и ID последнего видео ...
2024-02-11T16:41:43.289755+0600 INFO Имя канала: LuckyStation, ID последнего видео: HtcJQ0z3uDE
2024-02-11T16:41:43.291413+0600 INFO Проверка канала: Российская Дрифт Серия RDS
2024-02-11T16:41:43.293424+0600 INFO Получение имени канала и ID последнего видео ...
2024-02-11T16:41:43.622062+0600 INFO Имя канала: Российская Дрифт Серия RDS, ID последнего видео: PKMe3welX98
2024-02-11T16:41:43.625453+0600 INFO Проверка канала: BoostMotors
2024-02-11T16:41:43.629440+0600 INFO Получение имени канала и ID последнего видео ...
2024-02-11T16:41:43.939699+0600 INFO Имя канала: BoostMotors, ID последнего видео: IkwQVOgk4eo
2024-02-11T16:41:43.941369+0600 INFO Проверка канала: zaRRubin
2024-02-11T16:41:43.943437+0600 INFO Получение имени канала и ID последнего видео ...
2024-02-11T16:41:44.247061+0600 INFO Имя канала: zaRRubin, ID последнего видео: ZuO-ENfwKLc
2024-02-11T16:41:44.248852+0600 INFO Проверка канала: TIME UP Drift Team
2024-02-11T16:41:44.250506+0600 INFO Получение имени канала и ID последнего видео ...
2024-02-11T16:41:44.551635+0600 INFO Имя канала: TIME UP Drift Team, ID последнего видео: VD124MThe8A
2024-02-11T16:41:44.553296+0600 INFO Проверка канала: Форвард Авто
2024-02-11T16:41:44.555350+0600 INFO Получение имени канала и ID последнего видео ...
2024-02-11T16:41:44.870541+0600 INFO Имя канала: Форвард Авто, ID последнего видео: R_itt4yShkM
2024-02-11T16:41:44.872468+0600 INFO Проверка канала: Игорь Озолин
2024-02-11T16:41:44.874606+0600 INFO Получение имени канала и ID последнего видео ...
2024-02-11T16:41:45.190891+0600 INFO Имя канала: Игорь Озолин, ID последнего видео: u2_XD5B9E9U
2024-02-11T16:41:45.192815+0600 INFO Проверка канала: CARVILLE RACING DRIFT TEAM
2024-02-11T16:41:45.195028+0600 INFO Получение имени канала и ID последнего видео ...
2024-02-11T16:41:45.495492+0600 INFO Имя канала: CARVILLE RACING DRIFT TEAM, ID последнего видео: UtPa3gI1Juo
2024-02-11T16:41:45.497144+0600 INFO Проверка канала: DARKSIDE Xperience
2024-02-11T16:41:45.498745+0600 INFO Получение имени канала и ID последнего видео ...
2024-02-11T16:41:45.812313+0600 INFO Имя канала: DARKSIDE Xperience, ID последнего видео: g99pKQkwiFY
2024-02-11T16:41:45.814388+0600 INFO Проверка канала: FRESH RACING
2024-02-11T16:41:45.816136+0600 INFO Получение имени канала и ID последнего видео ...
2024-02-11T16:41:46.156025+0600 INFO Имя канала: FRESH RACING, ID последнего видео: SJLJgljj53M
2024-02-11T16:41:46.158357+0600 INFO Проверка канала: AIMOL Russia
2024-02-11T16:41:46.160168+0600 INFO Получение имени канала и ID последнего видео ...
2024-02-11T16:41:46.473703+0600 INFO Имя канала: AIMOL Russia, ID последнего видео: B2BslGXxeIg
2024-02-11T16:41:46.475395+0600 INFO Проверка канала: Nikita Shikov
2024-02-11T16:41:46.477334+0600 INFO Получение имени канала и ID последнего видео ...
2024-02-11T16:41:46.788356+0600 INFO Имя канала: Nikita Shikov, ID последнего видео: M-aww1DHy6E
2024-02-11T16:41:46.790901+0600 INFO Проверка канала: BlackDrift - Гоночная команда RDS Europe
2024-02-11T16:41:46.793480+0600 INFO Получение имени канала и ID последнего видео ...
2024-02-11T16:41:47.094662+0600 INFO Имя канала: BlackDrift - Гоночная команда RDS Europe, ID последнего видео: 9tURiY_Q8ck
2024-02-11T16:41:47.096333+0600 INFO Проверка канала: VahrushevDRIFT
2024-02-11T16:41:47.097981+0600 INFO Получение имени канала и ID последнего видео ...
2024-02-11T16:41:47.422412+0600 INFO Имя канала: VahrushevDRIFT, ID последнего видео: jBwAez3wIkg
2024-02-11T16:41:47.424117+0600 INFO Проверка канала: Игора Драйв
2024-02-11T16:41:47.425731+0600 INFO Получение имени канала и ID последнего видео ...
2024-02-11T16:41:47.752504+0600 INFO Имя канала: Игора Драйв, ID последнего видео: hwmyW1nNQb8
2024-02-11T16:42:47.775910+0600 INFO Запуск проверки обновлений видео...
2024-02-11T16:42:47.778399+0600 INFO Проверка канала: Sergey Stilov
2024-02-11T16:42:47.780657+0600 INFO Получение имени канала и ID последнего видео ...
2024-02-11T16:42:48.400960+0600 INFO Имя канала: Sergey Stilov, ID последнего видео: nxooAGi9jU8
2024-02-11T16:42:48.403419+0600 INFO Проверка канала: LuckyStation
2024-02-11T16:42:48.405689+0600 INFO Получение имени канала и ID последнего видео ...
2024-02-11T16:42:48.739427+0600 INFO Имя канала: LuckyStation, ID последнего видео: HtcJQ0z3uDE
2024-02-11T16:42:48.741075+0600 INFO Проверка канала: Российская Дрифт Серия RDS
2024-02-11T16:42:48.743236+0600 INFO Получение имени канала и ID последнего видео ...
2024-02-11T16:42:49.186418+0600 INFO Имя канала: Российская Дрифт Серия RDS, ID последнего видео: PKMe3welX98
2024-02-11T16:42:49.188095+0600 INFO Проверка канала: BoostMotors
2024-02-11T16:42:49.189645+0600 INFO Получение имени канала и ID последнего видео ...
2024-02-11T16:42:49.491515+0600 INFO Имя канала: BoostMotors, ID последнего видео: IkwQVOgk4eo
2024-02-11T16:42:49.493812+0600 INFO Проверка канала: zaRRubin
2024-02-11T16:42:49.496477+0600 INFO Получение имени канала и ID последнего видео ...
2024-02-11T16:42:49.811896+0600 INFO Имя канала: zaRRubin, ID последнего видео: ZuO-ENfwKLc
2024-02-11T16:42:49.814465+0600 INFO Проверка канала: TIME UP Drift Team
2024-02-11T16:42:49.816188+0600 INFO Получение имени канала и ID последнего видео ...
2024-02-11T16:42:50.142377+0600 INFO Имя канала: TIME UP Drift Team, ID последнего видео: VD124MThe8A
2024-02-11T16:42:50.144060+0600 INFO Проверка канала: Форвард Авто
2024-02-11T16:42:50.145662+0600 INFO Получение имени канала и ID последнего видео ...
2024-02-11T16:42:50.476515+0600 INFO Имя канала: Форвард Авто, ID последнего видео: R_itt4yShkM
2024-02-11T16:42:50.478239+0600 INFO Проверка канала: Игорь Озолин
2024-02-11T16:42:50.480019+0600 INFO Получение имени канала и ID последнего видео ...
2024-02-11T16:42:50.784034+0600 INFO Имя канала: Игорь Озолин, ID последнего видео: u2_XD5B9E9U
2024-02-11T16:42:50.785722+0600 INFO Проверка канала: CARVILLE RACING DRIFT TEAM
2024-02-11T16:42:50.787453+0600 INFO Получение имени канала и ID последнего видео ...
2024-02-11T16:42:51.092692+0600 INFO Имя канала: CARVILLE RACING DRIFT TEAM, ID последнего видео: UtPa3gI1Juo
2024-02-11T16:42:51.094377+0600 INFO Проверка канала: DARKSIDE Xperience
2024-02-11T16:42:51.095898+0600 INFO Получение имени канала и ID последнего видео ...
2024-02-11T16:42:51.417246+0600 INFO Имя канала: DARKSIDE Xperience, ID последнего видео: g99pKQkwiFY
2024-02-11T16:42:51.419093+0600 INFO Проверка канала: FRESH RACING
2024-02-11T16:42:51.420793+0600 INFO Получение имени канала и ID последнего видео ...
2024-02-11T16:42:51.754573+0600 INFO Имя канала: FRESH RACING, ID последнего видео: SJLJgljj53M
2024-02-11T16:42:51.756892+0600 INFO Проверка канала: AIMOL Russia
2024-02-11T16:42:51.759290+0600 INFO Получение имени канала и ID последнего видео ...
2024-02-11T16:42:52.063203+0600 INFO Имя канала: AIMOL Russia, ID последнего видео: B2BslGXxeIg
2024-02-11T16:42:52.065366+0600 INFO Проверка канала: Nikita Shikov
2024-02-11T16:42:52.073111+0600 INFO Получение имени канала и ID последнего видео ...
2024-02-11T16:42:52.389776+0600 INFO Имя канала: Nikita Shikov, ID последнего видео: M-aww1DHy6E
2024-02-11T16:42:52.391585+0600 INFO Проверка канала: BlackDrift - Гоночная команда RDS Europe
2024-02-11T16:42:52.393419+0600 INFO Получение имени канала и ID последнего видео ...
2024-02-11T16:42:52.701576+0600 INFO Имя канала: BlackDrift - Гоночная команда RDS Europe, ID последнего видео: 9tURiY_Q8ck
2024-02-11T16:42:52.703879+0600 INFO Проверка канала: VahrushevDRIFT
2024-02-11T16:42:52.706112+0600 INFO Получение имени канала и ID последнего видео ...
2024-02-11T16:42:53.025360+0600 INFO Имя канала: VahrushevDRIFT, ID последнего видео: jBwAez3wIkg
2024-02-11T16:42:53.027105+0600 INFO Проверка канала: Игора Драйв
2024-02-11T16:42:53.028775+0600 INFO Получение имени канала и ID последнего видео ...
2024-02-11T16:42:53.358068+0600 INFO Имя канала: Игора Драйв, ID последнего видео: hwmyW1nNQb8
2024-02-11T16:43:53.382668+0600 INFO Запуск проверки обновлений видео...
2024-02-11T16:43:53.386062+0600 INFO Проверка канала: Sergey Stilov
2024-02-11T16:43:53.408349+0600 INFO Получение имени канала и ID последнего видео ...
2024-02-11T16:43:53.793968+0600 INFO Имя канала: Sergey Stilov, ID последнего видео: nxooAGi9jU8
2024-02-11T16:43:53.797709+0600 INFO Проверка канала: LuckyStation
2024-02-11T16:43:53.799857+0600 INFO Получение имени канала и ID последнего видео ...
2024-02-11T16:43:54.115010+0600 INFO Имя канала: LuckyStation, ID последнего видео: HtcJQ0z3uDE
2024-02-11T16:43:54.116711+0600 INFO Проверка канала: Российская Дрифт Серия RDS
2024-02-11T16:43:54.124825+0600 INFO Получение имени канала и ID последнего видео ...
2024-02-11T16:43:54.468815+0600 INFO Имя канала: Российская Дрифт Серия RDS, ID последнего видео: PKMe3welX98
2024-02-11T16:43:54.471665+0600 INFO Проверка канала: BoostMotors
2024-02-11T16:43:54.474262+0600 INFO Получение имени канала и ID последнего видео ...
2024-02-11T16:43:54.763297+0600 INFO Имя канала: BoostMotors, ID последнего видео: IkwQVOgk4eo
2024-02-11T16:43:54.765392+0600 INFO Проверка канала: zaRRubin
2024-02-11T16:43:54.767347+0600 INFO Получение имени канала и ID последнего видео ...
2024-02-11T16:43:55.078556+0600 INFO Имя канала: zaRRubin, ID последнего видео: ZuO-ENfwKLc
2024-02-11T16:43:55.080255+0600 INFO Проверка канала: TIME UP Drift Team
2024-02-11T16:43:55.082021+0600 INFO Получение имени канала и ID последнего видео ...
2024-02-11T16:43:55.386600+0600 INFO Имя канала: TIME UP Drift Team, ID последнего видео: VD124MThe8A
2024-02-11T16:43:55.388275+0600 INFO Проверка канала: Форвард Авто
2024-02-11T16:43:55.390322+0600 INFO Получение имени канала и ID последнего видео ...
2024-02-11T16:43:55.732905+0600 INFO Имя канала: Форвард Авто, ID последнего видео: R_itt4yShkM
2024-02-11T16:43:55.736100+0600 INFO Проверка канала: Игорь Озолин
2024-02-11T16:43:55.739083+0600 INFO Получение имени канала и ID последнего видео ...
2024-02-11T16:43:56.046900+0600 INFO Имя канала: Игорь Озолин, ID последнего видео: u2_XD5B9E9U
2024-02-11T16:43:56.048569+0600 INFO Проверка канала: CARVILLE RACING DRIFT TEAM
2024-02-11T16:43:56.050143+0600 INFO Получение имени канала и ID последнего видео ...
2024-02-11T16:43:56.359350+0600 INFO Имя канала: CARVILLE RACING DRIFT TEAM, ID последнего видео: UtPa3gI1Juo
2024-02-11T16:43:56.361002+0600 INFO Проверка канала: DARKSIDE Xperience
2024-02-11T16:43:56.363200+0600 INFO Получение имени канала и ID последнего видео ...
2024-02-11T16:43:56.675555+0600 INFO Имя канала: DARKSIDE Xperience, ID последнего видео: g99pKQkwiFY
2024-02-11T16:43:56.677217+0600 INFO Проверка канала: FRESH RACING
2024-02-11T16:43:56.678921+0600 INFO Получение имени канала и ID последнего видео ...
2024-02-11T16:43:56.988846+0600 INFO Имя канала: FRESH RACING, ID последнего видео: SJLJgljj53M
2024-02-11T16:43:56.990629+0600 INFO Проверка канала: AIMOL Russia
2024-02-11T16:43:56.992208+0600 INFO Получение имени канала и ID последнего видео ...
2024-02-11T16:43:57.308669+0600 INFO Имя канала: AIMOL Russia, ID последнего видео: B2BslGXxeIg
2024-02-11T16:43:57.310438+0600 INFO Проверка канала: Nikita Shikov
2024-02-11T16:43:57.312103+0600 INFO Получение имени канала и ID последнего видео ...
2024-02-11T16:43:57.621659+0600 INFO Имя канала: Nikita Shikov, ID последнего видео: M-aww1DHy6E
2024-02-11T16:43:57.623329+0600 INFO Проверка канала: BlackDrift - Гоночная команда RDS Europe
2024-02-11T16:43:57.624923+0600 INFO Получение имени канала и ID последнего видео ...
2024-02-11T16:43:57.932864+0600 INFO Имя канала: BlackDrift - Гоночная команда RDS Europe, ID последнего видео: 9tURiY_Q8ck
2024-02-11T16:43:57.934537+0600 INFO Проверка канала: VahrushevDRIFT
2024-02-11T16:43:57.936240+0600 INFO Получение имени канала и ID последнего видео ...
2024-02-11T16:43:58.239688+0600 INFO Имя канала: VahrushevDRIFT, ID последнего видео: jBwAez3wIkg
2024-02-11T16:43:58.241413+0600 INFO Проверка канала: Игора Драйв
2024-02-11T16:43:58.243254+0600 INFO Получение имени канала и ID последнего видео ...
2024-02-11T16:43:58.560547+0600 INFO Имя канала: Игора Драйв, ID последнего видео: hwmyW1nNQb8
2024-02-11T16:44:58.584303+0600 INFO Запуск проверки обновлений видео...
2024-02-11T16:44:58.586631+0600 INFO Проверка канала: Sergey Stilov
2024-02-11T16:44:58.588363+0600 INFO Получение имени канала и ID последнего видео ...
2024-02-11T16:44:58.942758+0600 INFO Имя канала: Sergey Stilov, ID последнего видео: nxooAGi9jU8
2024-02-11T16:44:58.944431+0600 INFO Проверка канала: LuckyStation
2024-02-11T16:44:58.946501+0600 INFO Получение имени канала и ID последнего видео ...
2024-02-11T16:44:59.258390+0600 INFO Имя канала: LuckyStation, ID последнего видео: HtcJQ0z3uDE
2024-02-11T16:44:59.260077+0600 INFO Проверка канала: Российская Дрифт Серия RDS
2024-02-11T16:44:59.262227+0600 INFO Получение имени канала и ID последнего видео ...
2024-02-11T16:44:59.583956+0600 INFO Имя канала: Российская Дрифт Серия RDS, ID последнего видео: PKMe3welX98
2024-02-11T16:44:59.585680+0600 INFO Проверка канала: BoostMotors
2024-02-11T16:44:59.587290+0600 INFO Получение имени канала и ID последнего видео ...
2024-02-11T16:44:59.881310+0600 INFO Имя канала: BoostMotors, ID последнего видео: IkwQVOgk4eo
2024-02-11T16:44:59.883008+0600 INFO Проверка канала: zaRRubin
2024-02-11T16:44:59.884683+0600 INFO Получение имени канала и ID последнего видео ...
2024-02-11T16:45:00.220399+0600 INFO Имя канала: zaRRubin, ID последнего видео: ZuO-ENfwKLc
2024-02-11T16:45:00.222168+0600 INFO Проверка канала: TIME UP Drift Team
2024-02-11T16:45:00.224221+0600 INFO Получение имени канала и ID последнего видео ...
2024-02-11T16:45:00.575148+0600 INFO Имя канала: TIME UP Drift Team, ID последнего видео: VD124MThe8A
2024-02-11T16:45:00.576831+0600 INFO Проверка канала: Форвард Авто
2024-02-11T16:45:00.578618+0600 INFO Получение имени канала и ID последнего видео ...
2024-02-11T16:45:00.897199+0600 INFO Имя канала: Форвард Авто, ID последнего видео: R_itt4yShkM
2024-02-11T16:45:00.899764+0600 INFO Проверка канала: Игорь Озолин
2024-02-11T16:45:00.901576+0600 INFO Получение имени канала и ID последнего видео ...
2024-02-11T16:45:01.213515+0600 INFO Имя канала: Игорь Озолин, ID последнего видео: u2_XD5B9E9U
2024-02-11T16:45:01.216508+0600 INFO Проверка канала: CARVILLE RACING DRIFT TEAM
2024-02-11T16:45:01.221293+0600 INFO Получение имени канала и ID последнего видео ...
2024-02-11T16:45:01.524001+0600 INFO Имя канала: CARVILLE RACING DRIFT TEAM, ID последнего видео: UtPa3gI1Juo
2024-02-11T16:45:01.525778+0600 INFO Проверка канала: DARKSIDE Xperience
2024-02-11T16:45:01.527346+0600 INFO Получение имени канала и ID последнего видео ...
2024-02-11T16:45:01.850319+0600 INFO Имя канала: DARKSIDE Xperience, ID последнего видео: g99pKQkwiFY
2024-02-11T16:45:01.852007+0600 INFO Проверка канала: FRESH RACING
2024-02-11T16:45:01.853916+0600 INFO Получение имени канала и ID последнего видео ...
2024-02-11T16:45:02.202385+0600 INFO Имя канала: FRESH RACING, ID последнего видео: SJLJgljj53M
2024-02-11T16:45:02.204204+0600 INFO Проверка канала: AIMOL Russia
2024-02-11T16:45:02.206422+0600 INFO Получение имени канала и ID последнего видео ...
2024-02-11T16:45:02.507803+0600 INFO Имя канала: AIMOL Russia, ID последнего видео: B2BslGXxeIg
2024-02-11T16:45:02.509662+0600 INFO Проверка канала: Nikita Shikov
2024-02-11T16:45:02.511878+0600 INFO Получение имени канала и ID последнего видео ...
2024-02-11T16:45:02.822975+0600 INFO Имя канала: Nikita Shikov, ID последнего видео: M-aww1DHy6E
2024-02-11T16:45:02.824632+0600 INFO Проверка канала: BlackDrift - Гоночная команда RDS Europe
2024-02-11T16:45:02.826808+0600 INFO Получение имени канала и ID последнего видео ...
2024-02-11T16:45:03.136105+0600 INFO Имя канала: BlackDrift - Гоночная команда RDS Europe, ID последнего видео: 9tURiY_Q8ck
2024-02-11T16:45:03.137899+0600 INFO Проверка канала: VahrushevDRIFT
2024-02-11T16:45:03.139549+0600 INFO Получение имени канала и ID последнего видео ...
2024-02-11T16:45:03.477284+0600 INFO Имя канала: VahrushevDRIFT, ID последнего видео: jBwAez3wIkg
2024-02-11T16:45:03.479050+0600 INFO Проверка канала: Игора Драйв
2024-02-11T16:45:03.481479+0600 INFO Получение имени канала и ID последнего видео ...
2024-02-11T16:45:03.818932+0600 INFO Имя канала: Игора Драйв, ID последнего видео: hwmyW1nNQb8
2024-02-11T16:46:03.841502+0600 INFO Запуск проверки обновлений видео...
2024-02-11T16:46:03.845605+0600 INFO Проверка канала: Sergey Stilov
2024-02-11T16:46:03.847594+0600 INFO Получение имени канала и ID последнего видео ...
2024-02-11T16:46:04.173117+0600 INFO Имя канала: Sergey Stilov, ID последнего видео: nxooAGi9jU8
2024-02-11T16:46:04.174868+0600 INFO Проверка канала: LuckyStation
2024-02-11T16:46:04.176423+0600 INFO Получение имени канала и ID последнего видео ...
2024-02-11T16:46:04.484630+0600 INFO Имя канала: LuckyStation, ID последнего видео: HtcJQ0z3uDE
2024-02-11T16:46:04.487019+0600 INFO Проверка канала: Российская Дрифт Серия RDS
2024-02-11T16:46:04.489102+0600 INFO Получение имени канала и ID последнего видео ...
2024-02-11T16:46:04.801333+0600 INFO Имя канала: Российская Дрифт Серия RDS, ID последнего видео: PKMe3welX98
2024-02-11T16:46:04.803203+0600 INFO Проверка канала: BoostMotors
2024-02-11T16:46:04.805099+0600 INFO Получение имени канала и ID последнего видео ...
2024-02-11T16:46:05.113936+0600 INFO Имя канала: BoostMotors, ID последнего видео: IkwQVOgk4eo
2024-02-11T16:46:05.116318+0600 INFO Проверка канала: zaRRubin
2024-02-11T16:46:05.118492+0600 INFO Получение имени канала и ID последнего видео ...
2024-02-11T16:46:05.454950+0600 INFO Имя канала: zaRRubin, ID последнего видео: ZuO-ENfwKLc
2024-02-11T16:46:05.457099+0600 INFO Проверка канала: TIME UP Drift Team
2024-02-11T16:46:05.458872+0600 INFO Получение имени канала и ID последнего видео ...
2024-02-11T16:46:05.777190+0600 INFO Имя канала: TIME UP Drift Team, ID последнего видео: VD124MThe8A
2024-02-11T16:46:05.778962+0600 INFO Проверка канала: Форвард Авто
2024-02-11T16:46:05.780597+0600 INFO Получение имени канала и ID последнего видео ...
2024-02-11T16:46:06.092026+0600 INFO Имя канала: Форвард Авто, ID последнего видео: R_itt4yShkM
2024-02-11T16:46:06.093728+0600 INFO Проверка канала: Игорь Озолин
2024-02-11T16:46:06.095287+0600 INFO Получение имени канала и ID последнего видео ...
2024-02-11T16:46:06.405998+0600 INFO Имя канала: Игорь Озолин, ID последнего видео: u2_XD5B9E9U
2024-02-11T16:46:06.407664+0600 INFO Проверка канала: CARVILLE RACING DRIFT TEAM
2024-02-11T16:46:06.409193+0600 INFO Получение имени канала и ID последнего видео ...
2024-02-11T16:46:06.702779+0600 INFO Имя канала: CARVILLE RACING DRIFT TEAM, ID последнего видео: UtPa3gI1Juo
2024-02-11T16:46:06.704450+0600 INFO Проверка канала: DARKSIDE Xperience
2024-02-11T16:46:06.706387+0600 INFO Получение имени канала и ID последнего видео ...
2024-02-11T16:46:07.033205+0600 INFO Имя канала: DARKSIDE Xperience, ID последнего видео: g99pKQkwiFY
2024-02-11T16:46:07.034960+0600 INFO Проверка канала: FRESH RACING
2024-02-11T16:46:07.036535+0600 INFO Получение имени канала и ID последнего видео ...
2024-02-11T16:46:07.363002+0600 INFO Имя канала: FRESH RACING, ID последнего видео: SJLJgljj53M
2024-02-11T16:46:07.365059+0600 INFO Проверка канала: AIMOL Russia
2024-02-11T16:46:07.366755+0600 INFO Получение имени канала и ID последнего видео ...
2024-02-11T16:46:07.693430+0600 INFO Имя канала: AIMOL Russia, ID последнего видео: B2BslGXxeIg
2024-02-11T16:46:07.695280+0600 INFO Проверка канала: Nikita Shikov
2024-02-11T16:46:07.697027+0600 INFO Получение имени канала и ID последнего видео ...
2024-02-11T16:46:08.001283+0600 INFO Имя канала: Nikita Shikov, ID последнего видео: M-aww1DHy6E
2024-02-11T16:46:08.002954+0600 INFO Проверка канала: BlackDrift - Гоночная команда RDS Europe
2024-02-11T16:46:08.004517+0600 INFO Получение имени канала и ID последнего видео ...
2024-02-11T16:46:08.366357+0600 INFO Имя канала: BlackDrift - Гоночная команда RDS Europe, ID последнего видео: 9tURiY_Q8ck
2024-02-11T16:46:08.368023+0600 INFO Проверка канала: VahrushevDRIFT
2024-02-11T16:46:08.369681+0600 INFO Получение имени канала и ID последнего видео ...
2024-02-11T16:46:08.704502+0600 INFO Имя канала: VahrushevDRIFT, ID последнего видео: jBwAez3wIkg
2024-02-11T16:46:08.706261+0600 INFO Проверка канала: Игора Драйв
2024-02-11T16:46:08.707826+0600 INFO Получение имени канала и ID последнего видео ...
2024-02-11T16:46:09.020053+0600 INFO Имя канала: Игора Драйв, ID последнего видео: hwmyW1nNQb8
2024-02-11T16:47:09.044165+0600 INFO Запуск проверки обновлений видео...
2024-02-11T16:47:09.046546+0600 INFO Проверка канала: Sergey Stilov
2024-02-11T16:47:09.048428+0600 INFO Получение имени канала и ID последнего видео ...
2024-02-11T16:47:09.417879+0600 INFO Имя канала: Sergey Stilov, ID последнего видео: nxooAGi9jU8
2024-02-11T16:47:09.419561+0600 INFO Проверка канала: LuckyStation
2024-02-11T16:47:09.421544+0600 INFO Получение имени канала и ID последнего видео ...
2024-02-11T16:47:09.756580+0600 INFO Имя канала: LuckyStation, ID последнего видео: HtcJQ0z3uDE
2024-02-11T16:47:09.758321+0600 INFO Проверка канала: Российская Дрифт Серия RDS
2024-02-11T16:47:09.759865+0600 INFO Получение имени канала и ID последнего видео ...
2024-02-11T16:47:10.149915+0600 INFO Имя канала: Российская Дрифт Серия RDS, ID последнего видео: PKMe3welX98
2024-02-11T16:47:10.152569+0600 INFO Проверка канала: BoostMotors
2024-02-11T16:47:10.154158+0600 INFO Получение имени канала и ID последнего видео ...
2024-02-11T16:47:10.493919+0600 INFO Имя канала: BoostMotors, ID последнего видео: IkwQVOgk4eo
2024-02-11T16:47:10.495624+0600 INFO Проверка канала: zaRRubin
2024-02-11T16:47:10.497163+0600 INFO Получение имени канала и ID последнего видео ...
2024-02-11T16:47:10.868620+0600 INFO Имя канала: zaRRubin, ID последнего видео: ZuO-ENfwKLc
2024-02-11T16:47:10.870365+0600 INFO Проверка канала: TIME UP Drift Team
2024-02-11T16:47:10.871916+0600 INFO Получение имени канала и ID последнего видео ...
2024-02-11T16:47:11.212832+0600 INFO Имя канала: TIME UP Drift Team, ID последнего видео: VD124MThe8A
2024-02-11T16:47:11.215602+0600 INFO Проверка канала: Форвард Авто
2024-02-11T16:47:11.217567+0600 INFO Получение имени канала и ID последнего видео ...
2024-02-11T16:47:11.534894+0600 INFO Имя канала: Форвард Авто, ID последнего видео: R_itt4yShkM
2024-02-11T16:47:11.536558+0600 INFO Проверка канала: Игорь Озолин
2024-02-11T16:47:11.538180+0600 INFO Получение имени канала и ID последнего видео ...
2024-02-11T16:47:11.856198+0600 INFO Имя канала: Игорь Озолин, ID последнего видео: u2_XD5B9E9U
2024-02-11T16:47:11.857952+0600 INFO Проверка канала: CARVILLE RACING DRIFT TEAM
2024-02-11T16:47:11.859538+0600 INFO Получение имени канала и ID последнего видео ...
2024-02-11T16:47:12.155666+0600 INFO Имя канала: CARVILLE RACING DRIFT TEAM, ID последнего видео: UtPa3gI1Juo
2024-02-11T16:47:12.157355+0600 INFO Проверка канала: DARKSIDE Xperience
2024-02-11T16:47:12.165552+0600 INFO Получение имени канала и ID последнего видео ...
2024-02-11T16:47:12.488916+0600 INFO Имя канала: DARKSIDE Xperience, ID последнего видео: g99pKQkwiFY
2024-02-11T16:47:12.490713+0600 INFO Проверка канала: FRESH RACING
2024-02-11T16:47:12.492331+0600 INFO Получение имени канала и ID последнего видео ...
2024-02-11T16:47:12.819344+0600 INFO Имя канала: FRESH RACING, ID последнего видео: SJLJgljj53M
2024-02-11T16:47:12.821821+0600 INFO Проверка канала: AIMOL Russia
2024-02-11T16:47:12.823494+0600 INFO Получение имени канала и ID последнего видео ...
2024-02-11T16:47:13.135769+0600 INFO Имя канала: AIMOL Russia, ID последнего видео: B2BslGXxeIg
2024-02-11T16:47:13.137437+0600 INFO Проверка канала: Nikita Shikov
2024-02-11T16:47:13.139551+0600 INFO Получение имени канала и ID последнего видео ...
2024-02-11T16:47:13.449161+0600 INFO Имя канала: Nikita Shikov, ID последнего видео: M-aww1DHy6E
2024-02-11T16:47:13.450849+0600 INFO Проверка канала: BlackDrift - Гоночная команда RDS Europe
2024-02-11T16:47:13.452528+0600 INFO Получение имени канала и ID последнего видео ...
2024-02-11T16:47:13.756980+0600 INFO Имя канала: BlackDrift - Гоночная команда RDS Europe, ID последнего видео: 9tURiY_Q8ck
2024-02-11T16:47:13.758697+0600 INFO Проверка канала: VahrushevDRIFT
2024-02-11T16:47:13.760420+0600 INFO Получение имени канала и ID последнего видео ...
2024-02-11T16:47:14.077893+0600 INFO Имя канала: VahrushevDRIFT, ID последнего видео: jBwAez3wIkg
2024-02-11T16:47:14.079624+0600 INFO Проверка канала: Игора Драйв
2024-02-11T16:47:14.081341+0600 INFO Получение имени канала и ID последнего видео ...
2024-02-11T16:47:14.417996+0600 INFO Имя канала: Игора Драйв, ID последнего видео: hwmyW1nNQb8
2024-02-11T16:48:14.442228+0600 INFO Запуск проверки обновлений видео...
2024-02-11T16:48:14.444506+0600 INFO Проверка канала: Sergey Stilov
2024-02-11T16:48:14.446255+0600 INFO Получение имени канала и ID последнего видео ...
2024-02-11T16:48:14.800366+0600 INFO Имя канала: Sergey Stilov, ID последнего видео: nxooAGi9jU8
2024-02-11T16:48:14.802210+0600 INFO Проверка канала: LuckyStation
2024-02-11T16:48:14.803910+0600 INFO Получение имени канала и ID последнего видео ...
2024-02-11T16:48:15.127991+0600 INFO Имя канала: LuckyStation, ID последнего видео: HtcJQ0z3uDE
2024-02-11T16:48:15.129690+0600 INFO Проверка канала: Российская Дрифт Серия RDS
2024-02-11T16:48:15.131786+0600 INFO Получение имени канала и ID последнего видео ...
2024-02-11T16:48:15.612067+0600 INFO Имя канала: Российская Дрифт Серия RDS, ID последнего видео: PKMe3welX98
2024-02-11T16:48:15.613903+0600 INFO Проверка канала: BoostMotors
2024-02-11T16:48:15.616254+0600 INFO Получение имени канала и ID последнего видео ...
2024-02-11T16:48:16.063316+0600 INFO Имя канала: BoostMotors, ID последнего видео: IkwQVOgk4eo
2024-02-11T16:48:16.065689+0600 INFO Проверка канала: zaRRubin
2024-02-11T16:48:16.067654+0600 INFO Получение имени канала и ID последнего видео ...
2024-02-11T16:48:16.526755+0600 INFO Имя канала: zaRRubin, ID последнего видео: ZuO-ENfwKLc
2024-02-11T16:48:16.528430+0600 INFO Проверка канала: TIME UP Drift Team
2024-02-11T16:48:16.531582+0600 INFO Получение имени канала и ID последнего видео ...
2024-02-11T16:48:16.867260+0600 INFO Имя канала: TIME UP Drift Team, ID последнего видео: VD124MThe8A
2024-02-11T16:48:16.870106+0600 INFO Проверка канала: Форвард Авто
2024-02-11T16:48:16.872248+0600 INFO Получение имени канала и ID последнего видео ...
2024-02-11T16:48:17.208466+0600 INFO Имя канала: Форвард Авто, ID последнего видео: R_itt4yShkM
2024-02-11T16:48:17.210212+0600 INFO Проверка канала: Игорь Озолин
2024-02-11T16:48:17.211759+0600 INFO Получение имени канала и ID последнего видео ...
2024-02-11T16:48:17.540753+0600 INFO Имя канала: Игорь Озолин, ID последнего видео: u2_XD5B9E9U
2024-02-11T16:48:17.542500+0600 INFO Проверка канала: CARVILLE RACING DRIFT TEAM
2024-02-11T16:48:17.544318+0600 INFO Получение имени канала и ID последнего видео ...
2024-02-11T16:48:17.878110+0600 INFO Имя канала: CARVILLE RACING DRIFT TEAM, ID последнего видео: UtPa3gI1Juo
2024-02-11T16:48:17.879803+0600 INFO Проверка канала: DARKSIDE Xperience
2024-02-11T16:48:17.881449+0600 INFO Получение имени канала и ID последнего видео ...
2024-02-11T16:48:18.219979+0600 INFO Имя канала: DARKSIDE Xperience, ID последнего видео: g99pKQkwiFY
2024-02-11T16:48:18.221736+0600 INFO Проверка канала: FRESH RACING
2024-02-11T16:48:18.223418+0600 INFO Получение имени канала и ID последнего видео ...
2024-02-11T16:48:18.542911+0600 INFO Имя канала: FRESH RACING, ID последнего видео: SJLJgljj53M
2024-02-11T16:48:18.544594+0600 INFO Проверка канала: AIMOL Russia
2024-02-11T16:48:18.546707+0600 INFO Получение имени канала и ID последнего видео ...
2024-02-11T16:48:18.963048+0600 INFO Имя канала: AIMOL Russia, ID последнего видео: B2BslGXxeIg
2024-02-11T16:48:18.964922+0600 INFO Проверка канала: Nikita Shikov
2024-02-11T16:48:18.967130+0600 INFO Получение имени канала и ID последнего видео ...
2024-02-11T16:48:19.287189+0600 INFO Имя канала: Nikita Shikov, ID последнего видео: M-aww1DHy6E
2024-02-11T16:48:19.288895+0600 INFO Проверка канала: BlackDrift - Гоночная команда RDS Europe
2024-02-11T16:48:19.292718+0600 INFO Получение имени канала и ID последнего видео ...
2024-02-11T16:48:19.610335+0600 INFO Имя канала: BlackDrift - Гоночная команда RDS Europe, ID последнего видео: 9tURiY_Q8ck
2024-02-11T16:48:19.612538+0600 INFO Проверка канала: VahrushevDRIFT
2024-02-11T16:48:19.620582+0600 INFO Получение имени канала и ID последнего видео ...
2024-02-11T16:48:19.952200+0600 INFO Имя канала: VahrushevDRIFT, ID последнего видео: jBwAez3wIkg
2024-02-11T16:48:19.953897+0600 INFO Проверка канала: Игора Драйв
2024-02-11T16:48:19.956790+0600 INFO Получение имени канала и ID последнего видео ...
2024-02-11T16:48:20.271619+0600 INFO Имя канала: Игора Драйв, ID последнего видео: hwmyW1nNQb8
2024-02-11T16:49:20.294519+0600 INFO Запуск проверки обновлений видео...
2024-02-11T16:49:20.296761+0600 INFO Проверка канала: Sergey Stilov
2024-02-11T16:49:20.298723+0600 INFO Получение имени канала и ID последнего видео ...
2024-02-11T16:49:20.640508+0600 INFO Имя канала: Sergey Stilov, ID последнего видео: nxooAGi9jU8
2024-02-11T16:49:20.642258+0600 INFO Проверка канала: LuckyStation
2024-02-11T16:49:20.643813+0600 INFO Получение имени канала и ID последнего видео ...
2024-02-11T16:49:20.957199+0600 INFO Имя канала: LuckyStation, ID последнего видео: HtcJQ0z3uDE
2024-02-11T16:49:20.958946+0600 INFO Проверка канала: Российская Дрифт Серия RDS
2024-02-11T16:49:20.960505+0600 INFO Получение имени канала и ID последнего видео ...
2024-02-11T16:49:21.264498+0600 INFO Имя канала: Российская Дрифт Серия RDS, ID последнего видео: PKMe3welX98
2024-02-11T16:49:21.266279+0600 INFO Проверка канала: BoostMotors
2024-02-11T16:49:21.268521+0600 INFO Получение имени канала и ID последнего видео ...
2024-02-11T16:49:21.570489+0600 INFO Имя канала: BoostMotors, ID последнего видео: IkwQVOgk4eo
2024-02-11T16:49:21.572605+0600 INFO Проверка канала: zaRRubin
2024-02-11T16:49:21.574370+0600 INFO Получение имени канала и ID последнего видео ...
2024-02-11T16:49:21.903596+0600 INFO Имя канала: zaRRubin, ID последнего видео: ZuO-ENfwKLc
2024-02-11T16:49:21.905276+0600 INFO Проверка канала: TIME UP Drift Team
2024-02-11T16:49:21.906869+0600 INFO Получение имени канала и ID последнего видео ...
2024-02-11T16:49:22.224850+0600 INFO Имя канала: TIME UP Drift Team, ID последнего видео: VD124MThe8A
2024-02-11T16:49:22.226556+0600 INFO Проверка канала: Форвард Авто
2024-02-11T16:49:22.228323+0600 INFO Получение имени канала и ID последнего видео ...
2024-02-11T16:49:22.538066+0600 INFO Имя канала: Форвард Авто, ID последнего видео: R_itt4yShkM
2024-02-11T16:49:22.539737+0600 INFO Проверка канала: Игорь Озолин
2024-02-11T16:49:22.541297+0600 INFO Получение имени канала и ID последнего видео ...
2024-02-11T16:49:22.851724+0600 INFO Имя канала: Игорь Озолин, ID последнего видео: u2_XD5B9E9U
2024-02-11T16:49:22.853404+0600 INFO Проверка канала: CARVILLE RACING DRIFT TEAM
2024-02-11T16:49:22.855152+0600 INFO Получение имени канала и ID последнего видео ...
2024-02-11T16:49:23.154773+0600 INFO Имя канала: CARVILLE RACING DRIFT TEAM, ID последнего видео: UtPa3gI1Juo
2024-02-11T16:49:23.157033+0600 INFO Проверка канала: DARKSIDE Xperience
2024-02-11T16:49:23.158922+0600 INFO Получение имени канала и ID последнего видео ...
2024-02-11T16:49:23.477758+0600 INFO Имя канала: DARKSIDE Xperience, ID последнего видео: g99pKQkwiFY
2024-02-11T16:49:23.479437+0600 INFO Проверка канала: FRESH RACING
2024-02-11T16:49:23.481014+0600 INFO Получение имени канала и ID последнего видео ...
2024-02-11T16:49:23.822075+0600 INFO Имя канала: FRESH RACING, ID последнего видео: SJLJgljj53M
2024-02-11T16:49:23.823768+0600 INFO Проверка канала: AIMOL Russia
2024-02-11T16:49:23.825314+0600 INFO Получение имени канала и ID последнего видео ...
2024-02-11T16:49:24.136554+0600 INFO Имя канала: AIMOL Russia, ID последнего видео: B2BslGXxeIg
2024-02-11T16:49:24.139469+0600 INFO Проверка канала: Nikita Shikov
2024-02-11T16:49:24.142345+0600 INFO Получение имени канала и ID последнего видео ...
2024-02-11T16:49:24.448922+0600 INFO Имя канала: Nikita Shikov, ID последнего видео: M-aww1DHy6E
2024-02-11T16:49:24.452038+0600 INFO Проверка канала: BlackDrift - Гоночная команда RDS Europe
2024-02-11T16:49:24.454914+0600 INFO Получение имени канала и ID последнего видео ...
2024-02-11T16:49:24.764320+0600 INFO Имя канала: BlackDrift - Гоночная команда RDS Europe, ID последнего видео: 9tURiY_Q8ck
2024-02-11T16:49:24.766072+0600 INFO Проверка канала: VahrushevDRIFT
2024-02-11T16:49:24.767624+0600 INFO Получение имени канала и ID последнего видео ...
2024-02-11T16:49:25.096878+0600 INFO Имя канала: VahrushevDRIFT, ID последнего видео: jBwAez3wIkg
2024-02-11T16:49:25.099343+0600 INFO Проверка канала: Игора Драйв
2024-02-11T16:49:25.101568+0600 INFO Получение имени канала и ID последнего видео ...
2024-02-11T16:49:25.426798+0600 INFO Имя канала: Игора Драйв, ID последнего видео: hwmyW1nNQb8
2024-02-11T16:50:25.451060+0600 INFO Запуск проверки обновлений видео...
2024-02-11T16:50:25.453351+0600 INFO Проверка канала: Sergey Stilov
2024-02-11T16:50:25.456311+0600 INFO Получение имени канала и ID последнего видео ...
2024-02-11T16:50:26.127295+0600 INFO Имя канала: Sergey Stilov, ID последнего видео: nxooAGi9jU8
2024-02-11T16:50:26.128999+0600 INFO Проверка канала: LuckyStation
2024-02-11T16:50:26.130697+0600 INFO Получение имени канала и ID последнего видео ...
2024-02-11T16:50:26.501412+0600 INFO Имя канала: LuckyStation, ID последнего видео: HtcJQ0z3uDE
2024-02-11T16:50:26.505105+0600 INFO Проверка канала: Российская Дрифт Серия RDS
2024-02-11T16:50:26.507136+0600 INFO Получение имени канала и ID последнего видео ...
2024-02-11T16:50:26.856758+0600 INFO Имя канала: Российская Дрифт Серия RDS, ID последнего видео: PKMe3welX98
2024-02-11T16:50:26.858853+0600 INFO Проверка канала: BoostMotors
2024-02-11T16:50:26.861897+0600 INFO Получение имени канала и ID последнего видео ...
2024-02-11T16:50:27.168841+0600 INFO Имя канала: BoostMotors, ID последнего видео: IkwQVOgk4eo
2024-02-11T16:50:27.170552+0600 INFO Проверка канала: zaRRubin
2024-02-11T16:50:27.172553+0600 INFO Получение имени канала и ID последнего видео ...
2024-02-11T16:50:27.507731+0600 INFO Имя канала: zaRRubin, ID последнего видео: ZuO-ENfwKLc
2024-02-11T16:50:27.509420+0600 INFO Проверка канала: TIME UP Drift Team
2024-02-11T16:50:27.511012+0600 INFO Получение имени канала и ID последнего видео ...
2024-02-11T16:50:27.833970+0600 INFO Имя канала: TIME UP Drift Team, ID последнего видео: VD124MThe8A
2024-02-11T16:50:27.836268+0600 INFO Проверка канала: Форвард Авто
2024-02-11T16:50:27.837858+0600 INFO Получение имени канала и ID последнего видео ...
2024-02-11T16:50:28.159056+0600 INFO Имя канала: Форвард Авто, ID последнего видео: R_itt4yShkM
2024-02-11T16:50:28.160725+0600 INFO Проверка канала: Игорь Озолин
2024-02-11T16:50:28.162351+0600 INFO Получение имени канала и ID последнего видео ...
2024-02-11T16:50:28.479521+0600 INFO Имя канала: Игорь Озолин, ID последнего видео: u2_XD5B9E9U
2024-02-11T16:50:28.481187+0600 INFO Проверка канала: CARVILLE RACING DRIFT TEAM
2024-02-11T16:50:28.483309+0600 INFO Получение имени канала и ID последнего видео ...
2024-02-11T16:50:28.792579+0600 INFO Имя канала: CARVILLE RACING DRIFT TEAM, ID последнего видео: UtPa3gI1Juo
2024-02-11T16:50:28.794539+0600 INFO Проверка канала: DARKSIDE Xperience
2024-02-11T16:50:28.796217+0600 INFO Получение имени канала и ID последнего видео ...
2024-02-11T16:50:29.135157+0600 INFO Имя канала: DARKSIDE Xperience, ID последнего видео: g99pKQkwiFY
2024-02-11T16:50:29.137488+0600 INFO Проверка канала: FRESH RACING
2024-02-11T16:50:29.139804+0600 INFO Получение имени канала и ID последнего видео ...
2024-02-11T16:50:29.468161+0600 INFO Имя канала: FRESH RACING, ID последнего видео: SJLJgljj53M
2024-02-11T16:50:29.477350+0600 INFO Проверка канала: AIMOL Russia
2024-02-11T16:50:29.501471+0600 INFO Получение имени канала и ID последнего видео ...
2024-02-11T16:50:29.811504+0600 INFO Имя канала: AIMOL Russia, ID последнего видео: B2BslGXxeIg
2024-02-11T16:50:29.813910+0600 INFO Проверка канала: Nikita Shikov
2024-02-11T16:50:29.815703+0600 INFO Получение имени канала и ID последнего видео ...
2024-02-11T16:50:30.200267+0600 INFO Имя канала: Nikita Shikov, ID последнего видео: M-aww1DHy6E
2024-02-11T16:50:30.202381+0600 INFO Проверка канала: BlackDrift - Гоночная команда RDS Europe
2024-02-11T16:50:30.205125+0600 INFO Получение имени канала и ID последнего видео ...
2024-02-11T16:50:30.551551+0600 INFO Имя канала: BlackDrift - Гоночная команда RDS Europe, ID последнего видео: 9tURiY_Q8ck
2024-02-11T16:50:30.553241+0600 INFO Проверка канала: VahrushevDRIFT
2024-02-11T16:50:30.554976+0600 INFO Получение имени канала и ID последнего видео ...
2024-02-11T16:50:30.897300+0600 INFO Имя канала: VahrushevDRIFT, ID последнего видео: jBwAez3wIkg
2024-02-11T16:50:30.899030+0600 INFO Проверка канала: Игора Драйв
2024-02-11T16:50:30.907374+0600 INFO Получение имени канала и ID последнего видео ...
2024-02-11T16:50:31.225730+0600 INFO Имя канала: Игора Драйв, ID последнего видео: hwmyW1nNQb8
2024-02-11T16:51:31.249995+0600 INFO Запуск проверки обновлений видео...
2024-02-11T16:51:31.252240+0600 INFO Проверка канала: Sergey Stilov
2024-02-11T16:51:31.254532+0600 INFO Получение имени канала и ID последнего видео ...
2024-02-11T16:51:31.628506+0600 INFO Имя канала: Sergey Stilov, ID последнего видео: nxooAGi9jU8
2024-02-11T16:51:31.630248+0600 INFO Проверка канала: LuckyStation
2024-02-11T16:51:31.631759+0600 INFO Получение имени канала и ID последнего видео ...
2024-02-11T16:51:31.969766+0600 INFO Имя канала: LuckyStation, ID последнего видео: HtcJQ0z3uDE
2024-02-11T16:51:31.971437+0600 INFO Проверка канала: Российская Дрифт Серия RDS
2024-02-11T16:51:31.973462+0600 INFO Получение имени канала и ID последнего видео ...
2024-02-11T16:51:32.310929+0600 INFO Имя канала: Российская Дрифт Серия RDS, ID последнего видео: PKMe3welX98
2024-02-11T16:51:32.313802+0600 INFO Проверка канала: BoostMotors
2024-02-11T16:51:32.315922+0600 INFO Получение имени канала и ID последнего видео ...
2024-02-11T16:51:32.642148+0600 INFO Имя канала: BoostMotors, ID последнего видео: IkwQVOgk4eo
2024-02-11T16:51:32.644540+0600 INFO Проверка канала: zaRRubin
2024-02-11T16:51:32.646425+0600 INFO Получение имени канала и ID последнего видео ...
2024-02-11T16:51:32.963637+0600 INFO Имя канала: zaRRubin, ID последнего видео: ZuO-ENfwKLc
2024-02-11T16:51:32.965345+0600 INFO Проверка канала: TIME UP Drift Team
2024-02-11T16:51:32.966966+0600 INFO Получение имени канала и ID последнего видео ...
2024-02-11T16:51:33.291535+0600 INFO Имя канала: TIME UP Drift Team, ID последнего видео: VD124MThe8A
2024-02-11T16:51:33.294054+0600 INFO Проверка канала: Форвард Авто
2024-02-11T16:51:33.296215+0600 INFO Получение имени канала и ID последнего видео ...
2024-02-11T16:51:33.634201+0600 INFO Имя канала: Форвард Авто, ID последнего видео: R_itt4yShkM
2024-02-11T16:51:33.635872+0600 INFO Проверка канала: Игорь Озолин
2024-02-11T16:51:33.637399+0600 INFO Получение имени канала и ID последнего видео ...
2024-02-11T16:51:33.944784+0600 INFO Имя канала: Игорь Озолин, ID последнего видео: u2_XD5B9E9U
2024-02-11T16:51:33.946548+0600 INFO Проверка канала: CARVILLE RACING DRIFT TEAM
2024-02-11T16:51:33.948089+0600 INFO Получение имени канала и ID последнего видео ...
2024-02-11T16:51:34.261273+0600 INFO Имя канала: CARVILLE RACING DRIFT TEAM, ID последнего видео: UtPa3gI1Juo
2024-02-11T16:51:34.262966+0600 INFO Проверка канала: DARKSIDE Xperience
2024-02-11T16:51:34.264484+0600 INFO Получение имени канала и ID последнего видео ...
2024-02-11T16:51:34.585805+0600 INFO Имя канала: DARKSIDE Xperience, ID последнего видео: g99pKQkwiFY
2024-02-11T16:51:34.587509+0600 INFO Проверка канала: FRESH RACING
2024-02-11T16:51:34.589132+0600 INFO Получение имени канала и ID последнего видео ...
2024-02-11T16:51:34.905776+0600 INFO Имя канала: FRESH RACING, ID последнего видео: SJLJgljj53M
2024-02-11T16:51:34.908186+0600 INFO Проверка канала: AIMOL Russia
2024-02-11T16:51:34.910079+0600 INFO Получение имени канала и ID последнего видео ...
2024-02-11T16:51:35.468773+0600 INFO Имя канала: AIMOL Russia, ID последнего видео: B2BslGXxeIg
2024-02-11T16:51:35.470532+0600 INFO Проверка канала: Nikita Shikov
2024-02-11T16:51:35.472264+0600 INFO Получение имени канала и ID последнего видео ...
2024-02-11T16:51:35.818498+0600 INFO Имя канала: Nikita Shikov, ID последнего видео: M-aww1DHy6E
2024-02-11T16:51:35.820816+0600 INFO Проверка канала: BlackDrift - Гоночная команда RDS Europe
2024-02-11T16:51:35.823520+0600 INFO Получение имени канала и ID последнего видео ...
2024-02-11T16:51:36.157181+0600 INFO Имя канала: BlackDrift - Гоночная команда RDS Europe, ID последнего видео: 9tURiY_Q8ck
2024-02-11T16:51:36.159002+0600 INFO Проверка канала: VahrushevDRIFT
2024-02-11T16:51:36.160683+0600 INFO Получение имени канала и ID последнего видео ...
2024-02-11T16:51:36.492873+0600 INFO Имя канала: VahrushevDRIFT, ID последнего видео: jBwAez3wIkg
2024-02-11T16:51:36.494598+0600 INFO Проверка канала: Игора Драйв
2024-02-11T16:51:36.496134+0600 INFO Получение имени канала и ID последнего видео ...
2024-02-11T16:51:36.805509+0600 INFO Имя канала: Игора Драйв, ID последнего видео: hwmyW1nNQb8
2024-02-11T16:52:36.828489+0600 INFO Запуск проверки обновлений видео...
2024-02-11T16:52:36.830865+0600 INFO Проверка канала: Sergey Stilov
2024-02-11T16:52:36.832943+0600 INFO Получение имени канала и ID последнего видео ...
2024-02-11T16:52:37.182043+0600 INFO Имя канала: Sergey Stilov, ID последнего видео: nxooAGi9jU8
2024-02-11T16:52:37.183704+0600 INFO Проверка канала: LuckyStation
2024-02-11T16:52:37.185259+0600 INFO Получение имени канала и ID последнего видео ...
2024-02-11T16:52:37.518087+0600 INFO Имя канала: LuckyStation, ID последнего видео: HtcJQ0z3uDE
2024-02-11T16:52:37.519768+0600 INFO Проверка канала: Российская Дрифт Серия RDS
2024-02-11T16:52:37.521315+0600 INFO Получение имени канала и ID последнего видео ...
2024-02-11T16:52:37.880414+0600 INFO Имя канала: Российская Дрифт Серия RDS, ID последнего видео: PKMe3welX98
2024-02-11T16:52:37.882908+0600 INFO Проверка канала: BoostMotors
2024-02-11T16:52:37.884924+0600 INFO Получение имени канала и ID последнего видео ...
2024-02-11T16:52:38.202615+0600 INFO Имя канала: BoostMotors, ID последнего видео: IkwQVOgk4eo
2024-02-11T16:52:38.204278+0600 INFO Проверка канала: zaRRubin
2024-02-11T16:52:38.205841+0600 INFO Получение имени канала и ID последнего видео ...
2024-02-11T16:52:38.526088+0600 INFO Имя канала: zaRRubin, ID последнего видео: ZuO-ENfwKLc
2024-02-11T16:52:38.527788+0600 INFO Проверка канала: TIME UP Drift Team
2024-02-11T16:52:38.529430+0600 INFO Получение имени канала и ID последнего видео ...
2024-02-11T16:52:38.850257+0600 INFO Имя канала: TIME UP Drift Team, ID последнего видео: VD124MThe8A
2024-02-11T16:52:38.852319+0600 INFO Проверка канала: Форвард Авто
2024-02-11T16:52:38.854090+0600 INFO Получение имени канала и ID последнего видео ...
2024-02-11T16:52:39.460785+0600 INFO Имя канала: Форвард Авто, ID последнего видео: R_itt4yShkM
2024-02-11T16:52:39.462495+0600 INFO Проверка канала: Игорь Озолин
2024-02-11T16:52:39.464594+0600 INFO Получение имени канала и ID последнего видео ...
2024-02-11T16:52:40.291288+0600 INFO Имя канала: Игорь Озолин, ID последнего видео: u2_XD5B9E9U
2024-02-11T16:52:40.293603+0600 INFO Проверка канала: CARVILLE RACING DRIFT TEAM
2024-02-11T16:52:40.295484+0600 INFO Получение имени канала и ID последнего видео ...
2024-02-11T16:52:40.635501+0600 INFO Имя канала: CARVILLE RACING DRIFT TEAM, ID последнего видео: UtPa3gI1Juo
2024-02-11T16:52:40.637242+0600 INFO Проверка канала: DARKSIDE Xperience
2024-02-11T16:52:40.638905+0600 INFO Получение имени канала и ID последнего видео ...
2024-02-11T16:52:40.966629+0600 INFO Имя канала: DARKSIDE Xperience, ID последнего видео: g99pKQkwiFY
2024-02-11T16:52:40.968296+0600 INFO Проверка канала: FRESH RACING
2024-02-11T16:52:40.970001+0600 INFO Получение имени канала и ID последнего видео ...
2024-02-11T16:52:41.313709+0600 INFO Имя канала: FRESH RACING, ID последнего видео: SJLJgljj53M
2024-02-11T16:52:41.315383+0600 INFO Проверка канала: AIMOL Russia
2024-02-11T16:52:41.317399+0600 INFO Получение имени канала и ID последнего видео ...
2024-02-11T16:52:41.653973+0600 INFO Имя канала: AIMOL Russia, ID последнего видео: B2BslGXxeIg
2024-02-11T16:52:41.656141+0600 INFO Проверка канала: Nikita Shikov
2024-02-11T16:52:41.658354+0600 INFO Получение имени канала и ID последнего видео ...
2024-02-11T16:52:42.004103+0600 INFO Имя канала: Nikita Shikov, ID последнего видео: M-aww1DHy6E
2024-02-11T16:52:42.005879+0600 INFO Проверка канала: BlackDrift - Гоночная команда RDS Europe
2024-02-11T16:52:42.007886+0600 INFO Получение имени канала и ID последнего видео ...
2024-02-11T16:52:42.373783+0600 INFO Имя канала: BlackDrift - Гоночная команда RDS Europe, ID последнего видео: 9tURiY_Q8ck
2024-02-11T16:52:42.375567+0600 INFO Проверка канала: VahrushevDRIFT
2024-02-11T16:52:42.377093+0600 INFO Получение имени канала и ID последнего видео ...
2024-02-11T16:52:42.693307+0600 INFO Имя канала: VahrushevDRIFT, ID последнего видео: jBwAez3wIkg
2024-02-11T16:52:42.695573+0600 INFO Проверка канала: Игора Драйв
2024-02-11T16:52:42.697816+0600 INFO Получение имени канала и ID последнего видео ...
2024-02-11T16:52:43.017486+0600 INFO Имя канала: Игора Драйв, ID последнего видео: hwmyW1nNQb8
2024-02-11T16:53:43.041339+0600 INFO Запуск проверки обновлений видео...
2024-02-11T16:53:43.043675+0600 INFO Проверка канала: Sergey Stilov
2024-02-11T16:53:43.051810+0600 INFO Получение имени канала и ID последнего видео ...
2024-02-11T16:53:43.412826+0600 INFO Имя канала: Sergey Stilov, ID последнего видео: nxooAGi9jU8
2024-02-11T16:53:43.414527+0600 INFO Проверка канала: LuckyStation
2024-02-11T16:53:43.416049+0600 INFO Получение имени канала и ID последнего видео ...
2024-02-11T16:53:44.253486+0600 INFO Имя канала: LuckyStation, ID последнего видео: HtcJQ0z3uDE
2024-02-11T16:53:44.255800+0600 INFO Проверка канала: Российская Дрифт Серия RDS
2024-02-11T16:53:44.257362+0600 INFO Получение имени канала и ID последнего видео ...
2024-02-11T16:53:44.569066+0600 INFO Имя канала: Российская Дрифт Серия RDS, ID последнего видео: PKMe3welX98
2024-02-11T16:53:44.570774+0600 INFO Проверка канала: BoostMotors
2024-02-11T16:53:44.572343+0600 INFO Получение имени канала и ID последнего видео ...
2024-02-11T16:53:44.874921+0600 INFO Имя канала: BoostMotors, ID последнего видео: IkwQVOgk4eo
2024-02-11T16:53:44.876600+0600 INFO Проверка канала: zaRRubin
2024-02-11T16:53:44.878585+0600 INFO Получение имени канала и ID последнего видео ...
2024-02-11T16:53:45.209726+0600 INFO Имя канала: zaRRubin, ID последнего видео: ZuO-ENfwKLc
2024-02-11T16:53:45.211496+0600 INFO Проверка канала: TIME UP Drift Team
2024-02-11T16:53:45.213345+0600 INFO Получение имени канала и ID последнего видео ...
2024-02-11T16:53:45.541781+0600 INFO Имя канала: TIME UP Drift Team, ID последнего видео: VD124MThe8A
2024-02-11T16:53:45.543449+0600 INFO Проверка канала: Форвард Авто
2024-02-11T16:53:45.545007+0600 INFO Получение имени канала и ID последнего видео ...
2024-02-11T16:53:45.877337+0600 INFO Имя канала: Форвард Авто, ID последнего видео: R_itt4yShkM
2024-02-11T16:53:45.879097+0600 INFO Проверка канала: Игорь Озолин
2024-02-11T16:53:45.880782+0600 INFO Получение имени канала и ID последнего видео ...
2024-02-11T16:53:46.332588+0600 INFO Имя канала: Игорь Озолин, ID последнего видео: u2_XD5B9E9U
2024-02-11T16:53:46.334276+0600 INFO Проверка канала: CARVILLE RACING DRIFT TEAM
2024-02-11T16:53:46.335901+0600 INFO Получение имени канала и ID последнего видео ...
2024-02-11T16:53:46.881681+0600 INFO Имя канала: CARVILLE RACING DRIFT TEAM, ID последнего видео: UtPa3gI1Juo
2024-02-11T16:53:46.883408+0600 INFO Проверка канала: DARKSIDE Xperience
2024-02-11T16:53:46.885119+0600 INFO Получение имени канала и ID последнего видео ...
2024-02-11T16:53:47.215588+0600 INFO Имя канала: DARKSIDE Xperience, ID последнего видео: g99pKQkwiFY
2024-02-11T16:53:47.219773+0600 INFO Проверка канала: FRESH RACING
2024-02-11T16:53:47.221261+0600 INFO Получение имени канала и ID последнего видео ...
2024-02-11T16:53:47.546325+0600 INFO Имя канала: FRESH RACING, ID последнего видео: SJLJgljj53M
2024-02-11T16:53:47.548657+0600 INFO Проверка канала: AIMOL Russia
2024-02-11T16:53:47.550663+0600 INFO Получение имени канала и ID последнего видео ...
2024-02-11T16:53:47.858474+0600 INFO Имя канала: AIMOL Russia, ID последнего видео: B2BslGXxeIg
2024-02-11T16:53:47.860182+0600 INFO Проверка канала: Nikita Shikov
2024-02-11T16:53:47.861807+0600 INFO Получение имени канала и ID последнего видео ...
2024-02-11T16:53:48.328662+0600 INFO Имя канала: Nikita Shikov, ID последнего видео: M-aww1DHy6E
2024-02-11T16:53:48.330419+0600 INFO Проверка канала: BlackDrift - Гоночная команда RDS Europe
2024-02-11T16:53:48.338347+0600 INFO Получение имени канала и ID последнего видео ...
2024-02-11T16:53:49.011048+0600 INFO Имя канала: BlackDrift - Гоночная команда RDS Europe, ID последнего видео: 9tURiY_Q8ck
2024-02-11T16:53:49.012718+0600 INFO Проверка канала: VahrushevDRIFT
2024-02-11T16:53:49.014358+0600 INFO Получение имени канала и ID последнего видео ...
2024-02-11T16:53:49.582002+0600 INFO Имя канала: VahrushevDRIFT, ID последнего видео: jBwAez3wIkg
2024-02-11T16:53:49.583634+0600 INFO Проверка канала: Игора Драйв
2024-02-11T16:53:49.585308+0600 INFO Получение имени канала и ID последнего видео ...
2024-02-11T16:53:49.897545+0600 INFO Имя канала: Игора Драйв, ID последнего видео: hwmyW1nNQb8
2024-02-11T16:54:49.924454+0600 INFO Запуск проверки обновлений видео...
2024-02-11T16:54:49.926789+0600 INFO Проверка канала: Sergey Stilov
2024-02-11T16:54:49.928487+0600 INFO Получение имени канала и ID последнего видео ...
2024-02-11T16:54:50.817281+0600 INFO Имя канала: Sergey Stilov, ID последнего видео: nxooAGi9jU8
2024-02-11T16:54:50.819038+0600 INFO Проверка канала: LuckyStation
2024-02-11T16:54:50.821121+0600 INFO Получение имени канала и ID последнего видео ...
2024-02-11T16:54:51.204717+0600 INFO Имя канала: LuckyStation, ID последнего видео: HtcJQ0z3uDE
2024-02-11T16:54:51.206428+0600 INFO Проверка канала: Российская Дрифт Серия RDS
2024-02-11T16:54:51.207980+0600 INFO Получение имени канала и ID последнего видео ...
2024-02-11T16:54:51.645287+0600 INFO Имя канала: Российская Дрифт Серия RDS, ID последнего видео: PKMe3welX98
2024-02-11T16:54:51.647018+0600 INFO Проверка канала: BoostMotors
2024-02-11T16:54:51.648557+0600 INFO Получение имени канала и ID последнего видео ...
2024-02-11T16:54:51.940492+0600 INFO Имя канала: BoostMotors, ID последнего видео: IkwQVOgk4eo
2024-02-11T16:54:51.942121+0600 INFO Проверка канала: zaRRubin
2024-02-11T16:54:51.943812+0600 INFO Получение имени канала и ID последнего видео ...
2024-02-11T16:54:52.486883+0600 INFO Имя канала: zaRRubin, ID последнего видео: ZuO-ENfwKLc
2024-02-11T16:54:52.488565+0600 INFO Проверка канала: TIME UP Drift Team
2024-02-11T16:54:52.490156+0600 INFO Получение имени канала и ID последнего видео ...
2024-02-11T16:54:52.796473+0600 INFO Имя канала: TIME UP Drift Team, ID последнего видео: VD124MThe8A
2024-02-11T16:54:52.798349+0600 INFO Проверка канала: Форвард Авто
2024-02-11T16:54:52.800111+0600 INFO Получение имени канала и ID последнего видео ...
2024-02-11T16:54:53.133109+0600 INFO Имя канала: Форвард Авто, ID последнего видео: R_itt4yShkM
2024-02-11T16:54:53.134908+0600 INFO Проверка канала: Игорь Озолин
2024-02-11T16:54:53.136690+0600 INFO Получение имени канала и ID последнего видео ...
2024-02-11T16:54:53.446373+0600 INFO Имя канала: Игорь Озолин, ID последнего видео: u2_XD5B9E9U
2024-02-11T16:54:53.448024+0600 INFO Проверка канала: CARVILLE RACING DRIFT TEAM
2024-02-11T16:54:53.449548+0600 INFO Получение имени канала и ID последнего видео ...
2024-02-11T16:54:53.791153+0600 INFO Имя канала: CARVILLE RACING DRIFT TEAM, ID последнего видео: UtPa3gI1Juo
2024-02-11T16:54:53.793893+0600 INFO Проверка канала: DARKSIDE Xperience
2024-02-11T16:54:53.795930+0600 INFO Получение имени канала и ID последнего видео ...
2024-02-11T16:54:54.119320+0600 INFO Имя канала: DARKSIDE Xperience, ID последнего видео: g99pKQkwiFY
2024-02-11T16:54:54.120994+0600 INFO Проверка канала: FRESH RACING
2024-02-11T16:54:54.122577+0600 INFO Получение имени канала и ID последнего видео ...
2024-02-11T16:54:54.443685+0600 INFO Имя канала: FRESH RACING, ID последнего видео: SJLJgljj53M
2024-02-11T16:54:54.446326+0600 INFO Проверка канала: AIMOL Russia
2024-02-11T16:54:54.448832+0600 INFO Получение имени канала и ID последнего видео ...
2024-02-11T16:54:54.774196+0600 INFO Имя канала: AIMOL Russia, ID последнего видео: B2BslGXxeIg
2024-02-11T16:54:54.775966+0600 INFO Проверка канала: Nikita Shikov
2024-02-11T16:54:54.777486+0600 INFO Получение имени канала и ID последнего видео ...
2024-02-11T16:54:55.097852+0600 INFO Имя канала: Nikita Shikov, ID последнего видео: M-aww1DHy6E
2024-02-11T16:54:55.100267+0600 INFO Проверка канала: BlackDrift - Гоночная команда RDS Europe
2024-02-11T16:54:55.102543+0600 INFO Получение имени канала и ID последнего видео ...
2024-02-11T16:54:55.458870+0600 INFO Имя канала: BlackDrift - Гоночная команда RDS Europe, ID последнего видео: 9tURiY_Q8ck
2024-02-11T16:54:55.460663+0600 INFO Проверка канала: VahrushevDRIFT
2024-02-11T16:54:55.462307+0600 INFO Получение имени канала и ID последнего видео ...
2024-02-11T16:54:55.788031+0600 INFO Имя канала: VahrushevDRIFT, ID последнего видео: jBwAez3wIkg
2024-02-11T16:54:55.790281+0600 INFO Проверка канала: Игора Драйв
2024-02-11T16:54:55.792463+0600 INFO Получение имени канала и ID последнего видео ...
2024-02-11T16:54:56.092492+0600 INFO Имя канала: Игора Драйв, ID последнего видео: hwmyW1nNQb8
2024-02-11T16:55:56.115924+0600 INFO Запуск проверки обновлений видео...
2024-02-11T16:55:56.118235+0600 INFO Проверка канала: Sergey Stilov
2024-02-11T16:55:56.120369+0600 INFO Получение имени канала и ID последнего видео ...
2024-02-11T16:55:56.576010+0600 INFO Имя канала: Sergey Stilov, ID последнего видео: nxooAGi9jU8
2024-02-11T16:55:56.577783+0600 INFO Проверка канала: LuckyStation
2024-02-11T16:55:56.579380+0600 INFO Получение имени канала и ID последнего видео ...
2024-02-11T16:55:56.982818+0600 INFO Имя канала: LuckyStation, ID последнего видео: HtcJQ0z3uDE
2024-02-11T16:55:56.984536+0600 INFO Проверка канала: Российская Дрифт Серия RDS
2024-02-11T16:55:56.986167+0600 INFO Получение имени канала и ID последнего видео ...
2024-02-11T16:55:57.316199+0600 INFO Имя канала: Российская Дрифт Серия RDS, ID последнего видео: PKMe3welX98
2024-02-11T16:55:57.317506+0600 INFO Проверка канала: BoostMotors
2024-02-11T16:55:57.318702+0600 INFO Получение имени канала и ID последнего видео ...
2024-02-11T16:55:57.615530+0600 INFO Имя канала: BoostMotors, ID последнего видео: IkwQVOgk4eo
2024-02-11T16:55:57.617681+0600 INFO Проверка канала: zaRRubin
2024-02-11T16:55:57.619346+0600 INFO Получение имени канала и ID последнего видео ...
2024-02-11T16:55:57.943431+0600 INFO Имя канала: zaRRubin, ID последнего видео: ZuO-ENfwKLc
2024-02-11T16:55:57.945547+0600 INFO Проверка канала: TIME UP Drift Team
2024-02-11T16:55:57.947493+0600 INFO Получение имени канала и ID последнего видео ...
2024-02-11T16:55:58.290261+0600 INFO Имя канала: TIME UP Drift Team, ID последнего видео: VD124MThe8A
2024-02-11T16:55:58.292688+0600 INFO Проверка канала: Форвард Авто
2024-02-11T16:55:58.295161+0600 INFO Получение имени канала и ID последнего видео ...
2024-02-11T16:55:58.672035+0600 INFO Имя канала: Форвард Авто, ID последнего видео: R_itt4yShkM
2024-02-11T16:55:58.674374+0600 INFO Проверка канала: Игорь Озолин
2024-02-11T16:55:58.676490+0600 INFO Получение имени канала и ID последнего видео ...
2024-02-11T16:55:58.987991+0600 INFO Имя канала: Игорь Озолин, ID последнего видео: u2_XD5B9E9U
2024-02-11T16:55:58.990456+0600 INFO Проверка канала: CARVILLE RACING DRIFT TEAM
2024-02-11T16:55:58.992411+0600 INFO Получение имени канала и ID последнего видео ...
2024-02-11T16:55:59.294534+0600 INFO Имя канала: CARVILLE RACING DRIFT TEAM, ID последнего видео: UtPa3gI1Juo
2024-02-11T16:55:59.296192+0600 INFO Проверка канала: DARKSIDE Xperience
2024-02-11T16:55:59.297876+0600 INFO Получение имени канала и ID последнего видео ...
2024-02-11T16:55:59.602395+0600 INFO Имя канала: DARKSIDE Xperience, ID последнего видео: g99pKQkwiFY
2024-02-11T16:55:59.604065+0600 INFO Проверка канала: FRESH RACING
2024-02-11T16:55:59.606111+0600 INFO Получение имени канала и ID последнего видео ...
2024-02-11T16:55:59.914427+0600 INFO Имя канала: FRESH RACING, ID последнего видео: SJLJgljj53M
2024-02-11T16:55:59.916117+0600 INFO Проверка канала: AIMOL Russia
2024-02-11T16:55:59.917721+0600 INFO Получение имени канала и ID последнего видео ...
2024-02-11T16:56:00.225913+0600 INFO Имя канала: AIMOL Russia, ID последнего видео: B2BslGXxeIg
2024-02-11T16:56:00.227578+0600 INFO Проверка канала: Nikita Shikov
2024-02-11T16:56:00.229304+0600 INFO Получение имени канала и ID последнего видео ...
2024-02-11T16:56:00.539266+0600 INFO Имя канала: Nikita Shikov, ID последнего видео: M-aww1DHy6E
2024-02-11T16:56:00.540938+0600 INFO Проверка канала: BlackDrift - Гоночная команда RDS Europe
2024-02-11T16:56:00.542542+0600 INFO Получение имени канала и ID последнего видео ...
2024-02-11T16:56:00.852550+0600 INFO Имя канала: BlackDrift - Гоночная команда RDS Europe, ID последнего видео: 9tURiY_Q8ck
2024-02-11T16:56:00.854260+0600 INFO Проверка канала: VahrushevDRIFT
2024-02-11T16:56:00.855882+0600 INFO Получение имени канала и ID последнего видео ...
2024-02-11T16:56:01.172831+0600 INFO Имя канала: VahrushevDRIFT, ID последнего видео: jBwAez3wIkg
2024-02-11T16:56:01.174614+0600 INFO Проверка канала: Игора Драйв
2024-02-11T16:56:01.176170+0600 INFO Получение имени канала и ID последнего видео ...
2024-02-11T16:56:01.495414+0600 INFO Имя канала: Игора Драйв, ID последнего видео: hwmyW1nNQb8
2024-02-11T16:57:01.518713+0600 INFO Запуск проверки обновлений видео...
2024-02-11T16:57:01.520980+0600 INFO Проверка канала: Sergey Stilov
2024-02-11T16:57:01.523992+0600 INFO Получение имени канала и ID последнего видео ...
2024-02-11T16:57:01.864182+0600 INFO Имя канала: Sergey Stilov, ID последнего видео: nxooAGi9jU8
2024-02-11T16:57:01.865951+0600 INFO Проверка канала: LuckyStation
2024-02-11T16:57:01.867514+0600 INFO Получение имени канала и ID последнего видео ...
2024-02-11T16:57:02.188519+0600 INFO Имя канала: LuckyStation, ID последнего видео: HtcJQ0z3uDE
2024-02-11T16:57:02.190267+0600 INFO Проверка канала: Российская Дрифт Серия RDS
2024-02-11T16:57:02.192000+0600 INFO Получение имени канала и ID последнего видео ...
2024-02-11T16:57:02.508934+0600 INFO Имя канала: Российская Дрифт Серия RDS, ID последнего видео: PKMe3welX98
2024-02-11T16:57:02.511498+0600 INFO Проверка канала: BoostMotors
2024-02-11T16:57:02.513218+0600 INFO Получение имени канала и ID последнего видео ...
2024-02-11T16:57:02.880462+0600 INFO Имя канала: BoostMotors, ID последнего видео: IkwQVOgk4eo
2024-02-11T16:57:02.882197+0600 INFO Проверка канала: zaRRubin
2024-02-11T16:57:02.884194+0600 INFO Получение имени канала и ID последнего видео ...
2024-02-11T16:57:03.219624+0600 INFO Имя канала: zaRRubin, ID последнего видео: ZuO-ENfwKLc
2024-02-11T16:57:03.220997+0600 INFO Проверка канала: TIME UP Drift Team
2024-02-11T16:57:03.224329+0600 INFO Получение имени канала и ID последнего видео ...
2024-02-11T16:57:03.532383+0600 INFO Имя канала: TIME UP Drift Team, ID последнего видео: VD124MThe8A
2024-02-11T16:57:03.534126+0600 INFO Проверка канала: Форвард Авто
2024-02-11T16:57:03.535693+0600 INFO Получение имени канала и ID последнего видео ...
2024-02-11T16:57:03.857671+0600 INFO Имя канала: Форвард Авто, ID последнего видео: R_itt4yShkM
2024-02-11T16:57:03.859728+0600 INFO Проверка канала: Игорь Озолин
2024-02-11T16:57:03.861388+0600 INFO Получение имени канала и ID последнего видео ...
2024-02-11T16:57:04.168851+0600 INFO Имя канала: Игорь Озолин, ID последнего видео: u2_XD5B9E9U
2024-02-11T16:57:04.170978+0600 INFO Проверка канала: CARVILLE RACING DRIFT TEAM
2024-02-11T16:57:04.172647+0600 INFO Получение имени канала и ID последнего видео ...
2024-02-11T16:57:04.480654+0600 INFO Имя канала: CARVILLE RACING DRIFT TEAM, ID последнего видео: UtPa3gI1Juo
2024-02-11T16:57:04.482365+0600 INFO Проверка канала: DARKSIDE Xperience
2024-02-11T16:57:04.484066+0600 INFO Получение имени канала и ID последнего видео ...
2024-02-11T16:57:04.802092+0600 INFO Имя канала: DARKSIDE Xperience, ID последнего видео: g99pKQkwiFY
2024-02-11T16:57:04.804659+0600 INFO Проверка канала: FRESH RACING
2024-02-11T16:57:04.806711+0600 INFO Получение имени канала и ID последнего видео ...
2024-02-11T16:57:05.111491+0600 INFO Имя канала: FRESH RACING, ID последнего видео: SJLJgljj53M
2024-02-11T16:57:05.113153+0600 INFO Проверка канала: AIMOL Russia
2024-02-11T16:57:05.115233+0600 INFO Получение имени канала и ID последнего видео ...
2024-02-11T16:57:05.418150+0600 INFO Имя канала: AIMOL Russia, ID последнего видео: B2BslGXxeIg
2024-02-11T16:57:05.419829+0600 INFO Проверка канала: Nikita Shikov
2024-02-11T16:57:05.421876+0600 INFO Получение имени канала и ID последнего видео ...
2024-02-11T16:57:05.729047+0600 INFO Имя канала: Nikita Shikov, ID последнего видео: M-aww1DHy6E
2024-02-11T16:57:05.730744+0600 INFO Проверка канала: BlackDrift - Гоночная команда RDS Europe
2024-02-11T16:57:05.732838+0600 INFO Получение имени канала и ID последнего видео ...
2024-02-11T16:57:06.056945+0600 INFO Имя канала: BlackDrift - Гоночная команда RDS Europe, ID последнего видео: 9tURiY_Q8ck
2024-02-11T16:57:06.058667+0600 INFO Проверка канала: VahrushevDRIFT
2024-02-11T16:57:06.060236+0600 INFO Получение имени канала и ID последнего видео ...
2024-02-11T16:57:06.380240+0600 INFO Имя канала: VahrushevDRIFT, ID последнего видео: jBwAez3wIkg
2024-02-11T16:57:06.381932+0600 INFO Проверка канала: Игора Драйв
2024-02-11T16:57:06.383583+0600 INFO Получение имени канала и ID последнего видео ...
2024-02-11T16:57:06.713118+0600 INFO Имя канала: Игора Драйв, ID последнего видео: hwmyW1nNQb8
2024-02-11T16:58:06.736306+0600 INFO Запуск проверки обновлений видео...
2024-02-11T16:58:06.738679+0600 INFO Проверка канала: Sergey Stilov
2024-02-11T16:58:06.747431+0600 INFO Получение имени канала и ID последнего видео ...
2024-02-11T16:58:07.311489+0600 INFO Имя канала: Sergey Stilov, ID последнего видео: nxooAGi9jU8
2024-02-11T16:58:07.313975+0600 INFO Проверка канала: LuckyStation
2024-02-11T16:58:07.316280+0600 INFO Получение имени канала и ID последнего видео ...
2024-02-11T16:58:07.628370+0600 INFO Имя канала: LuckyStation, ID последнего видео: HtcJQ0z3uDE
2024-02-11T16:58:07.630866+0600 INFO Проверка канала: Российская Дрифт Серия RDS
2024-02-11T16:58:07.633009+0600 INFO Получение имени канала и ID последнего видео ...
2024-02-11T16:58:07.953887+0600 INFO Имя канала: Российская Дрифт Серия RDS, ID последнего видео: PKMe3welX98
2024-02-11T16:58:07.955398+0600 INFO Проверка канала: BoostMotors
2024-02-11T16:58:07.956741+0600 INFO Получение имени канала и ID последнего видео ...
2024-02-11T16:58:08.270477+0600 INFO Имя канала: BoostMotors, ID последнего видео: IkwQVOgk4eo
2024-02-11T16:58:08.272776+0600 INFO Проверка канала: zaRRubin
2024-02-11T16:58:08.275006+0600 INFO Получение имени канала и ID последнего видео ...
2024-02-11T16:58:08.596133+0600 INFO Имя канала: zaRRubin, ID последнего видео: ZuO-ENfwKLc
2024-02-11T16:58:08.597846+0600 INFO Проверка канала: TIME UP Drift Team
2024-02-11T16:58:08.599391+0600 INFO Получение имени канала и ID последнего видео ...
2024-02-11T16:58:08.893299+0600 INFO Имя канала: TIME UP Drift Team, ID последнего видео: VD124MThe8A
2024-02-11T16:58:08.895050+0600 INFO Проверка канала: Форвард Авто
2024-02-11T16:58:08.896664+0600 INFO Получение имени канала и ID последнего видео ...
2024-02-11T16:58:09.215877+0600 INFO Имя канала: Форвард Авто, ID последнего видео: R_itt4yShkM
2024-02-11T16:58:09.217570+0600 INFO Проверка канала: Игорь Озолин
2024-02-11T16:58:09.219448+0600 INFO Получение имени канала и ID последнего видео ...
2024-02-11T16:58:09.523117+0600 INFO Имя канала: Игорь Озолин, ID последнего видео: u2_XD5B9E9U
2024-02-11T16:58:09.524789+0600 INFO Проверка канала: CARVILLE RACING DRIFT TEAM
2024-02-11T16:58:09.526382+0600 INFO Получение имени канала и ID последнего видео ...
2024-02-11T16:58:09.832588+0600 INFO Имя канала: CARVILLE RACING DRIFT TEAM, ID последнего видео: UtPa3gI1Juo
2024-02-11T16:58:09.834295+0600 INFO Проверка канала: DARKSIDE Xperience
2024-02-11T16:58:09.835875+0600 INFO Получение имени канала и ID последнего видео ...
2024-02-11T16:58:10.136330+0600 INFO Имя канала: DARKSIDE Xperience, ID последнего видео: g99pKQkwiFY
2024-02-11T16:58:10.138042+0600 INFO Проверка канала: FRESH RACING
2024-02-11T16:58:10.139606+0600 INFO Получение имени канала и ID последнего видео ...
2024-02-11T16:58:10.438620+0600 INFO Имя канала: FRESH RACING, ID последнего видео: SJLJgljj53M
2024-02-11T16:58:10.440325+0600 INFO Проверка канала: AIMOL Russia
2024-02-11T16:58:10.441955+0600 INFO Получение имени канала и ID последнего видео ...
2024-02-11T16:58:10.746467+0600 INFO Имя канала: AIMOL Russia, ID последнего видео: B2BslGXxeIg
2024-02-11T16:58:10.748188+0600 INFO Проверка канала: Nikita Shikov
2024-02-11T16:58:10.749907+0600 INFO Получение имени канала и ID последнего видео ...
2024-02-11T16:58:11.080074+0600 INFO Имя канала: Nikita Shikov, ID последнего видео: M-aww1DHy6E
2024-02-11T16:58:11.081780+0600 INFO Проверка канала: BlackDrift - Гоночная команда RDS Europe
2024-02-11T16:58:11.083825+0600 INFO Получение имени канала и ID последнего видео ...
2024-02-11T16:58:11.393147+0600 INFO Имя канала: BlackDrift - Гоночная команда RDS Europe, ID последнего видео: 9tURiY_Q8ck
2024-02-11T16:58:11.394852+0600 INFO Проверка канала: VahrushevDRIFT
2024-02-11T16:58:11.396815+0600 INFO Получение имени канала и ID последнего видео ...
2024-02-11T16:58:11.768614+0600 INFO Имя канала: VahrushevDRIFT, ID последнего видео: jBwAez3wIkg
2024-02-11T16:58:11.770309+0600 INFO Проверка канала: Игора Драйв
2024-02-11T16:58:11.772310+0600 INFO Получение имени канала и ID последнего видео ...
2024-02-11T16:58:12.094454+0600 INFO Имя канала: Игора Драйв, ID последнего видео: hwmyW1nNQb8
2024-02-11T16:59:12.126697+0600 INFO Запуск проверки обновлений видео...
2024-02-11T16:59:12.128936+0600 INFO Проверка канала: Sergey Stilov
2024-02-11T16:59:12.131508+0600 INFO Получение имени канала и ID последнего видео ...
2024-02-11T16:59:12.842165+0600 INFO Имя канала: Sergey Stilov, ID последнего видео: nxooAGi9jU8
2024-02-11T16:59:12.843861+0600 INFO Проверка канала: LuckyStation
2024-02-11T16:59:12.846211+0600 INFO Получение имени канала и ID последнего видео ...
2024-02-11T16:59:13.186640+0600 INFO Имя канала: LuckyStation, ID последнего видео: HtcJQ0z3uDE
2024-02-11T16:59:13.188752+0600 INFO Проверка канала: Российская Дрифт Серия RDS
2024-02-11T16:59:13.190928+0600 INFO Получение имени канала и ID последнего видео ...
2024-02-11T16:59:13.498493+0600 INFO Имя канала: Российская Дрифт Серия RDS, ID последнего видео: PKMe3welX98
2024-02-11T16:59:13.500770+0600 INFO Проверка канала: BoostMotors
2024-02-11T16:59:13.502926+0600 INFO Получение имени канала и ID последнего видео ...
2024-02-11T16:59:13.797464+0600 INFO Имя канала: BoostMotors, ID последнего видео: IkwQVOgk4eo
2024-02-11T16:59:13.801171+0600 INFO Проверка канала: zaRRubin
2024-02-11T16:59:13.804073+0600 INFO Получение имени канала и ID последнего видео ...
2024-02-11T16:59:14.121272+0600 INFO Имя канала: zaRRubin, ID последнего видео: ZuO-ENfwKLc
2024-02-11T16:59:14.123000+0600 INFO Проверка канала: TIME UP Drift Team
2024-02-11T16:59:14.125955+0600 INFO Получение имени канала и ID последнего видео ...
2024-02-11T16:59:14.427132+0600 INFO Имя канала: TIME UP Drift Team, ID последнего видео: VD124MThe8A
2024-02-11T16:59:14.428834+0600 INFO Проверка канала: Форвард Авто
2024-02-11T16:59:14.431161+0600 INFO Получение имени канала и ID последнего видео ...
2024-02-11T16:59:14.752315+0600 INFO Имя канала: Форвард Авто, ID последнего видео: R_itt4yShkM
2024-02-11T16:59:14.754096+0600 INFO Проверка канала: Игорь Озолин
2024-02-11T16:59:14.755722+0600 INFO Получение имени канала и ID последнего видео ...
2024-02-11T16:59:15.061582+0600 INFO Имя канала: Игорь Озолин, ID последнего видео: u2_XD5B9E9U
2024-02-11T16:59:15.063326+0600 INFO Проверка канала: CARVILLE RACING DRIFT TEAM
2024-02-11T16:59:15.065039+0600 INFO Получение имени канала и ID последнего видео ...
2024-02-11T16:59:15.365865+0600 INFO Имя канала: CARVILLE RACING DRIFT TEAM, ID последнего видео: UtPa3gI1Juo
2024-02-11T16:59:15.367521+0600 INFO Проверка канала: DARKSIDE Xperience
2024-02-11T16:59:15.369023+0600 INFO Получение имени канала и ID последнего видео ...
2024-02-11T16:59:15.671374+0600 INFO Имя канала: DARKSIDE Xperience, ID последнего видео: g99pKQkwiFY
2024-02-11T16:59:15.673077+0600 INFO Проверка канала: FRESH RACING
2024-02-11T16:59:15.674688+0600 INFO Получение имени канала и ID последнего видео ...
2024-02-11T16:59:16.001492+0600 INFO Имя канала: FRESH RACING, ID последнего видео: SJLJgljj53M
2024-02-11T16:59:16.003224+0600 INFO Проверка канала: AIMOL Russia
2024-02-11T16:59:16.005253+0600 INFO Получение имени канала и ID последнего видео ...
2024-02-11T16:59:16.334286+0600 INFO Имя канала: AIMOL Russia, ID последнего видео: B2BslGXxeIg
2024-02-11T16:59:16.335972+0600 INFO Проверка канала: Nikita Shikov
2024-02-11T16:59:16.337592+0600 INFO Получение имени канала и ID последнего видео ...
2024-02-11T16:59:16.634261+0600 INFO Имя канала: Nikita Shikov, ID последнего видео: M-aww1DHy6E
2024-02-11T16:59:16.636439+0600 INFO Проверка канала: BlackDrift - Гоночная команда RDS Europe
2024-02-11T16:59:16.638569+0600 INFO Получение имени канала и ID последнего видео ...
2024-02-11T16:59:16.938970+0600 INFO Имя канала: BlackDrift - Гоночная команда RDS Europe, ID последнего видео: 9tURiY_Q8ck
2024-02-11T16:59:16.940681+0600 INFO Проверка канала: VahrushevDRIFT
2024-02-11T16:59:16.942803+0600 INFO Получение имени канала и ID последнего видео ...
2024-02-11T16:59:17.254002+0600 INFO Имя канала: VahrushevDRIFT, ID последнего видео: jBwAez3wIkg
2024-02-11T16:59:17.255657+0600 INFO Проверка канала: Игора Драйв
2024-02-11T16:59:17.257410+0600 INFO Получение имени канала и ID последнего видео ...
2024-02-11T16:59:17.564688+0600 INFO Имя канала: Игора Драйв, ID последнего видео: hwmyW1nNQb8
2024-02-11T17:00:17.588961+0600 INFO Запуск проверки обновлений видео...
2024-02-11T17:00:17.591569+0600 INFO Проверка канала: Sergey Stilov
2024-02-11T17:00:17.593874+0600 INFO Получение имени канала и ID последнего видео ...
2024-02-11T17:00:18.195515+0600 INFO Имя канала: Sergey Stilov, ID последнего видео: nxooAGi9jU8
2024-02-11T17:00:18.197205+0600 INFO Проверка канала: LuckyStation
2024-02-11T17:00:18.198844+0600 INFO Получение имени канала и ID последнего видео ...
2024-02-11T17:00:18.529585+0600 INFO Имя канала: LuckyStation, ID последнего видео: HtcJQ0z3uDE
2024-02-11T17:00:18.531453+0600 INFO Проверка канала: Российская Дрифт Серия RDS
2024-02-11T17:00:18.533118+0600 INFO Получение имени канала и ID последнего видео ...
2024-02-11T17:00:19.009219+0600 INFO Имя канала: Российская Дрифт Серия RDS, ID последнего видео: PKMe3welX98
2024-02-11T17:00:19.010977+0600 INFO Проверка канала: BoostMotors
2024-02-11T17:00:19.012994+0600 INFO Получение имени канала и ID последнего видео ...
2024-02-11T17:00:19.324763+0600 INFO Имя канала: BoostMotors, ID последнего видео: IkwQVOgk4eo
2024-02-11T17:00:19.326458+0600 INFO Проверка канала: zaRRubin
2024-02-11T17:00:19.327981+0600 INFO Получение имени канала и ID последнего видео ...
2024-02-11T17:00:19.649256+0600 INFO Имя канала: zaRRubin, ID последнего видео: ZuO-ENfwKLc
2024-02-11T17:00:19.651407+0600 INFO Проверка канала: TIME UP Drift Team
2024-02-11T17:00:19.653078+0600 INFO Получение имени канала и ID последнего видео ...
2024-02-11T17:00:19.970405+0600 INFO Имя канала: TIME UP Drift Team, ID последнего видео: VD124MThe8A
2024-02-11T17:00:19.972100+0600 INFO Проверка канала: Форвард Авто
2024-02-11T17:00:19.974440+0600 INFO Получение имени канала и ID последнего видео ...
2024-02-11T17:00:20.317778+0600 INFO Имя канала: Форвард Авто, ID последнего видео: R_itt4yShkM
2024-02-11T17:00:20.319848+0600 INFO Проверка канала: Игорь Озолин
2024-02-11T17:00:20.321479+0600 INFO Получение имени канала и ID последнего видео ...
2024-02-11T17:00:20.644002+0600 INFO Имя канала: Игорь Озолин, ID последнего видео: u2_XD5B9E9U
2024-02-11T17:00:20.645703+0600 INFO Проверка канала: CARVILLE RACING DRIFT TEAM
2024-02-11T17:00:20.647264+0600 INFO Получение имени канала и ID последнего видео ...
2024-02-11T17:00:20.957500+0600 INFO Имя канала: CARVILLE RACING DRIFT TEAM, ID последнего видео: UtPa3gI1Juo
2024-02-11T17:00:20.959216+0600 INFO Проверка канала: DARKSIDE Xperience
2024-02-11T17:00:20.960926+0600 INFO Получение имени канала и ID последнего видео ...
2024-02-11T17:00:21.270348+0600 INFO Имя канала: DARKSIDE Xperience, ID последнего видео: g99pKQkwiFY
2024-02-11T17:00:21.272576+0600 INFO Проверка канала: FRESH RACING
2024-02-11T17:00:21.274299+0600 INFO Получение имени канала и ID последнего видео ...
2024-02-11T17:00:21.603314+0600 INFO Имя канала: FRESH RACING, ID последнего видео: SJLJgljj53M
2024-02-11T17:00:21.604969+0600 INFO Проверка канала: AIMOL Russia
2024-02-11T17:00:21.606953+0600 INFO Получение имени канала и ID последнего видео ...
2024-02-11T17:00:21.914793+0600 INFO Имя канала: AIMOL Russia, ID последнего видео: B2BslGXxeIg
2024-02-11T17:00:21.916455+0600 INFO Проверка канала: Nikita Shikov
2024-02-11T17:00:21.918272+0600 INFO Получение имени канала и ID последнего видео ...
2024-02-11T17:00:22.224400+0600 INFO Имя канала: Nikita Shikov, ID последнего видео: M-aww1DHy6E
2024-02-11T17:00:22.226147+0600 INFO Проверка канала: BlackDrift - Гоночная команда RDS Europe
2024-02-11T17:00:22.227885+0600 INFO Получение имени канала и ID последнего видео ...
2024-02-11T17:00:22.533205+0600 INFO Имя канала: BlackDrift - Гоночная команда RDS Europe, ID последнего видео: 9tURiY_Q8ck
2024-02-11T17:00:22.534910+0600 INFO Проверка канала: VahrushevDRIFT
2024-02-11T17:00:22.536538+0600 INFO Получение имени канала и ID последнего видео ...
2024-02-11T17:00:22.853599+0600 INFO Имя канала: VahrushevDRIFT, ID последнего видео: jBwAez3wIkg
2024-02-11T17:00:22.856508+0600 INFO Проверка канала: Игора Драйв
2024-02-11T17:00:22.858707+0600 INFO Получение имени канала и ID последнего видео ...
2024-02-11T17:00:23.184095+0600 INFO Имя канала: Игора Драйв, ID последнего видео: hwmyW1nNQb8
2024-02-11T17:01:23.207211+0600 INFO Запуск проверки обновлений видео...
2024-02-11T17:01:23.209493+0600 INFO Проверка канала: Sergey Stilov
2024-02-11T17:01:23.211243+0600 INFO Получение имени канала и ID последнего видео ...
2024-02-11T17:01:23.535609+0600 INFO Имя канала: Sergey Stilov, ID последнего видео: nxooAGi9jU8
2024-02-11T17:01:23.537939+0600 INFO Проверка канала: LuckyStation
2024-02-11T17:01:23.540189+0600 INFO Получение имени канала и ID последнего видео ...
2024-02-11T17:01:23.848384+0600 INFO Имя канала: LuckyStation, ID последнего видео: HtcJQ0z3uDE
2024-02-11T17:01:23.850134+0600 INFO Проверка канала: Российская Дрифт Серия RDS
2024-02-11T17:01:23.851796+0600 INFO Получение имени канала и ID последнего видео ...
2024-02-11T17:01:24.159065+0600 INFO Имя канала: Российская Дрифт Серия RDS, ID последнего видео: PKMe3welX98
2024-02-11T17:01:24.160796+0600 INFO Проверка канала: BoostMotors
2024-02-11T17:01:24.162507+0600 INFO Получение имени канала и ID последнего видео ...
2024-02-11T17:01:24.474276+0600 INFO Имя канала: BoostMotors, ID последнего видео: IkwQVOgk4eo
2024-02-11T17:01:24.475947+0600 INFO Проверка канала: zaRRubin
2024-02-11T17:01:24.477594+0600 INFO Получение имени канала и ID последнего видео ...
2024-02-11T17:01:24.822182+0600 INFO Имя канала: zaRRubin, ID последнего видео: ZuO-ENfwKLc
2024-02-11T17:01:24.823869+0600 INFO Проверка канала: TIME UP Drift Team
2024-02-11T17:01:24.825512+0600 INFO Получение имени канала и ID последнего видео ...
2024-02-11T17:01:25.135979+0600 INFO Имя канала: TIME UP Drift Team, ID последнего видео: VD124MThe8A
2024-02-11T17:01:25.137698+0600 INFO Проверка канала: Форвард Авто
2024-02-11T17:01:25.139742+0600 INFO Получение имени канала и ID последнего видео ...
2024-02-11T17:01:25.462510+0600 INFO Имя канала: Форвард Авто, ID последнего видео: R_itt4yShkM
2024-02-11T17:01:25.464889+0600 INFO Проверка канала: Игорь Озолин
2024-02-11T17:01:25.466672+0600 INFO Получение имени канала и ID последнего видео ...
2024-02-11T17:01:25.783473+0600 INFO Имя канала: Игорь Озолин, ID последнего видео: u2_XD5B9E9U
2024-02-11T17:01:25.785538+0600 INFO Проверка канала: CARVILLE RACING DRIFT TEAM
2024-02-11T17:01:25.787428+0600 INFO Получение имени канала и ID последнего видео ...
2024-02-11T17:01:26.115238+0600 INFO Имя канала: CARVILLE RACING DRIFT TEAM, ID последнего видео: UtPa3gI1Juo
2024-02-11T17:01:26.117381+0600 INFO Проверка канала: DARKSIDE Xperience
2024-02-11T17:01:26.119420+0600 INFO Получение имени канала и ID последнего видео ...
2024-02-11T17:01:26.434535+0600 INFO Имя канала: DARKSIDE Xperience, ID последнего видео: g99pKQkwiFY
2024-02-11T17:01:26.435974+0600 INFO Проверка канала: FRESH RACING
2024-02-11T17:01:26.437275+0600 INFO Получение имени канала и ID последнего видео ...
2024-02-11T17:01:26.737292+0600 INFO Имя канала: FRESH RACING, ID последнего видео: SJLJgljj53M
2024-02-11T17:01:26.739476+0600 INFO Проверка канала: AIMOL Russia
2024-02-11T17:01:26.741517+0600 INFO Получение имени канала и ID последнего видео ...
2024-02-11T17:01:27.050823+0600 INFO Имя канала: AIMOL Russia, ID последнего видео: B2BslGXxeIg
2024-02-11T17:01:27.052489+0600 INFO Проверка канала: Nikita Shikov
2024-02-11T17:01:27.054240+0600 INFO Получение имени канала и ID последнего видео ...
2024-02-11T17:01:27.353521+0600 INFO Имя канала: Nikita Shikov, ID последнего видео: M-aww1DHy6E
2024-02-11T17:01:27.355216+0600 INFO Проверка канала: BlackDrift - Гоночная команда RDS Europe
2024-02-11T17:01:27.356820+0600 INFO Получение имени канала и ID последнего видео ...
2024-02-11T17:01:27.672836+0600 INFO Имя канала: BlackDrift - Гоночная команда RDS Europe, ID последнего видео: 9tURiY_Q8ck
2024-02-11T17:01:27.676062+0600 INFO Проверка канала: VahrushevDRIFT
2024-02-11T17:01:27.678863+0600 INFO Получение имени канала и ID последнего видео ...
2024-02-11T17:01:27.992327+0600 INFO Имя канала: VahrushevDRIFT, ID последнего видео: jBwAez3wIkg
2024-02-11T17:01:27.994135+0600 INFO Проверка канала: Игора Драйв
2024-02-11T17:01:27.995703+0600 INFO Получение имени канала и ID последнего видео ...
2024-02-11T17:01:28.305863+0600 INFO Имя канала: Игора Драйв, ID последнего видео: hwmyW1nNQb8
2024-02-11T17:02:28.329363+0600 INFO Запуск проверки обновлений видео...
2024-02-11T17:02:28.331689+0600 INFO Проверка канала: Sergey Stilov
2024-02-11T17:02:28.333423+0600 INFO Получение имени канала и ID последнего видео ...
2024-02-11T17:02:28.687576+0600 INFO Имя канала: Sergey Stilov, ID последнего видео: nxooAGi9jU8
2024-02-11T17:02:28.689266+0600 INFO Проверка канала: LuckyStation
2024-02-11T17:02:28.692281+0600 INFO Получение имени канала и ID последнего видео ...
2024-02-11T17:02:29.018720+0600 INFO Имя канала: LuckyStation, ID последнего видео: HtcJQ0z3uDE
2024-02-11T17:02:29.020422+0600 INFO Проверка канала: Российская Дрифт Серия RDS
2024-02-11T17:02:29.022024+0600 INFO Получение имени канала и ID последнего видео ...
2024-02-11T17:02:29.407800+0600 INFO Имя канала: Российская Дрифт Серия RDS, ID последнего видео: PKMe3welX98
2024-02-11T17:02:29.411667+0600 INFO Проверка канала: BoostMotors
2024-02-11T17:02:29.413428+0600 INFO Получение имени канала и ID последнего видео ...
2024-02-11T17:02:29.724892+0600 INFO Имя канала: BoostMotors, ID последнего видео: IkwQVOgk4eo
2024-02-11T17:02:29.726834+0600 INFO Проверка канала: zaRRubin
2024-02-11T17:02:29.728578+0600 INFO Получение имени канала и ID последнего видео ...
2024-02-11T17:02:30.059519+0600 INFO Имя канала: zaRRubin, ID последнего видео: ZuO-ENfwKLc
2024-02-11T17:02:30.061245+0600 INFO Проверка канала: TIME UP Drift Team
2024-02-11T17:02:30.069229+0600 INFO Получение имени канала и ID последнего видео ...
2024-02-11T17:02:30.384077+0600 INFO Имя канала: TIME UP Drift Team, ID последнего видео: VD124MThe8A
2024-02-11T17:02:30.385782+0600 INFO Проверка канала: Форвард Авто
2024-02-11T17:02:30.388115+0600 INFO Получение имени канала и ID последнего видео ...
2024-02-11T17:02:30.727249+0600 INFO Имя канала: Форвард Авто, ID последнего видео: R_itt4yShkM
2024-02-11T17:02:30.733428+0600 INFO Проверка канала: Игорь Озолин
2024-02-11T17:02:30.749818+0600 INFO Получение имени канала и ID последнего видео ...
2024-02-11T17:02:31.097592+0600 INFO Имя канала: Игорь Озолин, ID последнего видео: u2_XD5B9E9U
2024-02-11T17:02:31.100128+0600 INFO Проверка канала: CARVILLE RACING DRIFT TEAM
2024-02-11T17:02:31.101798+0600 INFO Получение имени канала и ID последнего видео ...
2024-02-11T17:02:31.399623+0600 INFO Имя канала: CARVILLE RACING DRIFT TEAM, ID последнего видео: UtPa3gI1Juo
2024-02-11T17:02:31.401277+0600 INFO Проверка канала: DARKSIDE Xperience
2024-02-11T17:02:31.402944+0600 INFO Получение имени канала и ID последнего видео ...
2024-02-11T17:02:31.732364+0600 INFO Имя канала: DARKSIDE Xperience, ID последнего видео: g99pKQkwiFY
2024-02-11T17:02:31.734714+0600 INFO Проверка канала: FRESH RACING
2024-02-11T17:02:31.736396+0600 INFO Получение имени канала и ID последнего видео ...
2024-02-11T17:02:32.075362+0600 INFO Имя канала: FRESH RACING, ID последнего видео: SJLJgljj53M
2024-02-11T17:02:32.077036+0600 INFO Проверка канала: AIMOL Russia
2024-02-11T17:02:32.078624+0600 INFO Получение имени канала и ID последнего видео ...
2024-02-11T17:02:32.422575+0600 INFO Имя канала: AIMOL Russia, ID последнего видео: B2BslGXxeIg
2024-02-11T17:02:32.424260+0600 INFO Проверка канала: Nikita Shikov
2024-02-11T17:02:32.426393+0600 INFO Получение имени канала и ID последнего видео ...
2024-02-11T17:02:32.746131+0600 INFO Имя канала: Nikita Shikov, ID последнего видео: M-aww1DHy6E
2024-02-11T17:02:32.747816+0600 INFO Проверка канала: BlackDrift - Гоночная команда RDS Europe
2024-02-11T17:02:32.750658+0600 INFO Получение имени канала и ID последнего видео ...
2024-02-11T17:02:41.370438+0600 INFO Имя канала: BlackDrift - Гоночная команда RDS Europe, ID последнего видео: 9tURiY_Q8ck
2024-02-11T17:02:41.372695+0600 INFO Проверка канала: VahrushevDRIFT
2024-02-11T17:02:41.374827+0600 INFO Получение имени канала и ID последнего видео ...
2024-02-11T17:02:50.400253+0600 INFO Имя канала: VahrushevDRIFT, ID последнего видео: jBwAez3wIkg
2024-02-11T17:02:50.402043+0600 INFO Проверка канала: Игора Драйв
2024-02-11T17:02:50.403673+0600 INFO Получение имени канала и ID последнего видео ...
2024-02-11T17:02:51.294366+0600 INFO Имя канала: Игора Драйв, ID последнего видео: hwmyW1nNQb8
2024-02-11T17:03:51.317998+0600 INFO Запуск проверки обновлений видео...
2024-02-11T17:03:51.320264+0600 INFO Проверка канала: Sergey Stilov
2024-02-11T17:03:51.322642+0600 INFO Получение имени канала и ID последнего видео ...
2024-02-11T17:03:51.725827+0600 INFO Имя канала: Sergey Stilov, ID последнего видео: nxooAGi9jU8
2024-02-11T17:03:51.728193+0600 INFO Проверка канала: LuckyStation
2024-02-11T17:03:51.730231+0600 INFO Получение имени канала и ID последнего видео ...
2024-02-11T17:03:52.258273+0600 INFO Имя канала: LuckyStation, ID последнего видео: HtcJQ0z3uDE
2024-02-11T17:03:52.260563+0600 INFO Проверка канала: Российская Дрифт Серия RDS
2024-02-11T17:03:52.262425+0600 INFO Получение имени канала и ID последнего видео ...
2024-02-11T17:03:52.894053+0600 INFO Имя канала: Российская Дрифт Серия RDS, ID последнего видео: PKMe3welX98
2024-02-11T17:03:52.896269+0600 INFO Проверка канала: BoostMotors
2024-02-11T17:03:52.898393+0600 INFO Получение имени канала и ID последнего видео ...
2024-02-11T17:03:53.236499+0600 INFO Имя канала: BoostMotors, ID последнего видео: IkwQVOgk4eo
2024-02-11T17:03:53.238221+0600 INFO Проверка канала: zaRRubin
2024-02-11T17:03:53.240279+0600 INFO Получение имени канала и ID последнего видео ...
2024-02-11T17:03:53.987230+0600 INFO Имя канала: zaRRubin, ID последнего видео: ZuO-ENfwKLc
2024-02-11T17:03:53.989288+0600 INFO Проверка канала: TIME UP Drift Team
2024-02-11T17:03:53.991099+0600 INFO Получение имени канала и ID последнего видео ...
2024-02-11T17:03:54.450996+0600 INFO Имя канала: TIME UP Drift Team, ID последнего видео: VD124MThe8A
2024-02-11T17:03:54.452680+0600 INFO Проверка канала: Форвард Авто
2024-02-11T17:03:54.454294+0600 INFO Получение имени канала и ID последнего видео ...
2024-02-11T17:03:54.817222+0600 INFO Имя канала: Форвард Авто, ID последнего видео: R_itt4yShkM
2024-02-11T17:03:54.818943+0600 INFO Проверка канала: Игорь Озолин
2024-02-11T17:03:54.820637+0600 INFO Получение имени канала и ID последнего видео ...
2024-02-11T17:03:55.143780+0600 INFO Имя канала: Игорь Озолин, ID последнего видео: u2_XD5B9E9U
2024-02-11T17:03:55.145911+0600 INFO Проверка канала: CARVILLE RACING DRIFT TEAM
2024-02-11T17:03:55.147596+0600 INFO Получение имени канала и ID последнего видео ...
2024-02-11T17:03:55.454097+0600 INFO Имя канала: CARVILLE RACING DRIFT TEAM, ID последнего видео: UtPa3gI1Juo
2024-02-11T17:03:55.455770+0600 INFO Проверка канала: DARKSIDE Xperience
2024-02-11T17:03:55.457382+0600 INFO Получение имени канала и ID последнего видео ...
2024-02-11T17:03:55.772301+0600 INFO Имя канала: DARKSIDE Xperience, ID последнего видео: g99pKQkwiFY
2024-02-11T17:03:55.774031+0600 INFO Проверка канала: FRESH RACING
2024-02-11T17:03:55.775573+0600 INFO Получение имени канала и ID последнего видео ...
2024-02-11T17:03:59.031249+0600 INFO Имя канала: FRESH RACING, ID последнего видео: SJLJgljj53M
2024-02-11T17:03:59.032955+0600 INFO Проверка канала: AIMOL Russia
2024-02-11T17:03:59.034883+0600 INFO Получение имени канала и ID последнего видео ...
2024-02-11T17:04:00.601455+0600 INFO Имя канала: AIMOL Russia, ID последнего видео: B2BslGXxeIg
2024-02-11T17:04:00.603774+0600 INFO Проверка канала: Nikita Shikov
2024-02-11T17:04:00.605489+0600 INFO Получение имени канала и ID последнего видео ...
2024-02-11T17:04:00.991882+0600 INFO Имя канала: Nikita Shikov, ID последнего видео: M-aww1DHy6E
2024-02-11T17:04:00.993584+0600 INFO Проверка канала: BlackDrift - Гоночная команда RDS Europe
2024-02-11T17:04:00.995217+0600 INFO Получение имени канала и ID последнего видео ...
2024-02-11T17:04:01.330195+0600 INFO Имя канала: BlackDrift - Гоночная команда RDS Europe, ID последнего видео: 9tURiY_Q8ck
2024-02-11T17:04:01.331862+0600 INFO Проверка канала: VahrushevDRIFT
2024-02-11T17:04:01.333559+0600 INFO Получение имени канала и ID последнего видео ...
2024-02-11T17:04:01.703484+0600 INFO Имя канала: VahrushevDRIFT, ID последнего видео: jBwAez3wIkg
2024-02-11T17:04:01.705171+0600 INFO Проверка канала: Игора Драйв
