2024-02-11T17:04:01.706766+0600 INFO Получение имени канала и ID последнего видео ...
2024-02-11T17:04:02.060545+0600 INFO Имя канала: Игора Драйв, ID последнего видео: hwmyW1nNQb8
2024-02-11T17:05:02.084858+0600 INFO Запуск проверки обновлений видео...
2024-02-11T17:05:02.087733+0600 INFO Проверка канала: Sergey Stilov
2024-02-11T17:05:02.089572+0600 INFO Получение имени канала и ID последнего видео ...
2024-02-11T17:05:02.548264+0600 INFO Имя канала: Sergey Stilov, ID последнего видео: nxooAGi9jU8
2024-02-11T17:05:02.549988+0600 INFO Проверка канала: LuckyStation
2024-02-11T17:05:02.551513+0600 INFO Получение имени канала и ID последнего видео ...
2024-02-11T17:05:03.069244+0600 INFO Имя канала: LuckyStation, ID последнего видео: HtcJQ0z3uDE
2024-02-11T17:05:03.075273+0600 INFO Проверка канала: Российская Дрифт Серия RDS
2024-02-11T17:05:03.081473+0600 INFO Получение имени канала и ID последнего видео ...
2024-02-11T17:05:03.480078+0600 INFO Имя канала: Российская Дрифт Серия RDS, ID последнего видео: PKMe3welX98
2024-02-11T17:05:03.481814+0600 INFO Проверка канала: BoostMotors
2024-02-11T17:05:03.483398+0600 INFO Получение имени канала и ID последнего видео ...
2024-02-11T17:05:03.800635+0600 INFO Имя канала: BoostMotors, ID последнего видео: IkwQVOgk4eo
2024-02-11T17:05:03.802116+0600 INFO Проверка канала: zaRRubin
2024-02-11T17:05:03.803485+0600 INFO Получение имени канала и ID последнего видео ...
2024-02-11T17:05:04.371441+0600 INFO Имя канала: zaRRubin, ID последнего видео: ZuO-ENfwKLc
2024-02-11T17:05:04.376417+0600 INFO Проверка канала: TIME UP Drift Team
2024-02-11T17:05:04.377976+0600 INFO Получение имени канала и ID последнего видео ...
2024-02-11T17:05:04.739211+0600 INFO Имя канала: TIME UP Drift Team, ID последнего видео: VD124MThe8A
2024-02-11T17:05:04.744638+0600 INFO Проверка канала: Форвард Авто
2024-02-11T17:05:04.750290+0600 INFO Получение имени канала и ID последнего видео ...
2024-02-11T17:05:05.188406+0600 INFO Имя канала: Форвард Авто, ID последнего видео: R_itt4yShkM
2024-02-11T17:05:05.190164+0600 INFO Проверка канала: Игорь Озолин
2024-02-11T17:05:05.192030+0600 INFO Получение имени канала и ID последнего видео ...
2024-02-11T17:05:05.515477+0600 INFO Имя канала: Игорь Озолин, ID последнего видео: u2_XD5B9E9U
2024-02-11T17:05:05.516948+0600 INFO Проверка канала: CARVILLE RACING DRIFT TEAM
2024-02-11T17:05:05.518271+0600 INFO Получение имени канала и ID последнего видео ...
2024-02-11T17:05:05.826983+0600 INFO Имя канала: CARVILLE RACING DRIFT TEAM, ID последнего видео: UtPa3gI1Juo
2024-02-11T17:05:05.829364+0600 INFO Проверка канала: DARKSIDE Xperience
2024-02-11T17:05:05.832962+0600 INFO Получение имени канала и ID последнего видео ...
2024-02-11T17:05:06.145047+0600 INFO Имя канала: DARKSIDE Xperience, ID последнего видео: g99pKQkwiFY
2024-02-11T17:05:06.147356+0600 INFO Проверка канала: FRESH RACING
2024-02-11T17:05:06.149097+0600 INFO Получение имени канала и ID последнего видео ...
2024-02-11T17:05:06.474462+0600 INFO Имя канала: FRESH RACING, ID последнего видео: SJLJgljj53M
2024-02-11T17:05:06.476143+0600 INFO Проверка канала: AIMOL Russia
2024-02-11T17:05:06.477768+0600 INFO Получение имени канала и ID последнего видео ...
2024-02-11T17:05:06.849047+0600 INFO Имя канала: AIMOL Russia, ID последнего видео: B2BslGXxeIg
2024-02-11T17:05:06.858751+0600 INFO Проверка канала: Nikita Shikov
2024-02-11T17:05:06.860541+0600 INFO Получение имени канала и ID последнего видео ...
2024-02-11T17:05:07.321835+0600 INFO Имя канала: Nikita Shikov, ID последнего видео: M-aww1DHy6E
2024-02-11T17:05:07.323509+0600 INFO Проверка канала: BlackDrift - Гоночная команда RDS Europe
2024-02-11T17:05:07.324856+0600 INFO Получение имени канала и ID последнего видео ...
2024-02-11T17:05:07.701893+0600 INFO Имя канала: BlackDrift - Гоночная команда RDS Europe, ID последнего видео: 9tURiY_Q8ck
2024-02-11T17:05:07.703344+0600 INFO Проверка канала: VahrushevDRIFT
2024-02-11T17:05:07.704714+0600 INFO Получение имени канала и ID последнего видео ...
2024-02-11T17:05:08.179251+0600 INFO Имя канала: VahrushevDRIFT, ID последнего видео: jBwAez3wIkg
2024-02-11T17:05:08.180410+0600 INFO Проверка канала: Игора Драйв
2024-02-11T17:05:08.181355+0600 INFO Получение имени канала и ID последнего видео ...
2024-02-11T17:05:08.546357+0600 INFO Имя канала: Игора Драйв, ID последнего видео: hwmyW1nNQb8
2024-02-11T17:06:08.569941+0600 INFO Запуск проверки обновлений видео...
2024-02-11T17:06:08.572218+0600 INFO Проверка канала: Sergey Stilov
2024-02-11T17:06:08.573897+0600 INFO Получение имени канала и ID последнего видео ...
2024-02-11T17:06:09.004055+0600 INFO Имя канала: Sergey Stilov, ID последнего видео: nxooAGi9jU8
2024-02-11T17:06:09.005872+0600 INFO Проверка канала: LuckyStation
2024-02-11T17:06:09.008103+0600 INFO Получение имени канала и ID последнего видео ...
2024-02-11T17:06:09.386682+0600 INFO Имя канала: LuckyStation, ID последнего видео: HtcJQ0z3uDE
2024-02-11T17:06:09.388366+0600 INFO Проверка канала: Российская Дрифт Серия RDS
2024-02-11T17:06:09.390469+0600 INFO Получение имени канала и ID последнего видео ...
2024-02-11T17:06:09.836132+0600 INFO Имя канала: Российская Дрифт Серия RDS, ID последнего видео: PKMe3welX98
2024-02-11T17:06:09.838247+0600 INFO Проверка канала: BoostMotors
2024-02-11T17:06:09.840371+0600 INFO Получение имени канала и ID последнего видео ...
2024-02-11T17:06:10.204644+0600 INFO Имя канала: BoostMotors, ID последнего видео: IkwQVOgk4eo
2024-02-11T17:06:10.207063+0600 INFO Проверка канала: zaRRubin
2024-02-11T17:06:10.209503+0600 INFO Получение имени канала и ID последнего видео ...
2024-02-11T17:06:10.597270+0600 INFO Имя канала: zaRRubin, ID последнего видео: ZuO-ENfwKLc
2024-02-11T17:06:10.599875+0600 INFO Проверка канала: TIME UP Drift Team
2024-02-11T17:06:10.601794+0600 INFO Получение имени канала и ID последнего видео ...
2024-02-11T17:06:10.935969+0600 INFO Имя канала: TIME UP Drift Team, ID последнего видео: VD124MThe8A
2024-02-11T17:06:10.937823+0600 INFO Проверка канала: Форвард Авто
2024-02-11T17:06:10.939434+0600 INFO Получение имени канала и ID последнего видео ...
2024-02-11T17:06:11.312912+0600 INFO Имя канала: Форвард Авто, ID последнего видео: R_itt4yShkM
2024-02-11T17:06:11.315653+0600 INFO Проверка канала: Игорь Озолин
2024-02-11T17:06:11.318719+0600 INFO Получение имени канала и ID последнего видео ...
2024-02-11T17:06:11.710138+0600 INFO Имя канала: Игорь Озолин, ID последнего видео: u2_XD5B9E9U
2024-02-11T17:06:11.712128+0600 INFO Проверка канала: CARVILLE RACING DRIFT TEAM
2024-02-11T17:06:11.713927+0600 INFO Получение имени канала и ID последнего видео ...
2024-02-11T17:06:12.038511+0600 INFO Имя канала: CARVILLE RACING DRIFT TEAM, ID последнего видео: UtPa3gI1Juo
2024-02-11T17:06:12.040185+0600 INFO Проверка канала: DARKSIDE Xperience
2024-02-11T17:06:12.042210+0600 INFO Получение имени канала и ID последнего видео ...
2024-02-11T17:06:12.379249+0600 INFO Имя канала: DARKSIDE Xperience, ID последнего видео: g99pKQkwiFY
2024-02-11T17:06:12.381332+0600 INFO Проверка канала: FRESH RACING
2024-02-11T17:06:12.383015+0600 INFO Получение имени канала и ID последнего видео ...
2024-02-11T17:06:12.705550+0600 INFO Имя канала: FRESH RACING, ID последнего видео: SJLJgljj53M
2024-02-11T17:06:12.707279+0600 INFO Проверка канала: AIMOL Russia
2024-02-11T17:06:12.709545+0600 INFO Получение имени канала и ID последнего видео ...
2024-02-11T17:06:13.097733+0600 INFO Имя канала: AIMOL Russia, ID последнего видео: B2BslGXxeIg
2024-02-11T17:06:13.099419+0600 INFO Проверка канала: Nikita Shikov
2024-02-11T17:06:13.100936+0600 INFO Получение имени канала и ID последнего видео ...
2024-02-11T17:06:13.446723+0600 INFO Имя канала: Nikita Shikov, ID последнего видео: M-aww1DHy6E
2024-02-11T17:06:13.448421+0600 INFO Проверка канала: BlackDrift - Гоночная команда RDS Europe
2024-02-11T17:06:13.450118+0600 INFO Получение имени канала и ID последнего видео ...
2024-02-11T17:06:13.823484+0600 INFO Имя канала: BlackDrift - Гоночная команда RDS Europe, ID последнего видео: 9tURiY_Q8ck
2024-02-11T17:06:13.825156+0600 INFO Проверка канала: VahrushevDRIFT
2024-02-11T17:06:13.827239+0600 INFO Получение имени канала и ID последнего видео ...
2024-02-11T17:06:14.200058+0600 INFO Имя канала: VahrushevDRIFT, ID последнего видео: jBwAez3wIkg
2024-02-11T17:06:14.202468+0600 INFO Проверка канала: Игора Драйв
2024-02-11T17:06:14.204155+0600 INFO Получение имени канала и ID последнего видео ...
2024-02-11T17:06:14.647855+0600 INFO Имя канала: Игора Драйв, ID последнего видео: hwmyW1nNQb8
2024-02-11T17:07:14.672664+0600 INFO Запуск проверки обновлений видео...
2024-02-11T17:07:14.675014+0600 INFO Проверка канала: Sergey Stilov
2024-02-11T17:07:14.676890+0600 INFO Получение имени канала и ID последнего видео ...
2024-02-11T17:07:15.041105+0600 INFO Имя канала: Sergey Stilov, ID последнего видео: nxooAGi9jU8
2024-02-11T17:07:15.042868+0600 INFO Проверка канала: LuckyStation
2024-02-11T17:07:15.044411+0600 INFO Получение имени канала и ID последнего видео ...
2024-02-11T17:07:15.382539+0600 INFO Имя канала: LuckyStation, ID последнего видео: HtcJQ0z3uDE
2024-02-11T17:07:15.384345+0600 INFO Проверка канала: Российская Дрифт Серия RDS
2024-02-11T17:07:15.385957+0600 INFO Получение имени канала и ID последнего видео ...
2024-02-11T17:07:15.769251+0600 INFO Имя канала: Российская Дрифт Серия RDS, ID последнего видео: PKMe3welX98
2024-02-11T17:07:15.775666+0600 INFO Проверка канала: BoostMotors
2024-02-11T17:07:15.778852+0600 INFO Получение имени канала и ID последнего видео ...
2024-02-11T17:07:16.206102+0600 INFO Имя канала: BoostMotors, ID последнего видео: IkwQVOgk4eo
2024-02-11T17:07:16.210794+0600 INFO Проверка канала: zaRRubin
2024-02-11T17:07:16.214126+0600 INFO Получение имени канала и ID последнего видео ...
2024-02-11T17:07:16.555731+0600 INFO Имя канала: zaRRubin, ID последнего видео: ZuO-ENfwKLc
2024-02-11T17:07:16.558747+0600 INFO Проверка канала: TIME UP Drift Team
2024-02-11T17:07:16.560438+0600 INFO Получение имени канала и ID последнего видео ...
2024-02-11T17:07:16.909099+0600 INFO Имя канала: TIME UP Drift Team, ID последнего видео: VD124MThe8A
2024-02-11T17:07:16.911219+0600 INFO Проверка канала: Форвард Авто
2024-02-11T17:07:16.912916+0600 INFO Получение имени канала и ID последнего видео ...
2024-02-11T17:07:17.335420+0600 INFO Имя канала: Форвард Авто, ID последнего видео: R_itt4yShkM
2024-02-11T17:07:17.337555+0600 INFO Проверка канала: Игорь Озолин
2024-02-11T17:07:17.339272+0600 INFO Получение имени канала и ID последнего видео ...
2024-02-11T17:07:17.679983+0600 INFO Имя канала: Игорь Озолин, ID последнего видео: u2_XD5B9E9U
2024-02-11T17:07:17.681689+0600 INFO Проверка канала: CARVILLE RACING DRIFT TEAM
2024-02-11T17:07:17.683369+0600 INFO Получение имени канала и ID последнего видео ...
2024-02-11T17:07:18.008307+0600 INFO Имя канала: CARVILLE RACING DRIFT TEAM, ID последнего видео: UtPa3gI1Juo
2024-02-11T17:07:18.010233+0600 INFO Проверка канала: DARKSIDE Xperience
2024-02-11T17:07:18.011862+0600 INFO Получение имени канала и ID последнего видео ...
2024-02-11T17:07:19.679080+0600 INFO Имя канала: DARKSIDE Xperience, ID последнего видео: g99pKQkwiFY
2024-02-11T17:07:19.680734+0600 INFO Проверка канала: FRESH RACING
2024-02-11T17:07:19.682444+0600 INFO Получение имени канала и ID последнего видео ...
2024-02-11T17:07:20.046403+0600 INFO Имя канала: FRESH RACING, ID последнего видео: SJLJgljj53M
2024-02-11T17:07:20.048199+0600 INFO Проверка канала: AIMOL Russia
2024-02-11T17:07:20.049772+0600 INFO Получение имени канала и ID последнего видео ...
2024-02-11T17:07:20.428244+0600 INFO Имя канала: AIMOL Russia, ID последнего видео: B2BslGXxeIg
2024-02-11T17:07:20.430385+0600 INFO Проверка канала: Nikita Shikov
2024-02-11T17:07:20.432335+0600 INFO Получение имени канала и ID последнего видео ...
2024-02-11T17:07:20.752913+0600 INFO Имя канала: Nikita Shikov, ID последнего видео: M-aww1DHy6E
2024-02-11T17:07:20.755127+0600 INFO Проверка канала: BlackDrift - Гоночная команда RDS Europe
2024-02-11T17:07:20.757197+0600 INFO Получение имени канала и ID последнего видео ...
2024-02-11T17:07:21.133950+0600 INFO Имя канала: BlackDrift - Гоночная команда RDS Europe, ID последнего видео: 9tURiY_Q8ck
2024-02-11T17:07:21.135616+0600 INFO Проверка канала: VahrushevDRIFT
2024-02-11T17:07:21.137158+0600 INFO Получение имени канала и ID последнего видео ...
2024-02-11T17:07:21.475780+0600 INFO Имя канала: VahrushevDRIFT, ID последнего видео: jBwAez3wIkg
2024-02-11T17:07:21.477455+0600 INFO Проверка канала: Игора Драйв
2024-02-11T17:07:21.479078+0600 INFO Получение имени канала и ID последнего видео ...
2024-02-11T17:07:21.930789+0600 INFO Имя канала: Игора Драйв, ID последнего видео: hwmyW1nNQb8
2024-02-11T17:08:21.953562+0600 INFO Запуск проверки обновлений видео...
2024-02-11T17:08:21.955921+0600 INFO Проверка канала: Sergey Stilov
2024-02-11T17:08:21.958114+0600 INFO Получение имени канала и ID последнего видео ...
2024-02-11T17:08:22.343693+0600 INFO Имя канала: Sergey Stilov, ID последнего видео: nxooAGi9jU8
2024-02-11T17:08:22.345371+0600 INFO Проверка канала: LuckyStation
2024-02-11T17:08:22.346972+0600 INFO Получение имени канала и ID последнего видео ...
2024-02-11T17:08:22.693445+0600 INFO Имя канала: LuckyStation, ID последнего видео: HtcJQ0z3uDE
2024-02-11T17:08:22.695326+0600 INFO Проверка канала: Российская Дрифт Серия RDS
2024-02-11T17:08:22.697105+0600 INFO Получение имени канала и ID последнего видео ...
2024-02-11T17:08:23.041913+0600 INFO Имя канала: Российская Дрифт Серия RDS, ID последнего видео: PKMe3welX98
2024-02-11T17:08:23.045027+0600 INFO Проверка канала: BoostMotors
2024-02-11T17:08:23.046604+0600 INFO Получение имени канала и ID последнего видео ...
2024-02-11T17:08:23.374073+0600 INFO Имя канала: BoostMotors, ID последнего видео: IkwQVOgk4eo
2024-02-11T17:08:23.375745+0600 INFO Проверка канала: zaRRubin
2024-02-11T17:08:23.377373+0600 INFO Получение имени канала и ID последнего видео ...
2024-02-11T17:08:28.834946+0600 INFO Имя канала: zaRRubin, ID последнего видео: ZuO-ENfwKLc
2024-02-11T17:08:28.836663+0600 INFO Проверка канала: TIME UP Drift Team
2024-02-11T17:08:28.838635+0600 INFO Получение имени канала и ID последнего видео ...
2024-02-11T17:08:29.176359+0600 INFO Имя канала: TIME UP Drift Team, ID последнего видео: VD124MThe8A
2024-02-11T17:08:29.178095+0600 INFO Проверка канала: Форвард Авто
2024-02-11T17:08:29.179900+0600 INFO Получение имени канала и ID последнего видео ...
2024-02-11T17:08:29.541751+0600 INFO Имя канала: Форвард Авто, ID последнего видео: R_itt4yShkM
2024-02-11T17:08:29.543442+0600 INFO Проверка канала: Игорь Озолин
2024-02-11T17:08:29.545070+0600 INFO Получение имени канала и ID последнего видео ...
2024-02-11T17:08:29.865371+0600 INFO Имя канала: Игорь Озолин, ID последнего видео: u2_XD5B9E9U
2024-02-11T17:08:29.867174+0600 INFO Проверка канала: CARVILLE RACING DRIFT TEAM
2024-02-11T17:08:29.869150+0600 INFO Получение имени канала и ID последнего видео ...
2024-02-11T17:08:30.225808+0600 INFO Имя канала: CARVILLE RACING DRIFT TEAM, ID последнего видео: UtPa3gI1Juo
2024-02-11T17:08:30.227488+0600 INFO Проверка канала: DARKSIDE Xperience
2024-02-11T17:08:30.229036+0600 INFO Получение имени канала и ID последнего видео ...
2024-02-11T17:08:30.565098+0600 INFO Имя канала: DARKSIDE Xperience, ID последнего видео: g99pKQkwiFY
2024-02-11T17:08:30.566837+0600 INFO Проверка канала: FRESH RACING
2024-02-11T17:08:30.568468+0600 INFO Получение имени канала и ID последнего видео ...
2024-02-11T17:08:30.884658+0600 INFO Имя канала: FRESH RACING, ID последнего видео: SJLJgljj53M
2024-02-11T17:08:30.886434+0600 INFO Проверка канала: AIMOL Russia
2024-02-11T17:08:30.888139+0600 INFO Получение имени канала и ID последнего видео ...
2024-02-11T17:08:31.222681+0600 INFO Имя канала: AIMOL Russia, ID последнего видео: B2BslGXxeIg
2024-02-11T17:08:31.224737+0600 INFO Проверка канала: Nikita Shikov
2024-02-11T17:08:31.226701+0600 INFO Получение имени канала и ID последнего видео ...
2024-02-11T17:08:31.538972+0600 INFO Имя канала: Nikita Shikov, ID последнего видео: M-aww1DHy6E
2024-02-11T17:08:31.540633+0600 INFO Проверка канала: BlackDrift - Гоночная команда RDS Europe
2024-02-11T17:08:31.542429+0600 INFO Получение имени канала и ID последнего видео ...
2024-02-11T17:08:31.854410+0600 INFO Имя канала: BlackDrift - Гоночная команда RDS Europe, ID последнего видео: 9tURiY_Q8ck
2024-02-11T17:08:31.856072+0600 INFO Проверка канала: VahrushevDRIFT
2024-02-11T17:08:31.857727+0600 INFO Получение имени канала и ID последнего видео ...
2024-02-11T17:08:32.187270+0600 INFO Имя канала: VahrushevDRIFT, ID последнего видео: jBwAez3wIkg
2024-02-11T17:08:32.188958+0600 INFO Проверка канала: Игора Драйв
2024-02-11T17:08:32.190889+0600 INFO Получение имени канала и ID последнего видео ...
2024-02-11T17:08:32.513540+0600 INFO Имя канала: Игора Драйв, ID последнего видео: hwmyW1nNQb8
2024-02-11T17:09:32.537169+0600 INFO Запуск проверки обновлений видео...
2024-02-11T17:09:32.539506+0600 INFO Проверка канала: Sergey Stilov
2024-02-11T17:09:32.541454+0600 INFO Получение имени канала и ID последнего видео ...
2024-02-11T17:09:36.200487+0600 INFO Имя канала: Sergey Stilov, ID последнего видео: nxooAGi9jU8
2024-02-11T17:09:36.202226+0600 INFO Проверка канала: LuckyStation
2024-02-11T17:09:36.204121+0600 INFO Получение имени канала и ID последнего видео ...
2024-02-11T17:09:37.862623+0600 INFO Имя канала: LuckyStation, ID последнего видео: HtcJQ0z3uDE
2024-02-11T17:09:37.864317+0600 INFO Проверка канала: Российская Дрифт Серия RDS
2024-02-11T17:09:37.866517+0600 INFO Получение имени канала и ID последнего видео ...
2024-02-11T17:09:38.235573+0600 INFO Имя канала: Российская Дрифт Серия RDS, ID последнего видео: PKMe3welX98
2024-02-11T17:09:38.237284+0600 INFO Проверка канала: BoostMotors
2024-02-11T17:09:38.238969+0600 INFO Получение имени канала и ID последнего видео ...
2024-02-11T17:09:38.580295+0600 INFO Имя канала: BoostMotors, ID последнего видео: IkwQVOgk4eo
2024-02-11T17:09:38.582563+0600 INFO Проверка канала: zaRRubin
2024-02-11T17:09:38.584214+0600 INFO Получение имени канала и ID последнего видео ...
2024-02-11T17:09:38.939039+0600 INFO Имя канала: zaRRubin, ID последнего видео: ZuO-ENfwKLc
2024-02-11T17:09:38.940720+0600 INFO Проверка канала: TIME UP Drift Team
2024-02-11T17:09:38.942350+0600 INFO Получение имени канала и ID последнего видео ...
2024-02-11T17:09:39.270525+0600 INFO Имя канала: TIME UP Drift Team, ID последнего видео: VD124MThe8A
2024-02-11T17:09:39.272924+0600 INFO Проверка канала: Форвард Авто
2024-02-11T17:09:39.275124+0600 INFO Получение имени канала и ID последнего видео ...
2024-02-11T17:09:39.665210+0600 INFO Имя канала: Форвард Авто, ID последнего видео: R_itt4yShkM
2024-02-11T17:09:39.666921+0600 INFO Проверка канала: Игорь Озолин
2024-02-11T17:09:39.668426+0600 INFO Получение имени канала и ID последнего видео ...
2024-02-11T17:09:39.990916+0600 INFO Имя канала: Игорь Озолин, ID последнего видео: u2_XD5B9E9U
2024-02-11T17:09:39.993255+0600 INFO Проверка канала: CARVILLE RACING DRIFT TEAM
2024-02-11T17:09:39.996626+0600 INFO Получение имени канала и ID последнего видео ...
2024-02-11T17:09:40.317004+0600 INFO Имя канала: CARVILLE RACING DRIFT TEAM, ID последнего видео: UtPa3gI1Juo
2024-02-11T17:09:40.318718+0600 INFO Проверка канала: DARKSIDE Xperience
2024-02-11T17:09:40.320248+0600 INFO Получение имени канала и ID последнего видео ...
2024-02-11T17:09:40.641804+0600 INFO Имя канала: DARKSIDE Xperience, ID последнего видео: g99pKQkwiFY
2024-02-11T17:09:40.643491+0600 INFO Проверка канала: FRESH RACING
2024-02-11T17:09:40.645781+0600 INFO Получение имени канала и ID последнего видео ...
2024-02-11T17:09:40.999764+0600 INFO Имя канала: FRESH RACING, ID последнего видео: SJLJgljj53M
2024-02-11T17:09:41.001941+0600 INFO Проверка канала: AIMOL Russia
2024-02-11T17:09:41.004542+0600 INFO Получение имени канала и ID последнего видео ...
2024-02-11T17:09:41.383558+0600 INFO Имя канала: AIMOL Russia, ID последнего видео: B2BslGXxeIg
2024-02-11T17:09:41.386025+0600 INFO Проверка канала: Nikita Shikov
2024-02-11T17:09:41.388194+0600 INFO Получение имени канала и ID последнего видео ...
2024-02-11T17:09:41.699565+0600 INFO Имя канала: Nikita Shikov, ID последнего видео: M-aww1DHy6E
2024-02-11T17:09:41.701266+0600 INFO Проверка канала: BlackDrift - Гоночная команда RDS Europe
2024-02-11T17:09:41.703510+0600 INFO Получение имени канала и ID последнего видео ...
2024-02-11T17:09:42.045795+0600 INFO Имя канала: BlackDrift - Гоночная команда RDS Europe, ID последнего видео: 9tURiY_Q8ck
2024-02-11T17:09:42.047468+0600 INFO Проверка канала: VahrushevDRIFT
2024-02-11T17:09:42.049008+0600 INFO Получение имени канала и ID последнего видео ...
2024-02-11T17:09:42.359941+0600 INFO Имя канала: VahrushevDRIFT, ID последнего видео: jBwAez3wIkg
2024-02-11T17:09:42.361598+0600 INFO Проверка канала: Игора Драйв
2024-02-11T17:09:42.363196+0600 INFO Получение имени канала и ID последнего видео ...
2024-02-11T17:09:42.712045+0600 INFO Имя канала: Игора Драйв, ID последнего видео: hwmyW1nNQb8
2024-02-11T17:10:42.736594+0600 INFO Запуск проверки обновлений видео...
2024-02-11T17:10:42.738929+0600 INFO Проверка канала: Sergey Stilov
2024-02-11T17:10:42.740660+0600 INFO Получение имени канала и ID последнего видео ...
2024-02-11T17:10:43.150912+0600 INFO Имя канала: Sergey Stilov, ID последнего видео: nxooAGi9jU8
2024-02-11T17:10:43.152634+0600 INFO Проверка канала: LuckyStation
2024-02-11T17:10:43.154250+0600 INFO Получение имени канала и ID последнего видео ...
2024-02-11T17:10:43.526723+0600 INFO Имя канала: LuckyStation, ID последнего видео: HtcJQ0z3uDE
2024-02-11T17:10:43.528962+0600 INFO Проверка канала: Российская Дрифт Серия RDS
2024-02-11T17:10:43.531046+0600 INFO Получение имени канала и ID последнего видео ...
2024-02-11T17:10:43.903412+0600 INFO Имя канала: Российская Дрифт Серия RDS, ID последнего видео: PKMe3welX98
2024-02-11T17:10:43.905828+0600 INFO Проверка канала: BoostMotors
2024-02-11T17:10:43.906917+0600 INFO Получение имени канала и ID последнего видео ...
2024-02-11T17:10:44.241540+0600 INFO Имя канала: BoostMotors, ID последнего видео: IkwQVOgk4eo
2024-02-11T17:10:44.243214+0600 INFO Проверка канала: zaRRubin
2024-02-11T17:10:44.244782+0600 INFO Получение имени канала и ID последнего видео ...
2024-02-11T17:10:44.589934+0600 INFO Имя канала: zaRRubin, ID последнего видео: ZuO-ENfwKLc
2024-02-11T17:10:44.591644+0600 INFO Проверка канала: TIME UP Drift Team
2024-02-11T17:10:44.593285+0600 INFO Получение имени канала и ID последнего видео ...
2024-02-11T17:10:44.955011+0600 INFO Имя канала: TIME UP Drift Team, ID последнего видео: VD124MThe8A
2024-02-11T17:10:44.956709+0600 INFO Проверка канала: Форвард Авто
2024-02-11T17:10:44.958378+0600 INFO Получение имени канала и ID последнего видео ...
2024-02-11T17:10:45.282803+0600 INFO Имя канала: Форвард Авто, ID последнего видео: R_itt4yShkM
2024-02-11T17:10:45.284577+0600 INFO Проверка канала: Игорь Озолин
2024-02-11T17:10:45.285776+0600 INFO Получение имени канала и ID последнего видео ...
2024-02-11T17:10:45.600532+0600 INFO Имя канала: Игорь Озолин, ID последнего видео: u2_XD5B9E9U
2024-02-11T17:10:45.602376+0600 INFO Проверка канала: CARVILLE RACING DRIFT TEAM
2024-02-11T17:10:45.603922+0600 INFO Получение имени канала и ID последнего видео ...
2024-02-11T17:10:45.928606+0600 INFO Имя канала: CARVILLE RACING DRIFT TEAM, ID последнего видео: UtPa3gI1Juo
2024-02-11T17:10:45.930314+0600 INFO Проверка канала: DARKSIDE Xperience
2024-02-11T17:10:45.932044+0600 INFO Получение имени канала и ID последнего видео ...
2024-02-11T17:10:46.289998+0600 INFO Имя канала: DARKSIDE Xperience, ID последнего видео: g99pKQkwiFY
2024-02-11T17:10:46.291726+0600 INFO Проверка канала: FRESH RACING
2024-02-11T17:10:46.293417+0600 INFO Получение имени канала и ID последнего видео ...
2024-02-11T17:10:46.635860+0600 INFO Имя канала: FRESH RACING, ID последнего видео: SJLJgljj53M
2024-02-11T17:10:46.638026+0600 INFO Проверка канала: AIMOL Russia
2024-02-11T17:10:46.639827+0600 INFO Получение имени канала и ID последнего видео ...
2024-02-11T17:10:46.973968+0600 INFO Имя канала: AIMOL Russia, ID последнего видео: B2BslGXxeIg
2024-02-11T17:10:46.975679+0600 INFO Проверка канала: Nikita Shikov
2024-02-11T17:10:46.977546+0600 INFO Получение имени канала и ID последнего видео ...
2024-02-11T17:10:47.328372+0600 INFO Имя канала: Nikita Shikov, ID последнего видео: M-aww1DHy6E
2024-02-11T17:10:47.330068+0600 INFO Проверка канала: BlackDrift - Гоночная команда RDS Europe
2024-02-11T17:10:47.331996+0600 INFO Получение имени канала и ID последнего видео ...
2024-02-11T17:10:47.662577+0600 INFO Имя канала: BlackDrift - Гоночная команда RDS Europe, ID последнего видео: 9tURiY_Q8ck
2024-02-11T17:10:47.664314+0600 INFO Проверка канала: VahrushevDRIFT
2024-02-11T17:10:47.665913+0600 INFO Получение имени канала и ID последнего видео ...
2024-02-11T17:10:48.027299+0600 INFO Имя канала: VahrushevDRIFT, ID последнего видео: jBwAez3wIkg
2024-02-11T17:10:48.028988+0600 INFO Проверка канала: Игора Драйв
2024-02-11T17:10:48.030615+0600 INFO Получение имени канала и ID последнего видео ...
2024-02-11T17:10:55.060529+0600 INFO Имя канала: Игора Драйв, ID последнего видео: hwmyW1nNQb8
2024-02-11T17:11:55.089467+0600 INFO Запуск проверки обновлений видео...
2024-02-11T17:11:55.091783+0600 INFO Проверка канала: Sergey Stilov
2024-02-11T17:11:55.094915+0600 INFO Получение имени канала и ID последнего видео ...
2024-02-11T17:11:55.513066+0600 INFO Имя канала: Sergey Stilov, ID последнего видео: nxooAGi9jU8
2024-02-11T17:11:55.514801+0600 INFO Проверка канала: LuckyStation
2024-02-11T17:11:55.516460+0600 INFO Получение имени канала и ID последнего видео ...
2024-02-11T17:11:57.733100+0600 INFO Имя канала: LuckyStation, ID последнего видео: HtcJQ0z3uDE
2024-02-11T17:11:57.734876+0600 INFO Проверка канала: Российская Дрифт Серия RDS
2024-02-11T17:11:57.736543+0600 INFO Получение имени канала и ID последнего видео ...
2024-02-11T17:11:58.079726+0600 INFO Имя канала: Российская Дрифт Серия RDS, ID последнего видео: PKMe3welX98
2024-02-11T17:11:58.082259+0600 INFO Проверка канала: BoostMotors
2024-02-11T17:11:58.084559+0600 INFO Получение имени канала и ID последнего видео ...
2024-02-11T17:11:58.400204+0600 INFO Имя канала: BoostMotors, ID последнего видео: IkwQVOgk4eo
2024-02-11T17:11:58.402191+0600 INFO Проверка канала: zaRRubin
2024-02-11T17:11:58.414384+0600 INFO Получение имени канала и ID последнего видео ...
2024-02-11T17:11:58.735955+0600 INFO Имя канала: zaRRubin, ID последнего видео: ZuO-ENfwKLc
2024-02-11T17:11:58.738749+0600 INFO Проверка канала: TIME UP Drift Team
2024-02-11T17:11:58.740611+0600 INFO Получение имени канала и ID последнего видео ...
2024-02-11T17:11:59.055175+0600 INFO Имя канала: TIME UP Drift Team, ID последнего видео: VD124MThe8A
2024-02-11T17:11:59.056242+0600 INFO Проверка канала: Форвард Авто
2024-02-11T17:11:59.057468+0600 INFO Получение имени канала и ID последнего видео ...
2024-02-11T17:11:59.391476+0600 INFO Имя канала: Форвард Авто, ID последнего видео: R_itt4yShkM
2024-02-11T17:11:59.393292+0600 INFO Проверка канала: Игорь Озолин
2024-02-11T17:11:59.394909+0600 INFO Получение имени канала и ID последнего видео ...
2024-02-11T17:11:59.743537+0600 INFO Имя канала: Игорь Озолин, ID последнего видео: u2_XD5B9E9U
2024-02-11T17:11:59.745220+0600 INFO Проверка канала: CARVILLE RACING DRIFT TEAM
2024-02-11T17:11:59.746818+0600 INFO Получение имени канала и ID последнего видео ...
2024-02-11T17:12:04.956056+0600 INFO Имя канала: CARVILLE RACING DRIFT TEAM, ID последнего видео: UtPa3gI1Juo
2024-02-11T17:12:04.957766+0600 INFO Проверка канала: DARKSIDE Xperience
2024-02-11T17:12:04.959466+0600 INFO Получение имени канала и ID последнего видео ...
2024-02-11T17:12:05.298651+0600 INFO Имя канала: DARKSIDE Xperience, ID последнего видео: g99pKQkwiFY
2024-02-11T17:12:05.300390+0600 INFO Проверка канала: FRESH RACING
2024-02-11T17:12:05.301997+0600 INFO Получение имени канала и ID последнего видео ...
2024-02-11T17:12:05.619590+0600 INFO Имя канала: FRESH RACING, ID последнего видео: SJLJgljj53M
2024-02-11T17:12:05.621252+0600 INFO Проверка канала: AIMOL Russia
2024-02-11T17:12:05.622820+0600 INFO Получение имени канала и ID последнего видео ...
2024-02-11T17:12:05.970922+0600 INFO Имя канала: AIMOL Russia, ID последнего видео: B2BslGXxeIg
2024-02-11T17:12:05.973406+0600 INFO Проверка канала: Nikita Shikov
2024-02-11T17:12:05.975853+0600 INFO Получение имени канала и ID последнего видео ...
2024-02-11T17:12:06.360171+0600 INFO Имя канала: Nikita Shikov, ID последнего видео: M-aww1DHy6E
2024-02-11T17:12:06.362757+0600 INFO Проверка канала: BlackDrift - Гоночная команда RDS Europe
2024-02-11T17:12:06.364816+0600 INFO Получение имени канала и ID последнего видео ...
2024-02-11T17:12:06.771843+0600 INFO Имя канала: BlackDrift - Гоночная команда RDS Europe, ID последнего видео: 9tURiY_Q8ck
2024-02-11T17:12:06.773576+0600 INFO Проверка канала: VahrushevDRIFT
2024-02-11T17:12:06.775587+0600 INFO Получение имени канала и ID последнего видео ...
2024-02-11T17:12:07.126369+0600 INFO Имя канала: VahrushevDRIFT, ID последнего видео: jBwAez3wIkg
2024-02-11T17:12:07.128044+0600 INFO Проверка канала: Игора Драйв
2024-02-11T17:12:07.130077+0600 INFO Получение имени канала и ID последнего видео ...
2024-02-11T17:12:07.534816+0600 INFO Имя канала: Игора Драйв, ID последнего видео: hwmyW1nNQb8
2024-02-11T17:13:07.559743+0600 INFO Запуск проверки обновлений видео...
2024-02-11T17:13:07.562075+0600 INFO Проверка канала: Sergey Stilov
2024-02-11T17:13:07.564089+0600 INFO Получение имени канала и ID последнего видео ...
2024-02-11T17:13:07.917833+0600 INFO Имя канала: Sergey Stilov, ID последнего видео: nxooAGi9jU8
2024-02-11T17:13:07.920154+0600 INFO Проверка канала: LuckyStation
2024-02-11T17:13:07.922372+0600 INFO Получение имени канала и ID последнего видео ...
2024-02-11T17:13:08.287259+0600 INFO Имя канала: LuckyStation, ID последнего видео: HtcJQ0z3uDE
2024-02-11T17:13:08.289572+0600 INFO Проверка канала: Российская Дрифт Серия RDS
2024-02-11T17:13:08.293357+0600 INFO Получение имени канала и ID последнего видео ...
2024-02-11T17:13:08.637092+0600 INFO Имя канала: Российская Дрифт Серия RDS, ID последнего видео: PKMe3welX98
2024-02-11T17:13:08.638885+0600 INFO Проверка канала: BoostMotors
2024-02-11T17:13:08.640725+0600 INFO Получение имени канала и ID последнего видео ...
2024-02-11T17:13:08.968574+0600 INFO Имя канала: BoostMotors, ID последнего видео: IkwQVOgk4eo
2024-02-11T17:13:08.970299+0600 INFO Проверка канала: zaRRubin
2024-02-11T17:13:08.971803+0600 INFO Получение имени канала и ID последнего видео ...
2024-02-11T17:13:09.318722+0600 INFO Имя канала: zaRRubin, ID последнего видео: ZuO-ENfwKLc
2024-02-11T17:13:09.320407+0600 INFO Проверка канала: TIME UP Drift Team
2024-02-11T17:13:09.322455+0600 INFO Получение имени канала и ID последнего видео ...
2024-02-11T17:13:09.655100+0600 INFO Имя канала: TIME UP Drift Team, ID последнего видео: VD124MThe8A
2024-02-11T17:13:09.657557+0600 INFO Проверка канала: Форвард Авто
2024-02-11T17:13:09.659359+0600 INFO Получение имени канала и ID последнего видео ...
2024-02-11T17:13:09.999509+0600 INFO Имя канала: Форвард Авто, ID последнего видео: R_itt4yShkM
2024-02-11T17:13:10.001193+0600 INFO Проверка канала: Игорь Озолин
2024-02-11T17:13:10.002780+0600 INFO Получение имени канала и ID последнего видео ...
2024-02-11T17:13:10.328439+0600 INFO Имя канала: Игорь Озолин, ID последнего видео: u2_XD5B9E9U
2024-02-11T17:13:10.330245+0600 INFO Проверка канала: CARVILLE RACING DRIFT TEAM
2024-02-11T17:13:10.331823+0600 INFO Получение имени канала и ID последнего видео ...
2024-02-11T17:13:10.651067+0600 INFO Имя канала: CARVILLE RACING DRIFT TEAM, ID последнего видео: UtPa3gI1Juo
2024-02-11T17:13:10.652717+0600 INFO Проверка канала: DARKSIDE Xperience
2024-02-11T17:13:10.655117+0600 INFO Получение имени канала и ID последнего видео ...
2024-02-11T17:13:10.976639+0600 INFO Имя канала: DARKSIDE Xperience, ID последнего видео: g99pKQkwiFY
2024-02-11T17:13:10.978413+0600 INFO Проверка канала: FRESH RACING
2024-02-11T17:13:10.980261+0600 INFO Получение имени канала и ID последнего видео ...
2024-02-11T17:13:11.305549+0600 INFO Имя канала: FRESH RACING, ID последнего видео: SJLJgljj53M
2024-02-11T17:13:11.307296+0600 INFO Проверка канала: AIMOL Russia
2024-02-11T17:13:11.308895+0600 INFO Получение имени канала и ID последнего видео ...
2024-02-11T17:13:11.653834+0600 INFO Имя канала: AIMOL Russia, ID последнего видео: B2BslGXxeIg
2024-02-11T17:13:11.655182+0600 INFO Проверка канала: Nikita Shikov
2024-02-11T17:13:11.656274+0600 INFO Получение имени канала и ID последнего видео ...
2024-02-11T17:13:12.016025+0600 INFO Имя канала: Nikita Shikov, ID последнего видео: M-aww1DHy6E
2024-02-11T17:13:12.018663+0600 INFO Проверка канала: BlackDrift - Гоночная команда RDS Europe
2024-02-11T17:13:12.020371+0600 INFO Получение имени канала и ID последнего видео ...
2024-02-11T17:13:12.351383+0600 INFO Имя канала: BlackDrift - Гоночная команда RDS Europe, ID последнего видео: 9tURiY_Q8ck
2024-02-11T17:13:12.353078+0600 INFO Проверка канала: VahrushevDRIFT
2024-02-11T17:13:12.354671+0600 INFO Получение имени канала и ID последнего видео ...
2024-02-11T17:13:12.674963+0600 INFO Имя канала: VahrushevDRIFT, ID последнего видео: jBwAez3wIkg
2024-02-11T17:13:12.676645+0600 INFO Проверка канала: Игора Драйв
2024-02-11T17:13:12.678625+0600 INFO Получение имени канала и ID последнего видео ...
2024-02-11T17:13:13.033279+0600 INFO Имя канала: Игора Драйв, ID последнего видео: hwmyW1nNQb8
2024-02-11T17:14:13.061944+0600 INFO Запуск проверки обновлений видео...
2024-02-11T17:14:13.064209+0600 INFO Проверка канала: Sergey Stilov
2024-02-11T17:14:13.066111+0600 INFO Получение имени канала и ID последнего видео ...
2024-02-11T17:47:19.959705+0600 INFO Бот запущен!
2024-02-11T17:47:20.886719+0600 INFO Авторизация...
2024-02-11T17:47:20.892992+0600 INFO Запрос списка каналов...
2024-02-11T17:47:20.894050+0600 INFO Пользователь 581197242 - OK
2024-02-11T17:47:20.895559+0600 INFO Количество каналов: 16
2024-02-11T17:48:19.977566+0600 INFO Запуск проверки обновлений видео...
2024-02-11T17:48:19.979229+0600 INFO Проверка канала: Sergey Stilov
2024-02-11T17:48:19.979946+0600 INFO Получение имени канала и ID последнего видео ...
2024-02-11T17:48:20.581501+0600 INFO Имя канала: Sergey Stilov, ID последнего видео: nxooAGi9jU8
2024-02-11T17:48:20.582545+0600 INFO Проверка канала: LuckyStation
2024-02-11T17:48:20.583206+0600 INFO Получение имени канала и ID последнего видео ...
2024-02-11T17:48:20.899951+0600 INFO Имя канала: LuckyStation, ID последнего видео: HtcJQ0z3uDE
2024-02-11T17:48:20.900926+0600 INFO Проверка канала: Российская Дрифт Серия RDS
2024-02-11T17:48:20.901576+0600 INFO Получение имени канала и ID последнего видео ...
2024-02-11T17:48:21.191121+0600 INFO Имя канала: Российская Дрифт Серия RDS, ID последнего видео: PKMe3welX98
2024-02-11T17:48:21.196300+0600 INFO Проверка канала: BoostMotors
2024-02-11T17:48:21.200027+0600 INFO Получение имени канала и ID последнего видео ...
2024-02-11T17:48:21.491671+0600 INFO Имя канала: BoostMotors, ID последнего видео: IkwQVOgk4eo
2024-02-11T17:48:21.492756+0600 INFO Проверка канала: zaRRubin
2024-02-11T17:48:21.493431+0600 INFO Получение имени канала и ID последнего видео ...
2024-02-11T17:48:21.765264+0600 INFO Имя канала: zaRRubin, ID последнего видео: ZuO-ENfwKLc
2024-02-11T17:48:21.766317+0600 INFO Проверка канала: TIME UP Drift Team
2024-02-11T17:48:21.766971+0600 INFO Получение имени канала и ID последнего видео ...
2024-02-11T17:48:22.033122+0600 INFO Имя канала: TIME UP Drift Team, ID последнего видео: VD124MThe8A
2024-02-11T17:48:22.034144+0600 INFO Проверка канала: Форвард Авто
2024-02-11T17:48:22.034804+0600 INFO Получение имени канала и ID последнего видео ...
2024-02-11T17:48:22.316434+0600 INFO Имя канала: Форвард Авто, ID последнего видео: R_itt4yShkM
2024-02-11T17:48:22.317407+0600 INFO Проверка канала: Игорь Озолин
2024-02-11T17:48:22.318154+0600 INFO Получение имени канала и ID последнего видео ...
2024-02-11T17:48:22.599120+0600 INFO Имя канала: Игорь Озолин, ID последнего видео: u2_XD5B9E9U
2024-02-11T17:48:22.600082+0600 INFO Проверка канала: CARVILLE RACING DRIFT TEAM
2024-02-11T17:48:22.600738+0600 INFO Получение имени канала и ID последнего видео ...
2024-02-11T17:48:22.867749+0600 INFO Имя канала: CARVILLE RACING DRIFT TEAM, ID последнего видео: UtPa3gI1Juo
2024-02-11T17:48:22.868737+0600 INFO Проверка канала: DARKSIDE Xperience
2024-02-11T17:48:22.869388+0600 INFO Получение имени канала и ID последнего видео ...
2024-02-11T17:48:23.145503+0600 INFO Имя канала: DARKSIDE Xperience, ID последнего видео: g99pKQkwiFY
2024-02-11T17:48:23.146544+0600 INFO Проверка канала: FRESH RACING
2024-02-11T17:48:23.147189+0600 INFO Получение имени канала и ID последнего видео ...
2024-02-11T17:48:23.441680+0600 INFO Имя канала: FRESH RACING, ID последнего видео: SJLJgljj53M
2024-02-11T17:48:23.442637+0600 INFO Проверка канала: AIMOL Russia
2024-02-11T17:48:23.443287+0600 INFO Получение имени канала и ID последнего видео ...
2024-02-11T17:48:23.736158+0600 INFO Имя канала: AIMOL Russia, ID последнего видео: B2BslGXxeIg
2024-02-11T17:48:23.737115+0600 INFO Проверка канала: Nikita Shikov
2024-02-11T17:48:23.737845+0600 INFO Получение имени канала и ID последнего видео ...
2024-02-11T17:48:24.021983+0600 INFO Имя канала: Nikita Shikov, ID последнего видео: M-aww1DHy6E
2024-02-11T17:48:24.022996+0600 INFO Проверка канала: BlackDrift - Гоночная команда RDS Europe
2024-02-11T17:48:24.023656+0600 INFO Получение имени канала и ID последнего видео ...
2024-02-11T17:48:24.326771+0600 INFO Имя канала: BlackDrift - Гоночная команда RDS Europe, ID последнего видео: 9tURiY_Q8ck
2024-02-11T17:48:24.327752+0600 INFO Проверка канала: VahrushevDRIFT
2024-02-11T17:48:24.328409+0600 INFO Получение имени канала и ID последнего видео ...
2024-02-11T17:48:24.615549+0600 INFO Имя канала: VahrushevDRIFT, ID последнего видео: jBwAez3wIkg
2024-02-11T17:48:24.616539+0600 INFO Проверка канала: Игора Драйв
2024-02-11T17:48:24.617182+0600 INFO Получение имени канала и ID последнего видео ...
2024-02-11T17:48:24.884377+0600 INFO Имя канала: Игора Драйв, ID последнего видео: hwmyW1nNQb8
2024-02-11T17:49:24.901838+0600 INFO Запуск проверки обновлений видео...
2024-02-11T17:49:24.903260+0600 INFO Проверка канала: Sergey Stilov
2024-02-11T17:49:24.903924+0600 INFO Получение имени канала и ID последнего видео ...
2024-02-11T17:49:25.171268+0600 INFO Имя канала: Sergey Stilov, ID последнего видео: nxooAGi9jU8
2024-02-11T17:49:25.172237+0600 INFO Проверка канала: LuckyStation
2024-02-11T17:49:25.172883+0600 INFO Получение имени канала и ID последнего видео ...
2024-02-11T17:49:25.451995+0600 INFO Имя канала: LuckyStation, ID последнего видео: HtcJQ0z3uDE
2024-02-11T17:49:25.453071+0600 INFO Проверка канала: Российская Дрифт Серия RDS
2024-02-11T17:49:25.453926+0600 INFO Получение имени канала и ID последнего видео ...
2024-02-11T17:49:25.726438+0600 INFO Имя канала: Российская Дрифт Серия RDS, ID последнего видео: PKMe3welX98
2024-02-11T17:49:25.727420+0600 INFO Проверка канала: BoostMotors
2024-02-11T17:49:25.728088+0600 INFO Получение имени канала и ID последнего видео ...
2024-02-11T17:49:25.990470+0600 INFO Имя канала: BoostMotors, ID последнего видео: IkwQVOgk4eo
2024-02-11T17:49:25.991461+0600 INFO Проверка канала: zaRRubin
2024-02-11T17:49:25.992135+0600 INFO Получение имени канала и ID последнего видео ...
2024-02-11T17:49:26.272350+0600 INFO Имя канала: zaRRubin, ID последнего видео: ZuO-ENfwKLc
2024-02-11T17:49:26.273367+0600 INFO Проверка канала: TIME UP Drift Team
2024-02-11T17:49:26.274070+0600 INFO Получение имени канала и ID последнего видео ...
2024-02-11T17:49:26.529117+0600 INFO Имя канала: TIME UP Drift Team, ID последнего видео: VD124MThe8A
2024-02-11T17:49:26.530150+0600 INFO Проверка канала: Форвард Авто
2024-02-11T17:49:26.530798+0600 INFO Получение имени канала и ID последнего видео ...
2024-02-11T17:49:26.862361+0600 INFO Имя канала: Форвард Авто, ID последнего видео: R_itt4yShkM
2024-02-11T17:49:26.863321+0600 INFO Проверка канала: Игорь Озолин
2024-02-11T17:49:26.864022+0600 INFO Получение имени канала и ID последнего видео ...
2024-02-11T17:49:27.128052+0600 INFO Имя канала: Игорь Озолин, ID последнего видео: u2_XD5B9E9U
2024-02-11T17:49:27.129026+0600 INFO Проверка канала: CARVILLE RACING DRIFT TEAM
2024-02-11T17:49:27.129730+0600 INFO Получение имени канала и ID последнего видео ...
2024-02-11T17:49:27.387739+0600 INFO Имя канала: CARVILLE RACING DRIFT TEAM, ID последнего видео: UtPa3gI1Juo
2024-02-11T17:49:27.388707+0600 INFO Проверка канала: DARKSIDE Xperience
2024-02-11T17:49:27.389354+0600 INFO Получение имени канала и ID последнего видео ...
2024-02-11T17:49:27.651505+0600 INFO Имя канала: DARKSIDE Xperience, ID последнего видео: g99pKQkwiFY
2024-02-11T17:49:27.652467+0600 INFO Проверка канала: FRESH RACING
2024-02-11T17:49:27.653115+0600 INFO Получение имени канала и ID последнего видео ...
2024-02-11T17:49:27.916081+0600 INFO Имя канала: FRESH RACING, ID последнего видео: SJLJgljj53M
2024-02-11T17:49:27.917040+0600 INFO Проверка канала: AIMOL Russia
2024-02-11T17:49:27.917745+0600 INFO Получение имени канала и ID последнего видео ...
2024-02-11T17:49:28.185859+0600 INFO Имя канала: AIMOL Russia, ID последнего видео: B2BslGXxeIg
2024-02-11T17:49:28.186817+0600 INFO Проверка канала: Nikita Shikov
2024-02-11T17:49:28.187460+0600 INFO Получение имени канала и ID последнего видео ...
2024-02-11T17:49:28.462650+0600 INFO Имя канала: Nikita Shikov, ID последнего видео: M-aww1DHy6E
2024-02-11T17:49:28.463649+0600 INFO Проверка канала: BlackDrift - Гоночная команда RDS Europe
2024-02-11T17:49:28.464333+0600 INFO Получение имени канала и ID последнего видео ...
2024-02-11T17:49:28.747998+0600 INFO Имя канала: BlackDrift - Гоночная команда RDS Europe, ID последнего видео: 9tURiY_Q8ck
2024-02-11T17:49:28.748985+0600 INFO Проверка канала: VahrushevDRIFT
2024-02-11T17:49:28.749689+0600 INFO Получение имени канала и ID последнего видео ...
2024-02-11T17:49:29.033872+0600 INFO Имя канала: VahrushevDRIFT, ID последнего видео: jBwAez3wIkg
2024-02-11T17:49:29.034857+0600 INFO Проверка канала: Игора Драйв
2024-02-11T17:49:29.035502+0600 INFO Получение имени канала и ID последнего видео ...
2024-02-11T17:49:29.323355+0600 INFO Имя канала: Игора Драйв, ID последнего видео: hwmyW1nNQb8
2024-02-11T17:50:29.341313+0600 INFO Запуск проверки обновлений видео...
2024-02-11T17:50:29.342790+0600 INFO Проверка канала: Sergey Stilov
2024-02-11T17:50:29.343452+0600 INFO Получение имени канала и ID последнего видео ...
2024-02-11T17:50:29.610278+0600 INFO Имя канала: Sergey Stilov, ID последнего видео: nxooAGi9jU8
2024-02-11T17:50:29.611283+0600 INFO Проверка канала: LuckyStation
2024-02-11T17:50:29.611937+0600 INFO Получение имени канала и ID последнего видео ...
2024-02-11T17:50:29.874395+0600 INFO Имя канала: LuckyStation, ID последнего видео: HtcJQ0z3uDE
2024-02-11T17:50:29.875359+0600 INFO Проверка канала: Российская Дрифт Серия RDS
2024-02-11T17:50:29.876012+0600 INFO Получение имени канала и ID последнего видео ...
2024-02-11T17:50:30.149597+0600 INFO Имя канала: Российская Дрифт Серия RDS, ID последнего видео: PKMe3welX98
2024-02-11T17:50:30.150702+0600 INFO Проверка канала: BoostMotors
2024-02-11T17:50:30.151351+0600 INFO Получение имени канала и ID последнего видео ...
2024-02-11T17:50:30.413029+0600 INFO Имя канала: BoostMotors, ID последнего видео: IkwQVOgk4eo
2024-02-11T17:50:30.414070+0600 INFO Проверка канала: zaRRubin
2024-02-11T17:50:30.414718+0600 INFO Получение имени канала и ID последнего видео ...
2024-02-11T17:50:30.687028+0600 INFO Имя канала: zaRRubin, ID последнего видео: ZuO-ENfwKLc
2024-02-11T17:50:30.688016+0600 INFO Проверка канала: TIME UP Drift Team
2024-02-11T17:50:30.695917+0600 INFO Получение имени канала и ID последнего видео ...
2024-02-11T17:50:30.963078+0600 INFO Имя канала: TIME UP Drift Team, ID последнего видео: VD124MThe8A
2024-02-11T17:50:30.964037+0600 INFO Проверка канала: Форвард Авто
2024-02-11T17:50:30.964691+0600 INFO Получение имени канала и ID последнего видео ...
2024-02-11T17:50:31.290712+0600 INFO Имя канала: Форвард Авто, ID последнего видео: R_itt4yShkM
2024-02-11T17:50:31.291700+0600 INFO Проверка канала: Игорь Озолин
2024-02-11T17:50:31.292376+0600 INFO Получение имени канала и ID последнего видео ...
2024-02-11T17:50:31.550874+0600 INFO Имя канала: Игорь Озолин, ID последнего видео: u2_XD5B9E9U
2024-02-11T17:50:31.551854+0600 INFO Проверка канала: CARVILLE RACING DRIFT TEAM
2024-02-11T17:50:31.552506+0600 INFO Получение имени канала и ID последнего видео ...
2024-02-11T17:50:31.821759+0600 INFO Имя канала: CARVILLE RACING DRIFT TEAM, ID последнего видео: UtPa3gI1Juo
2024-02-11T17:50:31.822766+0600 INFO Проверка канала: DARKSIDE Xperience
2024-02-11T17:50:31.823456+0600 INFO Получение имени канала и ID последнего видео ...
2024-02-11T17:50:32.081436+0600 INFO Имя канала: DARKSIDE Xperience, ID последнего видео: g99pKQkwiFY
2024-02-11T17:50:32.082491+0600 INFO Проверка канала: FRESH RACING
2024-02-11T17:50:32.083149+0600 INFO Получение имени канала и ID последнего видео ...
2024-02-11T17:50:32.346779+0600 INFO Имя канала: FRESH RACING, ID последнего видео: SJLJgljj53M
2024-02-11T17:50:32.347741+0600 INFO Проверка канала: AIMOL Russia
2024-02-11T17:50:32.348393+0600 INFO Получение имени канала и ID последнего видео ...
2024-02-11T17:50:32.625987+0600 INFO Имя канала: AIMOL Russia, ID последнего видео: B2BslGXxeIg
2024-02-11T17:50:32.626952+0600 INFO Проверка канала: Nikita Shikov
2024-02-11T17:50:32.627603+0600 INFO Получение имени канала и ID последнего видео ...
2024-02-11T17:50:32.894147+0600 INFO Имя канала: Nikita Shikov, ID последнего видео: M-aww1DHy6E
2024-02-11T17:50:32.895138+0600 INFO Проверка канала: BlackDrift - Гоночная команда RDS Europe
2024-02-11T17:50:32.895792+0600 INFO Получение имени канала и ID последнего видео ...
2024-02-11T17:50:33.161416+0600 INFO Имя канала: BlackDrift - Гоночная команда RDS Europe, ID последнего видео: 9tURiY_Q8ck
2024-02-11T17:50:33.162463+0600 INFO Проверка канала: VahrushevDRIFT
2024-02-11T17:50:33.163116+0600 INFO Получение имени канала и ID последнего видео ...
2024-02-11T17:50:33.429422+0600 INFO Имя канала: VahrushevDRIFT, ID последнего видео: jBwAez3wIkg
2024-02-11T17:50:33.430514+0600 INFO Проверка канала: Игора Драйв
2024-02-11T17:50:33.431168+0600 INFO Получение имени канала и ID последнего видео ...
2024-02-11T17:50:33.551631+0600 INFO Добавление канала: Ирро
2024-02-11T17:50:33.553676+0600 INFO Получение ID канала...
2024-02-11T17:50:33.558694+0600 INFO Неизвестный URL. Предпологаемый ID канала: Ирро
2024-02-11T17:50:33.560898+0600 INFO Проверка базы...
2024-02-11T17:50:33.562542+0600 INFO Проверка существования канала...
2024-02-12T11:09:14.676627+0600 INFO Бот запущен!
2024-02-12T11:09:15.588294+0600 INFO Авторизация...
2024-02-12T11:09:15.595231+0600 INFO Авторизация...
2024-02-12T11:09:15.596525+0600 INFO Пользователь 581197242 - OK
2024-02-12T11:09:15.597472+0600 INFO Пользователь 581197242 - OK
2024-02-12T11:09:16.077507+0600 INFO Авторизация...
2024-02-12T11:09:16.078597+0600 INFO Пользователь 581197242 - OK
2024-02-12T11:09:46.469774+0600 INFO Запрос списка каналов...
2024-02-12T11:09:46.472483+0600 INFO Количество каналов: 16
2024-02-12T11:12:42.236579+0600 INFO Бот запущен!
2024-02-12T11:27:42.487372+0600 INFO Запуск проверки обновлений видео...
2024-02-12T11:27:42.489030+0600 INFO Проверка канала: Sergey Stilov
2024-02-12T11:27:43.110429+0600 INFO Имя канала: Sergey Stilov, ID последнего видео: nxooAGi9jU8
2024-02-12T11:27:43.111511+0600 INFO Проверка канала: LuckyStation
2024-02-12T11:27:43.432600+0600 INFO Имя канала: LuckyStation, ID последнего видео: HtcJQ0z3uDE
2024-02-12T11:27:43.433604+0600 INFO Проверка канала: Российская Дрифт Серия RDS
2024-02-12T11:27:43.723235+0600 INFO Имя канала: Российская Дрифт Серия RDS, ID последнего видео: PKMe3welX98
2024-02-12T11:27:43.724285+0600 INFO Проверка канала: BoostMotors
2024-02-12T11:27:44.021175+0600 INFO Имя канала: BoostMotors, ID последнего видео: IkwQVOgk4eo
2024-02-12T11:27:44.022226+0600 INFO Проверка канала: zaRRubin
2024-02-12T11:27:44.303660+0600 INFO Имя канала: zaRRubin, ID последнего видео: ZuO-ENfwKLc
2024-02-12T11:27:44.304639+0600 INFO Проверка канала: TIME UP Drift Team
2024-02-12T11:27:44.594052+0600 INFO Имя канала: TIME UP Drift Team, ID последнего видео: VD124MThe8A
2024-02-12T11:27:44.595019+0600 INFO Проверка канала: Форвард Авто
2024-02-12T11:27:44.869767+0600 INFO Имя канала: Форвард Авто, ID последнего видео: R_itt4yShkM
2024-02-12T11:27:44.870743+0600 INFO Проверка канала: Игорь Озолин
2024-02-12T11:27:45.188327+0600 INFO Имя канала: Игорь Озолин, ID последнего видео: u2_XD5B9E9U
2024-02-12T11:27:45.189288+0600 INFO Проверка канала: CARVILLE RACING DRIFT TEAM
2024-02-12T11:27:45.501050+0600 INFO Имя канала: CARVILLE RACING DRIFT TEAM, ID последнего видео: UtPa3gI1Juo
2024-02-12T11:27:45.502065+0600 INFO Проверка канала: DARKSIDE Xperience
2024-02-12T11:27:45.773734+0600 INFO Имя канала: DARKSIDE Xperience, ID последнего видео: g99pKQkwiFY
2024-02-12T11:27:45.774728+0600 INFO Проверка канала: FRESH RACING
2024-02-12T11:27:46.046744+0600 INFO Имя канала: FRESH RACING, ID последнего видео: SJLJgljj53M
2024-02-12T11:27:46.047807+0600 INFO Проверка канала: AIMOL Russia
2024-02-12T11:27:46.393271+0600 INFO Имя канала: AIMOL Russia, ID последнего видео: B2BslGXxeIg
2024-02-12T11:27:46.394313+0600 INFO Проверка канала: Nikita Shikov
2024-02-12T11:27:46.670034+0600 INFO Имя канала: Nikita Shikov, ID последнего видео: M-aww1DHy6E
2024-02-12T11:27:46.671005+0600 INFO Проверка канала: BlackDrift - Гоночная команда RDS Europe
2024-02-12T11:27:46.973279+0600 INFO Имя канала: BlackDrift - Гоночная команда RDS Europe, ID последнего видео: 9tURiY_Q8ck
2024-02-12T11:27:46.974341+0600 INFO Проверка канала: VahrushevDRIFT
2024-02-12T11:27:47.265722+0600 INFO Имя канала: VahrushevDRIFT, ID последнего видео: jBwAez3wIkg
2024-02-12T11:27:47.266695+0600 INFO Проверка канала: Игора Драйв
2024-02-12T11:27:47.566772+0600 INFO Имя канала: Игора Драйв, ID последнего видео: hwmyW1nNQb8
2024-02-12T11:42:47.822879+0600 INFO Запуск проверки обновлений видео...
2024-02-12T11:42:47.824313+0600 INFO Проверка канала: Sergey Stilov
2024-02-12T11:42:48.290410+0600 INFO Имя канала: Sergey Stilov, ID последнего видео: nxooAGi9jU8
2024-02-12T11:42:48.291365+0600 INFO Проверка канала: LuckyStation
2024-02-12T11:42:48.609394+0600 INFO Имя канала: LuckyStation, ID последнего видео: HtcJQ0z3uDE
2024-02-12T11:42:48.610422+0600 INFO Проверка канала: Российская Дрифт Серия RDS
2024-02-12T11:42:48.871352+0600 INFO Имя канала: Российская Дрифт Серия RDS, ID последнего видео: PKMe3welX98
2024-02-12T11:42:48.872322+0600 INFO Проверка канала: BoostMotors
2024-02-12T11:42:49.149593+0600 INFO Имя канала: BoostMotors, ID последнего видео: IkwQVOgk4eo
2024-02-12T11:42:49.150657+0600 INFO Проверка канала: zaRRubin
2024-02-12T11:42:49.412999+0600 INFO Имя канала: zaRRubin, ID последнего видео: ZuO-ENfwKLc
2024-02-12T11:42:49.414029+0600 INFO Проверка канала: TIME UP Drift Team
2024-02-12T11:42:49.687481+0600 INFO Имя канала: TIME UP Drift Team, ID последнего видео: VD124MThe8A
2024-02-12T11:42:49.688479+0600 INFO Проверка канала: Форвард Авто
2024-02-12T11:42:49.947773+0600 INFO Имя канала: Форвард Авто, ID последнего видео: R_itt4yShkM
2024-02-12T11:42:49.948744+0600 INFO Проверка канала: Игорь Озолин
2024-02-12T11:42:50.243955+0600 INFO Имя канала: Игорь Озолин, ID последнего видео: u2_XD5B9E9U
2024-02-12T11:42:50.244925+0600 INFO Проверка канала: CARVILLE RACING DRIFT TEAM
2024-02-12T11:42:50.541687+0600 INFO Имя канала: CARVILLE RACING DRIFT TEAM, ID последнего видео: UtPa3gI1Juo
2024-02-12T11:42:50.542656+0600 INFO Проверка канала: DARKSIDE Xperience
2024-02-12T11:42:50.797993+0600 INFO Имя канала: DARKSIDE Xperience, ID последнего видео: g99pKQkwiFY
2024-02-12T11:42:50.798964+0600 INFO Проверка канала: FRESH RACING
2024-02-12T11:42:51.072237+0600 INFO Имя канала: FRESH RACING, ID последнего видео: SJLJgljj53M
2024-02-12T11:42:51.073210+0600 INFO Проверка канала: AIMOL Russia
2024-02-12T11:42:51.360865+0600 INFO Имя канала: AIMOL Russia, ID последнего видео: B2BslGXxeIg
2024-02-12T11:42:51.361891+0600 INFO Проверка канала: Nikita Shikov
2024-02-12T11:42:51.639564+0600 INFO Имя канала: Nikita Shikov, ID последнего видео: M-aww1DHy6E
2024-02-12T11:42:51.640543+0600 INFO Проверка канала: BlackDrift - Гоночная команда RDS Europe
2024-02-12T11:42:51.922067+0600 INFO Имя канала: BlackDrift - Гоночная команда RDS Europe, ID последнего видео: 9tURiY_Q8ck
2024-02-12T11:42:51.923072+0600 INFO Проверка канала: VahrushevDRIFT
2024-02-12T11:42:52.201843+0600 INFO Имя канала: VahrushevDRIFT, ID последнего видео: jBwAez3wIkg
2024-02-12T11:42:52.203087+0600 INFO Проверка канала: Игора Драйв
2024-02-12T11:42:52.479286+0600 INFO Имя канала: Игора Драйв, ID последнего видео: hwmyW1nNQb8
2024-02-12T11:57:52.736083+0600 INFO Запуск проверки обновлений видео...
2024-02-12T11:57:52.737498+0600 INFO Проверка канала: Sergey Stilov
2024-02-12T11:57:53.257432+0600 INFO Имя канала: Sergey Stilov, ID последнего видео: nxooAGi9jU8
2024-02-12T11:57:53.258469+0600 INFO Проверка канала: LuckyStation
2024-02-12T11:57:53.581087+0600 INFO Имя канала: LuckyStation, ID последнего видео: HtcJQ0z3uDE
2024-02-12T11:57:53.582148+0600 INFO Проверка канала: Российская Дрифт Серия RDS
2024-02-12T11:57:53.865562+0600 INFO Имя канала: Российская Дрифт Серия RDS, ID последнего видео: PKMe3welX98
2024-02-12T11:57:53.866634+0600 INFO Проверка канала: BoostMotors
2024-02-12T11:57:54.197775+0600 INFO Имя канала: BoostMotors, ID последнего видео: IkwQVOgk4eo
2024-02-12T11:57:54.198756+0600 INFO Проверка канала: zaRRubin
2024-02-12T11:57:54.482465+0600 INFO Имя канала: zaRRubin, ID последнего видео: ZuO-ENfwKLc
2024-02-12T11:57:54.483430+0600 INFO Проверка канала: TIME UP Drift Team
2024-02-12T11:57:54.783614+0600 INFO Имя канала: TIME UP Drift Team, ID последнего видео: VD124MThe8A
2024-02-12T11:57:54.784586+0600 INFO Проверка канала: Форвард Авто
2024-02-12T11:57:55.062190+0600 INFO Имя канала: Форвард Авто, ID последнего видео: R_itt4yShkM
2024-02-12T11:57:55.063157+0600 INFO Проверка канала: Игорь Озолин
2024-02-12T11:57:55.437555+0600 INFO Имя канала: Игорь Озолин, ID последнего видео: u2_XD5B9E9U
2024-02-12T11:57:55.438597+0600 INFO Проверка канала: CARVILLE RACING DRIFT TEAM
2024-02-12T11:57:55.751445+0600 INFO Имя канала: CARVILLE RACING DRIFT TEAM, ID последнего видео: UtPa3gI1Juo
2024-02-12T11:57:55.752431+0600 INFO Проверка канала: DARKSIDE Xperience
2024-02-12T11:57:56.068920+0600 INFO Имя канала: DARKSIDE Xperience, ID последнего видео: g99pKQkwiFY
2024-02-12T11:57:56.069949+0600 INFO Проверка канала: FRESH RACING
2024-02-12T11:57:56.356904+0600 INFO Имя канала: FRESH RACING, ID последнего видео: SJLJgljj53M
2024-02-12T11:57:56.357933+0600 INFO Проверка канала: AIMOL Russia
2024-02-12T11:57:56.675182+0600 INFO Имя канала: AIMOL Russia, ID последнего видео: B2BslGXxeIg
2024-02-12T11:57:56.676171+0600 INFO Проверка канала: Nikita Shikov
2024-02-12T11:57:57.037305+0600 INFO Имя канала: Nikita Shikov, ID последнего видео: M-aww1DHy6E
2024-02-12T11:57:57.038351+0600 INFO Проверка канала: BlackDrift - Гоночная команда RDS Europe
2024-02-12T11:57:57.322396+0600 INFO Имя канала: BlackDrift - Гоночная команда RDS Europe, ID последнего видео: 9tURiY_Q8ck
2024-02-12T11:57:57.323360+0600 INFO Проверка канала: VahrushevDRIFT
2024-02-12T11:57:57.605020+0600 INFO Имя канала: VahrushevDRIFT, ID последнего видео: jBwAez3wIkg
2024-02-12T11:57:57.606043+0600 INFO Проверка канала: Игора Драйв
2024-02-12T11:57:57.886566+0600 INFO Имя канала: Игора Драйв, ID последнего видео: hwmyW1nNQb8
2024-02-15T13:20:10.616086+0600 INFO Бот запущен!
2024-02-15T13:21:33.173626+0600 INFO Запрос списка каналов...
2024-02-15T13:21:33.176081+0600 INFO Количество каналов: 16
2024-02-15T13:21:47.993692+0600 INFO Добавление канала: Гнпп
2024-02-15T13:21:47.994990+0600 INFO Получение ID канала...
2024-02-15T13:21:48.001054+0600 INFO Неизвестный URL. Предпологаемый ID канала: Гнпп
2024-02-15T13:21:48.004304+0600 INFO Проверка базы...
2024-02-15T13:21:48.005923+0600 INFO Проверка существования канала...
2024-02-15T13:21:48.533440+0600 WARNING Канал с ID Гнпп не существует или некорректный ID
2024-02-15T13:35:10.850839+0600 INFO Запуск проверки обновлений видео...
2024-02-15T13:35:10.860611+0600 INFO Проверка канала: Sergey Stilov
2024-02-15T13:35:11.327608+0600 INFO Имя канала: Sergey Stilov, ID последнего видео: 3y7cj83_1gE
2024-02-15T13:35:11.331756+0600 INFO Новый видео: 3y7cj83_1gE
2024-02-15T13:35:11.333561+0600 INFO Отправка нового видео: Sergey Stilov - 3y7cj83_1gE
2024-02-15T13:35:12.151184+0600 INFO Канал Sergey Stilov успешно обновлен
2024-02-15T13:35:12.156128+0600 INFO Проверка канала: LuckyStation
2024-02-15T13:35:12.486651+0600 INFO Имя канала: LuckyStation, ID последнего видео: ZM3jrOnKXrs
2024-02-15T13:35:12.487878+0600 INFO Новый видео: ZM3jrOnKXrs
2024-02-15T13:35:12.489659+0600 INFO Отправка нового видео: LuckyStation - ZM3jrOnKXrs
2024-02-15T13:35:12.768096+0600 INFO Канал LuckyStation успешно обновлен
2024-02-15T13:35:12.771161+0600 INFO Проверка канала: Российская Дрифт Серия RDS
2024-02-15T13:35:13.038873+0600 INFO Имя канала: Российская Дрифт Серия RDS, ID последнего видео: PKMe3welX98
2024-02-15T13:35:13.040330+0600 INFO Проверка канала: BoostMotors
2024-02-15T13:35:13.333408+0600 INFO Имя канала: BoostMotors, ID последнего видео: IkwQVOgk4eo
2024-02-15T13:35:13.334514+0600 INFO Проверка канала: zaRRubin
2024-02-15T13:35:13.596370+0600 INFO Имя канала: zaRRubin, ID последнего видео: e8I74xuDn9Q
2024-02-15T13:35:13.597386+0600 INFO Новый видео: e8I74xuDn9Q
2024-02-15T13:35:13.598223+0600 INFO Отправка нового видео: zaRRubin - e8I74xuDn9Q
2024-02-15T13:35:13.924547+0600 INFO Канал zaRRubin успешно обновлен
2024-02-15T13:35:13.926699+0600 INFO Проверка канала: TIME UP Drift Team
2024-02-15T13:35:14.221863+0600 INFO Имя канала: TIME UP Drift Team, ID последнего видео: VD124MThe8A
2024-02-15T13:35:14.222948+0600 INFO Проверка канала: Форвард Авто
2024-02-15T13:35:14.498223+0600 INFO Имя канала: Форвард Авто, ID последнего видео: R_itt4yShkM
2024-02-15T13:35:14.500312+0600 INFO Проверка канала: Игорь Озолин
2024-02-15T13:35:14.822497+0600 INFO Имя канала: Игорь Озолин, ID последнего видео: u2_XD5B9E9U
2024-02-15T13:35:14.823506+0600 INFO Проверка канала: CARVILLE RACING DRIFT TEAM
2024-02-15T13:35:15.138325+0600 INFO Имя канала: CARVILLE RACING DRIFT TEAM, ID последнего видео: UtPa3gI1Juo
2024-02-15T13:35:15.139349+0600 INFO Проверка канала: DARKSIDE Xperience
2024-02-15T13:35:15.422238+0600 INFO Имя канала: DARKSIDE Xperience, ID последнего видео: g99pKQkwiFY
2024-02-15T13:35:15.423257+0600 INFO Проверка канала: FRESH RACING
2024-02-15T13:35:15.723976+0600 INFO Имя канала: FRESH RACING, ID последнего видео: OpVro88012U
2024-02-15T13:35:15.724995+0600 INFO Новый видео: OpVro88012U
2024-02-15T13:35:15.725839+0600 INFO Отправка нового видео: FRESH RACING - OpVro88012U
2024-02-15T13:35:16.158432+0600 INFO Канал FRESH RACING успешно обновлен
2024-02-15T13:35:16.162981+0600 INFO Проверка канала: AIMOL Russia
2024-02-15T13:35:16.485919+0600 INFO Имя канала: AIMOL Russia, ID последнего видео: B2BslGXxeIg
2024-02-15T13:35:16.487036+0600 INFO Проверка канала: Nikita Shikov
2024-02-15T13:35:16.769253+0600 INFO Имя канала: Nikita Shikov, ID последнего видео: M-aww1DHy6E
2024-02-15T13:35:16.771218+0600 INFO Проверка канала: BlackDrift - Гоночная команда RDS Europe
2024-02-15T13:35:17.055681+0600 INFO Имя канала: BlackDrift - Гоночная команда RDS Europe, ID последнего видео: 9tURiY_Q8ck
2024-02-15T13:35:17.056485+0600 INFO Проверка канала: VahrushevDRIFT
2024-02-15T13:35:17.333430+0600 INFO Имя канала: VahrushevDRIFT, ID последнего видео: M12x6dExRow
2024-02-15T13:35:17.334524+0600 INFO Новый видео: M12x6dExRow
2024-02-15T13:35:17.335329+0600 INFO Отправка нового видео: VahrushevDRIFT - M12x6dExRow
2024-02-15T13:35:17.806838+0600 INFO Канал VahrushevDRIFT успешно обновлен
2024-02-15T13:35:17.808788+0600 INFO Проверка канала: Игора Драйв
2024-02-15T13:35:18.106103+0600 INFO Имя канала: Игора Драйв, ID последнего видео: xw6h3-5F70c
2024-02-15T13:35:18.107123+0600 INFO Новый видео: xw6h3-5F70c
2024-02-15T13:35:18.107896+0600 INFO Отправка нового видео: Игора Драйв - xw6h3-5F70c
2024-02-15T13:35:18.631645+0600 INFO Канал Игора Драйв успешно обновлен
2024-02-15T13:50:18.870644+0600 INFO Запуск проверки обновлений видео...
2024-02-15T13:50:18.882766+0600 INFO Проверка канала: Sergey Stilov
2024-02-15T13:50:19.544613+0600 INFO Имя канала: Sergey Stilov, ID последнего видео: 3y7cj83_1gE
2024-02-15T13:50:19.545664+0600 INFO Проверка канала: LuckyStation
2024-02-15T13:50:19.909371+0600 INFO Имя канала: LuckyStation, ID последнего видео: ZM3jrOnKXrs
2024-02-15T13:50:19.910486+0600 INFO Проверка канала: Российская Дрифт Серия RDS
2024-02-15T13:50:20.183927+0600 INFO Имя канала: Российская Дрифт Серия RDS, ID последнего видео: PKMe3welX98
2024-02-15T13:50:20.184949+0600 INFO Проверка канала: BoostMotors
2024-02-15T13:50:20.475939+0600 INFO Имя канала: BoostMotors, ID последнего видео: IkwQVOgk4eo
2024-02-15T13:50:20.476963+0600 INFO Проверка канала: zaRRubin
2024-02-15T13:50:20.758833+0600 INFO Имя канала: zaRRubin, ID последнего видео: e8I74xuDn9Q
2024-02-15T13:50:20.759849+0600 INFO Проверка канала: TIME UP Drift Team
2024-02-15T13:50:21.043309+0600 INFO Имя канала: TIME UP Drift Team, ID последнего видео: VD124MThe8A
2024-02-15T13:50:21.044017+0600 INFO Проверка канала: Форвард Авто
2024-02-15T13:50:21.339068+0600 INFO Имя канала: Форвард Авто, ID последнего видео: R_itt4yShkM
2024-02-15T13:50:21.340097+0600 INFO Проверка канала: Игорь Озолин
2024-02-15T13:50:21.663476+0600 INFO Имя канала: Игорь Озолин, ID последнего видео: u2_XD5B9E9U
2024-02-15T13:50:21.664513+0600 INFO Проверка канала: CARVILLE RACING DRIFT TEAM
2024-02-15T13:50:21.985701+0600 INFO Имя канала: CARVILLE RACING DRIFT TEAM, ID последнего видео: UtPa3gI1Juo
2024-02-15T13:50:21.986615+0600 INFO Проверка канала: DARKSIDE Xperience
2024-02-15T13:50:22.260096+0600 INFO Имя канала: DARKSIDE Xperience, ID последнего видео: g99pKQkwiFY
2024-02-15T13:50:22.261144+0600 INFO Проверка канала: FRESH RACING
2024-02-15T13:50:22.529596+0600 INFO Имя канала: FRESH RACING, ID последнего видео: OpVro88012U
2024-02-15T13:50:22.530730+0600 INFO Проверка канала: AIMOL Russia
2024-02-15T13:50:22.849849+0600 INFO Имя канала: AIMOL Russia, ID последнего видео: B2BslGXxeIg
2024-02-15T13:50:22.850977+0600 INFO Проверка канала: Nikita Shikov
2024-02-15T13:50:23.166870+0600 INFO Имя канала: Nikita Shikov, ID последнего видео: M-aww1DHy6E
2024-02-15T13:50:23.167848+0600 INFO Проверка канала: BlackDrift - Гоночная команда RDS Europe
2024-02-15T13:50:23.441266+0600 INFO Имя канала: BlackDrift - Гоночная команда RDS Europe, ID последнего видео: 9tURiY_Q8ck
2024-02-15T13:50:23.442363+0600 INFO Проверка канала: VahrushevDRIFT
2024-02-15T13:50:23.711883+0600 INFO Имя канала: VahrushevDRIFT, ID последнего видео: M12x6dExRow
2024-02-15T13:50:23.712898+0600 INFO Проверка канала: Игора Драйв
2024-02-15T13:50:23.983704+0600 INFO Имя канала: Игора Драйв, ID последнего видео: xw6h3-5F70c
2024-02-15T14:05:24.219809+0600 INFO Запуск проверки обновлений видео...
2024-02-15T14:05:24.239157+0600 INFO Проверка канала: Sergey Stilov
2024-02-15T14:05:24.980877+0600 INFO Имя канала: Sergey Stilov, ID последнего видео: 3y7cj83_1gE
2024-02-15T14:05:24.981890+0600 INFO Проверка канала: LuckyStation
2024-02-15T14:05:25.317207+0600 INFO Имя канала: LuckyStation, ID последнего видео: ZM3jrOnKXrs
2024-02-15T14:05:25.318705+0600 INFO Проверка канала: Российская Дрифт Серия RDS
2024-02-15T14:05:25.604503+0600 INFO Имя канала: Российская Дрифт Серия RDS, ID последнего видео: PKMe3welX98
2024-02-15T14:05:25.605523+0600 INFO Проверка канала: BoostMotors
2024-02-15T14:05:25.914846+0600 INFO Имя канала: BoostMotors, ID последнего видео: IkwQVOgk4eo
2024-02-15T14:05:25.915858+0600 INFO Проверка канала: zaRRubin
2024-02-15T14:05:26.202305+0600 INFO Имя канала: zaRRubin, ID последнего видео: e8I74xuDn9Q
2024-02-15T14:05:26.203330+0600 INFO Проверка канала: TIME UP Drift Team
2024-02-15T14:05:26.639866+0600 INFO Имя канала: TIME UP Drift Team, ID последнего видео: VD124MThe8A
2024-02-15T14:05:26.640873+0600 INFO Проверка канала: Форвард Авто
2024-02-15T14:05:26.939224+0600 INFO Имя канала: Форвард Авто, ID последнего видео: R_itt4yShkM
2024-02-15T14:05:26.940240+0600 INFO Проверка канала: Игорь Озолин
2024-02-15T14:05:27.247815+0600 INFO Имя канала: Игорь Озолин, ID последнего видео: u2_XD5B9E9U
2024-02-15T14:05:27.248840+0600 INFO Проверка канала: CARVILLE RACING DRIFT TEAM
2024-02-15T14:05:27.563176+0600 INFO Имя канала: CARVILLE RACING DRIFT TEAM, ID последнего видео: UtPa3gI1Juo
2024-02-15T14:05:27.564200+0600 INFO Проверка канала: DARKSIDE Xperience
2024-02-15T14:05:27.827129+0600 INFO Имя канала: DARKSIDE Xperience, ID последнего видео: g99pKQkwiFY
2024-02-15T14:05:27.828153+0600 INFO Проверка канала: FRESH RACING
2024-02-15T14:05:28.145877+0600 INFO Имя канала: FRESH RACING, ID последнего видео: OpVro88012U
2024-02-15T14:05:28.146957+0600 INFO Проверка канала: AIMOL Russia
2024-02-15T14:05:28.453447+0600 INFO Имя канала: AIMOL Russia, ID последнего видео: B2BslGXxeIg
2024-02-15T14:05:28.454542+0600 INFO Проверка канала: Nikita Shikov
2024-02-15T14:05:28.744783+0600 INFO Имя канала: Nikita Shikov, ID последнего видео: M-aww1DHy6E
2024-02-15T14:05:28.745519+0600 INFO Проверка канала: BlackDrift - Гоночная команда RDS Europe
2024-02-15T14:05:29.017286+0600 INFO Имя канала: BlackDrift - Гоночная команда RDS Europe, ID последнего видео: 9tURiY_Q8ck
2024-02-15T14:05:29.018365+0600 INFO Проверка канала: VahrushevDRIFT
2024-02-15T14:05:29.304880+0600 INFO Имя канала: VahrushevDRIFT, ID последнего видео: M12x6dExRow
2024-02-15T14:05:29.305908+0600 INFO Проверка канала: Игора Драйв
2024-02-15T14:05:29.582290+0600 INFO Имя канала: Игора Драйв, ID последнего видео: xw6h3-5F70c
2024-02-15T14:20:29.826857+0600 INFO Запуск проверки обновлений видео...
2024-02-15T14:20:29.828355+0600 INFO Проверка канала: Sergey Stilov
2024-02-15T14:20:30.285393+0600 INFO Имя канала: Sergey Stilov, ID последнего видео: 3y7cj83_1gE
2024-02-15T14:20:30.286474+0600 INFO Проверка канала: LuckyStation
2024-02-15T14:20:30.625606+0600 INFO Имя канала: LuckyStation, ID последнего видео: ZM3jrOnKXrs
2024-02-15T14:20:30.626709+0600 INFO Проверка канала: Российская Дрифт Серия RDS
2024-02-15T14:20:30.973080+0600 INFO Имя канала: Российская Дрифт Серия RDS, ID последнего видео: PKMe3welX98
2024-02-15T14:20:30.973822+0600 INFO Проверка канала: BoostMotors
2024-02-15T14:20:31.263321+0600 INFO Имя канала: BoostMotors, ID последнего видео: IkwQVOgk4eo
2024-02-15T14:20:31.264344+0600 INFO Проверка канала: zaRRubin
2024-02-15T14:20:31.534744+0600 INFO Имя канала: zaRRubin, ID последнего видео: e8I74xuDn9Q
2024-02-15T14:20:31.535755+0600 INFO Проверка канала: TIME UP Drift Team
2024-02-15T14:20:31.822837+0600 INFO Имя канала: TIME UP Drift Team, ID последнего видео: VD124MThe8A
2024-02-15T14:20:31.823861+0600 INFO Проверка канала: Форвард Авто
2024-02-15T14:20:32.087041+0600 INFO Имя канала: Форвард Авто, ID последнего видео: R_itt4yShkM
2024-02-15T14:20:32.088004+0600 INFO Проверка канала: Игорь Озолин
2024-02-15T14:20:32.369776+0600 INFO Имя канала: Игорь Озолин, ID последнего видео: u2_XD5B9E9U
2024-02-15T14:20:32.370875+0600 INFO Проверка канала: CARVILLE RACING DRIFT TEAM
2024-02-15T14:20:32.676416+0600 INFO Имя канала: CARVILLE RACING DRIFT TEAM, ID последнего видео: UtPa3gI1Juo
2024-02-15T14:20:32.677477+0600 INFO Проверка канала: DARKSIDE Xperience
2024-02-15T14:20:32.949053+0600 INFO Имя канала: DARKSIDE Xperience, ID последнего видео: g99pKQkwiFY
2024-02-15T14:20:32.950171+0600 INFO Проверка канала: FRESH RACING
2024-02-15T14:20:33.226595+0600 INFO Имя канала: FRESH RACING, ID последнего видео: OpVro88012U
2024-02-15T14:20:33.227602+0600 INFO Проверка канала: AIMOL Russia
2024-02-15T14:20:33.535069+0600 INFO Имя канала: AIMOL Russia, ID последнего видео: B2BslGXxeIg
2024-02-15T14:20:33.536086+0600 INFO Проверка канала: Nikita Shikov
2024-02-15T14:20:33.827129+0600 INFO Имя канала: Nikita Shikov, ID последнего видео: M-aww1DHy6E
2024-02-15T14:20:33.828549+0600 INFO Проверка канала: BlackDrift - Гоночная команда RDS Europe
2024-02-15T14:20:34.099703+0600 INFO Имя канала: BlackDrift - Гоночная команда RDS Europe, ID последнего видео: 9tURiY_Q8ck
2024-02-15T14:20:34.102444+0600 INFO Проверка канала: VahrushevDRIFT
2024-02-15T14:20:34.393029+0600 INFO Имя канала: VahrushevDRIFT, ID последнего видео: M12x6dExRow
2024-02-15T14:20:34.394189+0600 INFO Проверка канала: Игора Драйв
2024-02-15T14:20:34.673940+0600 INFO Имя канала: Игора Драйв, ID последнего видео: xw6h3-5F70c
2024-02-15T14:32:16.180102+0600 INFO Бот запущен!
2024-02-15T14:32:51.501132+0600 INFO Добавление канала: 1313
2024-02-15T14:32:51.508208+0600 INFO Получение ID канала...
2024-02-15T14:32:51.509354+0600 INFO Неизвестный URL
2024-02-15T14:32:51.510398+0600 INFO Проверка базы...
2024-02-15T14:32:51.515557+0600 INFO Проверка существования канала...
2024-02-15T14:32:51.928467+0600 WARNING Канал с ID **1313** не существует или некорректный ID
2024-02-15T14:34:27.361087+0600 INFO Бот запущен!
2024-02-15T14:34:34.259288+0600 INFO Добавление канала: 1321
2024-02-15T14:34:34.266971+0600 INFO Получение ID канала...
2024-02-15T14:34:34.268930+0600 INFO Неизвестный URL
2024-02-15T14:34:34.270405+0600 INFO Проверка базы...
2024-02-15T14:34:34.271804+0600 INFO Проверка существования канала...
2024-02-15T14:34:34.597010+0600 WARNING Канал с ID 1321 не существует или некорректный ID
2024-02-15T14:47:40.035821+0600 INFO Бот запущен!
2024-02-15T14:47:53.433887+0600 INFO Авторизация...
2024-02-15T14:47:53.439974+0600 INFO Пользователь 581197242 - OK
2024-02-15T14:48:01.325952+0600 INFO Запрос списка каналов...
2024-02-15T14:48:01.331431+0600 INFO Количество каналов: 16
2024-02-15T14:52:15.544281+0600 INFO Бот запущен!
2024-02-15T14:52:20.946703+0600 INFO Авторизация...
2024-02-15T14:52:20.947807+0600 INFO Пользователь 581197242 - OK
2024-02-15T14:52:34.831490+0600 INFO Авторизация...
2024-02-15T14:52:34.836103+0600 INFO Пользователь 581197242 - OK
2024-02-15T14:52:38.256967+0600 INFO Запрос списка каналов...
2024-02-15T14:52:38.259087+0600 INFO Количество каналов: 16
2024-02-15T14:55:03.721690+0600 INFO Бот запущен!
2024-02-15T14:55:23.940388+0600 INFO Запуск проверки обновлений видео...
2024-02-15T14:55:23.942819+0600 INFO Проверка канала: Sergey Stilov
2024-02-15T14:55:24.944327+0600 INFO Имя канала: Sergey Stilov, ID последнего видео: 3y7cj83_1gE
2024-02-15T14:55:24.945508+0600 INFO Проверка канала: LuckyStation
2024-02-15T14:55:25.254670+0600 INFO Имя канала: LuckyStation, ID последнего видео: ZM3jrOnKXrs
2024-02-15T14:55:25.256353+0600 INFO Проверка канала: Российская Дрифт Серия RDS
2024-02-15T14:55:25.547112+0600 INFO Имя канала: Российская Дрифт Серия RDS, ID последнего видео: PKMe3welX98
2024-02-15T14:55:25.548214+0600 INFO Проверка канала: BoostMotors
2024-02-15T14:55:25.828895+0600 INFO Имя канала: BoostMotors, ID последнего видео: IkwQVOgk4eo
2024-02-15T14:55:25.829924+0600 INFO Проверка канала: zaRRubin
2024-02-15T14:55:26.121912+0600 INFO Имя канала: zaRRubin, ID последнего видео: e8I74xuDn9Q
2024-02-15T14:55:26.123043+0600 INFO Проверка канала: TIME UP Drift Team
2024-02-15T14:55:26.409168+0600 INFO Имя канала: TIME UP Drift Team, ID последнего видео: VD124MThe8A
2024-02-15T14:55:26.410226+0600 INFO Проверка канала: Форвард Авто
2024-02-15T14:55:26.675011+0600 INFO Имя канала: Форвард Авто, ID последнего видео: R_itt4yShkM
2024-02-15T14:55:26.676054+0600 INFO Проверка канала: Игорь Озолин
2024-02-15T14:55:26.984607+0600 INFO Имя канала: Игорь Озолин, ID последнего видео: u2_XD5B9E9U
2024-02-15T14:55:26.985549+0600 INFO Проверка канала: CARVILLE RACING DRIFT TEAM
2024-02-15T14:55:27.303316+0600 INFO Имя канала: CARVILLE RACING DRIFT TEAM, ID последнего видео: UtPa3gI1Juo
2024-02-15T14:55:27.304317+0600 INFO Проверка канала: DARKSIDE Xperience
2024-02-15T14:55:27.600487+0600 INFO Имя канала: DARKSIDE Xperience, ID последнего видео: g99pKQkwiFY
2024-02-15T14:55:27.601499+0600 INFO Новый видео: g99pKQkwiFY
2024-02-15T14:55:27.602360+0600 INFO Отправка нового видео: DARKSIDE Xperience - g99pKQkwiFY
2024-02-15T14:55:28.137297+0600 INFO Ждем минуту после отправки сообщения
2024-02-15T14:56:28.139014+0600 INFO Канал DARKSIDE Xperience успешно обновлен
2024-02-15T14:56:28.141060+0600 INFO Проверка канала: FRESH RACING
2024-02-15T14:56:28.422545+0600 INFO Имя канала: FRESH RACING, ID последнего видео: OpVro88012U
2024-02-15T14:56:28.423567+0600 INFO Новый видео: OpVro88012U
2024-02-15T14:56:28.424336+0600 INFO Отправка нового видео: FRESH RACING - OpVro88012U
2024-02-15T14:56:28.893572+0600 INFO Ждем минуту после отправки сообщения
2024-02-15T15:12:58.818154+0600 INFO Бот запущен!
2024-02-15T15:13:09.221895+0600 INFO Авторизация...
2024-02-15T15:13:09.222963+0600 INFO Пользователь 581197242 - OK
2024-02-15T15:13:16.763756+0600 INFO Добавление канала: UCFTo4WmW6o5vowaSdt5PqDQ
2024-02-15T15:13:16.764870+0600 INFO Получение ID канала...
2024-02-15T15:13:16.765661+0600 INFO Неизвестный URL
2024-02-15T15:13:16.766536+0600 INFO Проверка базы...
2024-02-15T15:13:16.767459+0600 INFO Проверка существования канала...
2024-02-15T15:13:17.160847+0600 INFO OK
2024-02-15T15:13:17.556382+0600 INFO Имя канала: FRESH RACING, ID последнего видео: OpVro88012U
2024-02-15T15:13:17.557410+0600 INFO Добавление канала: FRESH RACING, UCFTo4WmW6o5vowaSdt5PqDQ
2024-02-15T15:13:17.558728+0600 INFO Канал успешно добавлен в базу
2024-02-15T15:17:55.148276+0600 INFO Бот запущен!
2024-02-15T15:18:15.320061+0600 INFO Добавление канала: UCOqrcdbSO5BAxogRhpFjsNg
2024-02-15T15:18:15.324914+0600 INFO Получение ID канала...
2024-02-15T15:18:15.327960+0600 INFO Неизвестный URL
2024-02-15T15:18:15.329010+0600 INFO Проверка базы...
2024-02-15T15:18:15.331176+0600 WARNING Канал с ID UCOqrcdbSO5BAxogRhpFjsNg уже добавлен
2024-02-15T15:18:57.332976+0600 INFO Добавление канала: UCFTo4WmW6o5vowaSdt5PqDQ
2024-02-15T15:18:57.334201+0600 INFO Получение ID канала...
2024-02-15T15:18:57.335308+0600 INFO Неизвестный URL
2024-02-15T15:18:57.336254+0600 INFO Проверка базы...
2024-02-15T15:18:57.345227+0600 INFO Проверка существования канала...
2024-02-15T15:18:57.746817+0600 INFO OK
2024-02-15T15:18:58.043323+0600 DEBUG [{'kind': 'youtube#playlistItem', 'etag': 'D8dp5kpNLKdvHeRrAgT9SvNePyE', 'id': 'VVVGVG80V21XNm81dm93YVNkdDVQcURRLk9wVnJvODgwMTJV', 'snippet': {'publishedAt': '2024-02-15T05:31:50Z', 'channelId': 'UCFTo4WmW6o5vowaSdt5PqDQ', 'title': 'Монстр в действии😈 #корвет #corvette #motorsport #oidc #oman #drift #racing #ls #carx #дрифт', 'description': '', 'thumbnails': {'default': {'url': 'https://i.ytimg.com/vi/OpVro88012U/default.jpg', 'width': 120, 'height': 90}, 'medium': {'url': 'https://i.ytimg.com/vi/OpVro88012U/mqdefault.jpg', 'width': 320, 'height': 180}, 'high': {'url': 'https://i.ytimg.com/vi/OpVro88012U/hqdefault.jpg', 'width': 480, 'height': 360}, 'standard': {'url': 'https://i.ytimg.com/vi/OpVro88012U/sddefault.jpg', 'width': 640, 'height': 480}, 'maxres': {'url': 'https://i.ytimg.com/vi/OpVro88012U/maxresdefault.jpg', 'width': 1280, 'height': 720}}, 'channelTitle': 'FRESH RACING', 'playlistId': 'UUFTo4WmW6o5vowaSdt5PqDQ', 'position': 0, 'resourceId': {'kind': 'youtube#video', 'videoId': 'OpVro88012U'}, 'videoOwnerChannelTitle': 'FRESH RACING', 'videoOwnerChannelId': 'UCFTo4WmW6o5vowaSdt5PqDQ'}}]
2024-02-15T15:18:58.044608+0600 INFO Имя канала: FRESH RACING, ID последнего видео: OpVro88012U
2024-02-15T15:18:58.045578+0600 INFO Добавление канала: FRESH RACING, UCFTo4WmW6o5vowaSdt5PqDQ
2024-02-15T15:18:58.046764+0600 INFO Канал успешно добавлен в базу
2024-02-15T15:32:55.398219+0600 INFO Запуск проверки обновлений видео...
2024-02-15T15:32:55.400232+0600 INFO Проверка канала: Sergey Stilov
2024-02-15T15:32:55.871058+0600 DEBUG [{'kind': 'youtube#playlistItem', 'etag': 'bk_lMYCTbLpsYEMRG6YiIUXdfF8', 'id': 'VVVLbFZjdmpVQ1UyUnBCUnc4NjRFREdRLjN5N2NqODNfMWdF', 'snippet': {'publishedAt': '2024-02-14T05:41:27Z', 'channelId': 'UCKlVcvjUCU2RpBRw864EDGQ', 'title': 'ПОПАДАЛОВО ЕЩЕ НА 2.5 МЛН. КАК СОБРАЛИ КПП NISSAN GT-R 1300 сил', 'description': 'Подписывайтесь на мою телегу - https://teleg.one/keepitstreet\n\nВЕСЬ МОЙ МЕРЧ ТУТ  - https://www.34play.me/catalog/man/stilovdaily\n\nзаказать ЧАЁК STILOVDAILY - https://chaekshop.ru/product/kombo_stilov\n\nЗАДАЙ МНЕ ВОПРОС ТУТ -  https://fantalks.io/r/sergeystilov\n\nВступайте в мой паблик ВК https://vk.com/stilovdaily\n\nМой телеграм канал - https://teleg.one/keepitstreet\n\nМой Второй канал - https://www.youtube.com/c/STILOVDAILYstream\n\n#STILOVDAILY ep1513\n\n\n\nВступайте в мой паблик ВК https://vk.com/stilovdaily\n\nТам всегда самая свежая инфа и много фото!', 'thumbnails': {'default': {'url': 'https://i.ytimg.com/vi/3y7cj83_1gE/default.jpg', 'width': 120, 'height': 90}, 'medium': {'url': 'https://i.ytimg.com/vi/3y7cj83_1gE/mqdefault.jpg', 'width': 320, 'height': 180}, 'high': {'url': 'https://i.ytimg.com/vi/3y7cj83_1gE/hqdefault.jpg', 'width': 480, 'height': 360}, 'standard': {'url': 'https://i.ytimg.com/vi/3y7cj83_1gE/sddefault.jpg', 'width': 640, 'height': 480}, 'maxres': {'url': 'https://i.ytimg.com/vi/3y7cj83_1gE/maxresdefault.jpg', 'width': 1280, 'height': 720}}, 'channelTitle': 'Sergey Stilov', 'playlistId': 'UUKlVcvjUCU2RpBRw864EDGQ', 'position': 0, 'resourceId': {'kind': 'youtube#video', 'videoId': '3y7cj83_1gE'}, 'videoOwnerChannelTitle': 'Sergey Stilov', 'videoOwnerChannelId': 'UCKlVcvjUCU2RpBRw864EDGQ'}}]
2024-02-15T15:32:55.871995+0600 INFO Имя канала: Sergey Stilov, ID последнего видео: 3y7cj83_1gE
2024-02-15T15:32:55.872629+0600 INFO Проверка канала: LuckyStation
2024-02-15T15:32:56.205932+0600 DEBUG [{'kind': 'youtube#playlistItem', 'etag': 'TjOoOnjm24gvtUKHl8Wr9hHUdUY', 'id': 'VVV5SFpkV0JuZlZjeWQ1TmRCNkpWdERnLlpNM2pyT25LWHJz', 'snippet': {'publishedAt': '2024-02-12T13:15:27Z', 'channelId': 'UCyHZdWBnfVcyd5NdB6JVtDg', 'title': 'СКОЛЬКО СТОИТ КАПИТАЛКА?', 'description': 'НАШ ТЕЛЕГРАМ:\nhttps://t.me/luckys13\n\nПриезжайте к нам на ремонт:\nзапись по телефону +79995274847\nПишите сообщения в группу ВК: https://vk.com/luckystation13\n\nПо вопросам покупки услуг/запчастей пишите в телеграм Семёну:\nhttps://t.me/SaM_luckys13 \n\nРеклама и сотрудничество: pr-luckys@mail.ru\n\nИнстаграм Семёна: https://www.instagram.com/sam_luckys13\nИнстаграм команды LuckyS13: https://www.instagram.com/team_luckys13\nИнстаграм сервиса:  https://www.instagram.com/luckystation13\nКоманда в ВК: https://vk.com/luckys13\nПредставительство http://Ecu-Master.ru', 'thumbnails': {'default': {'url': 'https://i.ytimg.com/vi/ZM3jrOnKXrs/default.jpg', 'width': 120, 'height': 90}, 'medium': {'url': 'https://i.ytimg.com/vi/ZM3jrOnKXrs/mqdefault.jpg', 'width': 320, 'height': 180}, 'high': {'url': 'https://i.ytimg.com/vi/ZM3jrOnKXrs/hqdefault.jpg', 'width': 480, 'height': 360}, 'standard': {'url': 'https://i.ytimg.com/vi/ZM3jrOnKXrs/sddefault.jpg', 'width': 640, 'height': 480}, 'maxres': {'url': 'https://i.ytimg.com/vi/ZM3jrOnKXrs/maxresdefault.jpg', 'width': 1280, 'height': 720}}, 'channelTitle': 'LuckyStation', 'playlistId': 'UUyHZdWBnfVcyd5NdB6JVtDg', 'position': 0, 'resourceId': {'kind': 'youtube#video', 'videoId': 'ZM3jrOnKXrs'}, 'videoOwnerChannelTitle': 'LuckyStation', 'videoOwnerChannelId': 'UCyHZdWBnfVcyd5NdB6JVtDg'}}]
2024-02-15T15:32:56.209104+0600 INFO Имя канала: LuckyStation, ID последнего видео: ZM3jrOnKXrs
2024-02-15T15:32:56.224412+0600 INFO Проверка канала: Российская Дрифт Серия RDS
2024-02-15T15:32:56.592950+0600 DEBUG [{'kind': 'youtube#playlistItem', 'etag': 'blXzZ1SSyPj5ABokrl9XSePyI5A', 'id': 'VVVpeUZXWFN0eEpVb29ZTHFEMzU5aC1BLlBLTWUzd2VsWDk4', 'snippet': {'publishedAt': '2024-01-26T15:00:08Z', 'channelId': 'UCiyFWXStxJUooYLqD359h-A', 'title': 'КТО ПРОШЕЛ ЦАРЯ И ГОЧУ НА ЖИГУЛЯХ? / ОБЗОР ЗИМНЕГО КУБКА РДС 2024 / ДРИФТ В ЛУЖНИКАХ', 'description': 'Пропустили этап в прямом эфире? Ищите ссылки на трансляции в описании\nБИЛЕТЫ НА ЭТАПЫ #RDSGP 2024: https://tickets.vdrifte.ru\n➡️ ВТОРОЙ СЕЗОН СЕРИАЛА УЖЕ НА RDS TV: https://youtu.be/zyYN6ko-qTQ\n\n⚡️ ЗАПИСЬ #ДРИФТ ТРАНСЛЯЦИЙ МЕРОПРИЯТИЯ #ЗИМНИЙКУБОКРДС:\n➡️ КВАЛИФИКАЦИЯ: https://youtube.com/live/U0YSEgsqBsg?feature=share\n➡️ Трансляция ТОП 16 – ФИНАЛ: https://youtube.com/live/OLcNqWcyTNE?feature=share\n\n➡️ ЕЩЁ ИНТЕРЕСНОГО ОТ АЛЕКСЕЯ МИЛОВИДОВА:\nОбзор судейских решений RDS GP 2023 - ЭТАП 1: https://youtu.be/ct7yvleyfqE\nОбзор судейских решений RDS GP 2023 - ЭТАП 2: https://youtu.be/KN0x1jJ7o9Y\nОбзор судейских решений RDS GP 2023 - ЭТАП 3: https://youtu.be/ht44JYbPGEM\nОбзор судейских решений RDS GP 2023 - ЭТАП 4: https://youtu.be/F9Gk2549daw\nОбзор судейских решений RDS GP 2023 - ЭТАП 5: https://youtu.be/6gTgESL08fg\nОбзор судейских решений RDS GP 2023 - ЭТАП 6: https://youtu.be/CBbphBWk6No\nОбзор судейских решений RDS GP 2023 - ЭТАП 7: https://youtu.be/tF7Yw-CHoTk\n\nНайди #РоссийскаяДрифтСерия  и @rds_gp в соцсетях: \nОфициальный сайт http://vdrifte.ru \nНаш Телеграм-канал с новостями: https://t.me/russiandriftseries \nМы вКонтакте: https://vk.com/rdsgp', 'thumbnails': {'default': {'url': 'https://i.ytimg.com/vi/PKMe3welX98/default.jpg', 'width': 120, 'height': 90}, 'medium': {'url': 'https://i.ytimg.com/vi/PKMe3welX98/mqdefault.jpg', 'width': 320, 'height': 180}, 'high': {'url': 'https://i.ytimg.com/vi/PKMe3welX98/hqdefault.jpg', 'width': 480, 'height': 360}, 'standard': {'url': 'https://i.ytimg.com/vi/PKMe3welX98/sddefault.jpg', 'width': 640, 'height': 480}, 'maxres': {'url': 'https://i.ytimg.com/vi/PKMe3welX98/maxresdefault.jpg', 'width': 1280, 'height': 720}}, 'channelTitle': 'Российская Дрифт Серия RDS', 'playlistId': 'UUiyFWXStxJUooYLqD359h-A', 'position': 0, 'resourceId': {'kind': 'youtube#video', 'videoId': 'PKMe3welX98'}, 'videoOwnerChannelTitle': 'Российская Дрифт Серия RDS', 'videoOwnerChannelId': 'UCiyFWXStxJUooYLqD359h-A'}}]
2024-02-15T15:32:56.599281+0600 INFO Имя канала: Российская Дрифт Серия RDS, ID последнего видео: PKMe3welX98
2024-02-15T15:32:56.602553+0600 INFO Проверка канала: BoostMotors
2024-02-15T15:32:56.924044+0600 DEBUG [{'kind': 'youtube#playlistItem', 'etag': 'IHfw_VdX4YAKkS9JxFFVACfT7nw', 'id': 'VVU2Y05sZm0wZHVNZGJBZEp0UGNaLUV3Lklrd1FWT2drNGVv', 'snippet': {'publishedAt': '2024-01-06T13:38:11Z', 'channelId': 'UC6cNlfm0duMdbAdJtPcZ-Ew', 'title': 'Запускаем 200sx. Новая BMW.', 'description': 'ТОПОВЫЙ ИНСТРУМЕНТ: https://bit.ly/3KTT9nX\nНАШ МЕРЧ В ТРЭИЛХЭД\nhttps://www.34play.me/catalog/search?term=boost', 'thumbnails': {'default': {'url': 'https://i.ytimg.com/vi/IkwQVOgk4eo/default.jpg', 'width': 120, 'height': 90}, 'medium': {'url': 'https://i.ytimg.com/vi/IkwQVOgk4eo/mqdefault.jpg', 'width': 320, 'height': 180}, 'high': {'url': 'https://i.ytimg.com/vi/IkwQVOgk4eo/hqdefault.jpg', 'width': 480, 'height': 360}, 'standard': {'url': 'https://i.ytimg.com/vi/IkwQVOgk4eo/sddefault.jpg', 'width': 640, 'height': 480}, 'maxres': {'url': 'https://i.ytimg.com/vi/IkwQVOgk4eo/maxresdefault.jpg', 'width': 1280, 'height': 720}}, 'channelTitle': 'BoostMotors', 'playlistId': 'UU6cNlfm0duMdbAdJtPcZ-Ew', 'position': 0, 'resourceId': {'kind': 'youtube#video', 'videoId': 'IkwQVOgk4eo'}, 'videoOwnerChannelTitle': 'BoostMotors', 'videoOwnerChannelId': 'UC6cNlfm0duMdbAdJtPcZ-Ew'}}]
2024-02-15T15:32:56.925866+0600 INFO Имя канала: BoostMotors, ID последнего видео: IkwQVOgk4eo
2024-02-15T15:32:56.928417+0600 INFO Проверка канала: zaRRubin
2024-02-15T15:32:57.204242+0600 DEBUG [{'kind': 'youtube#playlistItem', 'etag': 'oKG3bgT0xebL7o5RKksbOEbdP6g', 'id': 'VVVCbkpKY3B5Z2x2SzdJRGROYkNGc09RLmU4STc0eHVEbjlR', 'snippet': {'publishedAt': '2024-02-12T07:32:40Z', 'channelId': 'UCBnJJcpyglvK7IDdNbCFsOQ', 'title': 'ЦАРЕГРАДЦЕВ 2023 - ПРИНЯТИЕ', 'description': 'С уважением к меломанам список треков\n\nLorn - Set Me Free\nPLAUDO - Fucc You\nPLAUDO - Back 2 Basix\nxvectors - Discotheque\nUVB76 - Hajime\nLoscil - Anthropocene\nLoscil - Red Tide\nRival Consoles - Looming\nHoly Fuck - Silva & Grimes\nBuntaSparks - Welcome To The Jungle\nRyan Taubert - Fool\nGrabek - Eight\nFurious Monkey House - Echoes\nHiro Kone - Shatter The Gangue Of Piety\nTrent Reznor & Atticus Ross - A World Away\n\nНаше масло http://partnumber710.com/\n\nНад дрифт фильмом работали\nАнатолий Зарубин - автор, оператор, монтаж, подбор саундтрека\nЕгор Ляубонас - оператор, цветокоррекция\nМаксим Скрыпник - оператор\nДенис Мишин - оператор\nНиколай Воробьёв - спорт дрон', 'thumbnails': {'default': {'url': 'https://i.ytimg.com/vi/e8I74xuDn9Q/default.jpg', 'width': 120, 'height': 90}, 'medium': {'url': 'https://i.ytimg.com/vi/e8I74xuDn9Q/mqdefault.jpg', 'width': 320, 'height': 180}, 'high': {'url': 'https://i.ytimg.com/vi/e8I74xuDn9Q/hqdefault.jpg', 'width': 480, 'height': 360}, 'standard': {'url': 'https://i.ytimg.com/vi/e8I74xuDn9Q/sddefault.jpg', 'width': 640, 'height': 480}, 'maxres': {'url': 'https://i.ytimg.com/vi/e8I74xuDn9Q/maxresdefault.jpg', 'width': 1280, 'height': 720}}, 'channelTitle': 'zaRRubin', 'playlistId': 'UUBnJJcpyglvK7IDdNbCFsOQ', 'position': 0, 'resourceId': {'kind': 'youtube#video', 'videoId': 'e8I74xuDn9Q'}, 'videoOwnerChannelTitle': 'zaRRubin', 'videoOwnerChannelId': 'UCBnJJcpyglvK7IDdNbCFsOQ'}}]
2024-02-15T15:32:57.207614+0600 INFO Имя канала: zaRRubin, ID последнего видео: e8I74xuDn9Q
2024-02-15T15:32:57.209821+0600 INFO Проверка канала: TIME UP Drift Team
2024-02-15T15:32:57.484525+0600 DEBUG [{'kind': 'youtube#playlistItem', 'etag': '46tPJ95VMIvLcoshfWmhq7aLTmw', 'id': 'VVVBaXJBbG9wQ3RPdi1zMi14b3pvNDB3LlZEMTI0TVRoZThB', 'snippet': {'publishedAt': '2024-01-26T15:45:08Z', 'channelId': 'UCAirAlopCtOv-s2-xozo40w', 'title': 'Лёню выгнали из TimeUp/Школа дрифта/Самый тяжелый этап/Подкаст #1', 'description': 'Друзья, мы приветствуем Вас на новом формате видео на нашем канале, поэтому нам важно узнать ваше впечатление от подкаста, пишите в комментариях мнение, нам будет интересно почитать👇🏼\n\nВ конце видео Вас ждёт КОНКУРС 🤩\n\n00:01:27 путь к дрифту Артёма Шабанова \n00:07:10 первый раз на Красном кольце \n00:14:28 лайфках для юных пилотов \n00:20:16 про знакомство с будущим споттером \n00:30:39 про СДЧ \n00:43:15 хит Артема с Лёней \n00:50:12 непройденная квала Лёни \n00:54:41 платформы для дрифта \n00:59:45 конкурс \n01:00:47 5 главных качеств споттера \n01:01:56 вопрос-ответ', 'thumbnails': {'default': {'url': 'https://i.ytimg.com/vi/VD124MThe8A/default.jpg', 'width': 120, 'height': 90}, 'medium': {'url': 'https://i.ytimg.com/vi/VD124MThe8A/mqdefault.jpg', 'width': 320, 'height': 180}, 'high': {'url': 'https://i.ytimg.com/vi/VD124MThe8A/hqdefault.jpg', 'width': 480, 'height': 360}, 'standard': {'url': 'https://i.ytimg.com/vi/VD124MThe8A/sddefault.jpg', 'width': 640, 'height': 480}, 'maxres': {'url': 'https://i.ytimg.com/vi/VD124MThe8A/maxresdefault.jpg', 'width': 1280, 'height': 720}}, 'channelTitle': 'TIME UP Drift Team', 'playlistId': 'UUAirAlopCtOv-s2-xozo40w', 'position': 0, 'resourceId': {'kind': 'youtube#video', 'videoId': 'VD124MThe8A'}, 'videoOwnerChannelTitle': 'TIME UP Drift Team', 'videoOwnerChannelId': 'UCAirAlopCtOv-s2-xozo40w'}}]
2024-02-15T15:32:57.485473+0600 INFO Имя канала: TIME UP Drift Team, ID последнего видео: VD124MThe8A
2024-02-15T15:32:57.485931+0600 INFO Проверка канала: Форвард Авто
2024-02-15T15:32:57.759280+0600 DEBUG [{'kind': 'youtube#playlistItem', 'etag': 'uKgb0jJL-G0-Wqc5EfyjoOsQzzI', 'id': 'VVVYUnZnUXA5eTVtdGtwMlZsV0dLclFRLlJfaXR0NHlTaGtN', 'snippet': {'publishedAt': '2024-02-08T09:19:00Z', 'channelId': 'UCXRvgQp9y5mtkp2VlWGKrQQ', 'title': 'NISSAN 400Z ЛУЧШЕ S15? #nissan #rds #400z #дрифт #drift', 'description': 'Группа гоночной команды TAKAYAMA FORWARD AUTO  ВКонтакте: \nhttps://vk.com/forwardauto\u2063\u2063\n\nБольше контента в официальном Телеграм-канале:\nhttps://t.me/forwardauto_official\n\nСувениры и фирменная атрибутика: \nhttps://forwardauto.ru/catalog/odezhda_i_atributika_/\n\nПартнёры команды:\nTAKAYAMA\nMAHLE\nВираж\nCTR\nMK Kashiyama\nMAKITA\nJONNESWAY \nSIRUDA\nVISSOL FORGED WHEELS\nSTANDARD SPRINGS\n\nПо вопросам сотрудничества и рекламы обращаться на адрес электронной почты: reklama@forwardauto.ru', 'thumbnails': {'default': {'url': 'https://i.ytimg.com/vi/R_itt4yShkM/default.jpg', 'width': 120, 'height': 90}, 'medium': {'url': 'https://i.ytimg.com/vi/R_itt4yShkM/mqdefault.jpg', 'width': 320, 'height': 180}, 'high': {'url': 'https://i.ytimg.com/vi/R_itt4yShkM/hqdefault.jpg', 'width': 480, 'height': 360}, 'standard': {'url': 'https://i.ytimg.com/vi/R_itt4yShkM/sddefault.jpg', 'width': 640, 'height': 480}, 'maxres': {'url': 'https://i.ytimg.com/vi/R_itt4yShkM/maxresdefault.jpg', 'width': 1280, 'height': 720}}, 'channelTitle': 'Форвард Авто', 'playlistId': 'UUXRvgQp9y5mtkp2VlWGKrQQ', 'position': 0, 'resourceId': {'kind': 'youtube#video', 'videoId': 'R_itt4yShkM'}, 'videoOwnerChannelTitle': 'Форвард Авто', 'videoOwnerChannelId': 'UCXRvgQp9y5mtkp2VlWGKrQQ'}}]
2024-02-15T15:32:57.760128+0600 INFO Имя канала: Форвард Авто, ID последнего видео: R_itt4yShkM
2024-02-15T15:32:57.766943+0600 INFO Проверка канала: Игорь Озолин
2024-02-15T15:32:58.091269+0600 DEBUG [{'kind': 'youtube#playlistItem', 'etag': 'A8FTNUlLiA3XUITG0QyEJIwdDDA', 'id': 'VVV1dXktaXU2MDJTdjhweGk2c2FxRjFRLnUyX1hENUI5RTlV', 'snippet': {'publishedAt': '2024-02-10T16:08:04Z', 'channelId': 'UCuuy-iu602Sv8pxi6saqF1Q', 'title': 'НОВЫЕ МЕНЕДЖЕРЫ ФОРВАРД и FRESH/ ПЕРЕНОС SDC/ ЖАРКИЙ ОМАН. DRIFTNEWS', 'description': 'Шанс выиграть Nissan Silvia S15 - https://t.me/DriftNewsBot\n\nЗаказать одежду EXHAUST WEAR - https://clck.ru/3565Dj\n\nВидео Форвард о планах на сезон - https://youtu.be/ENhRWfU-8eA?si=73gEWXUOTVSAzkus\n\nИнтервью с директором команды Fresh Racing - https://freshracing.ru/events/new-manager\n\nКороткая версия ОМАН - https://www.youtube.com/watch?v=U3sSwkptD6Q', 'thumbnails': {'default': {'url': 'https://i.ytimg.com/vi/u2_XD5B9E9U/default.jpg', 'width': 120, 'height': 90}, 'medium': {'url': 'https://i.ytimg.com/vi/u2_XD5B9E9U/mqdefault.jpg', 'width': 320, 'height': 180}, 'high': {'url': 'https://i.ytimg.com/vi/u2_XD5B9E9U/hqdefault.jpg', 'width': 480, 'height': 360}, 'standard': {'url': 'https://i.ytimg.com/vi/u2_XD5B9E9U/sddefault.jpg', 'width': 640, 'height': 480}, 'maxres': {'url': 'https://i.ytimg.com/vi/u2_XD5B9E9U/maxresdefault.jpg', 'width': 1280, 'height': 720}}, 'channelTitle': 'Игорь Озолин', 'playlistId': 'UUuuy-iu602Sv8pxi6saqF1Q', 'position': 0, 'resourceId': {'kind': 'youtube#video', 'videoId': 'u2_XD5B9E9U'}, 'videoOwnerChannelTitle': 'Игорь Озолин', 'videoOwnerChannelId': 'UCuuy-iu602Sv8pxi6saqF1Q'}}]
2024-02-15T15:32:58.092128+0600 INFO Имя канала: Игорь Озолин, ID последнего видео: u2_XD5B9E9U
2024-02-15T15:32:58.092692+0600 INFO Проверка канала: CARVILLE RACING DRIFT TEAM
2024-02-15T15:32:58.422142+0600 DEBUG [{'kind': 'youtube#playlistItem', 'etag': 'LyIXJHmLNQORf4YxBBTGo09OC5M', 'id': 'VVVVenV2WEN6bUJxUXhvME5QME5kSDNBLlV0UGEzZ0kxSnVv', 'snippet': {'publishedAt': '2024-02-01T12:42:46Z', 'channelId': 'UCUzuvXCzmBqQxo0NP0NdH3A', 'title': 'ЖИГИ В ДРИФТЕ', 'description': 'ICE DRIFT IGORA DRIVE\n____________________________________________\nTG: https://t.me/carvilleracing\nVK: https://vk.com/carvilleracing\nDrive2: https://www.drive2.ru/users/carvilleracing/\n_____________________________________________\n#гонки #дрифт #carville #авто', 'thumbnails': {'default': {'url': 'https://i.ytimg.com/vi/UtPa3gI1Juo/default.jpg', 'width': 120, 'height': 90}, 'medium': {'url': 'https://i.ytimg.com/vi/UtPa3gI1Juo/mqdefault.jpg', 'width': 320, 'height': 180}, 'high': {'url': 'https://i.ytimg.com/vi/UtPa3gI1Juo/hqdefault.jpg', 'width': 480, 'height': 360}, 'standard': {'url': 'https://i.ytimg.com/vi/UtPa3gI1Juo/sddefault.jpg', 'width': 640, 'height': 480}, 'maxres': {'url': 'https://i.ytimg.com/vi/UtPa3gI1Juo/maxresdefault.jpg', 'width': 1280, 'height': 720}}, 'channelTitle': 'CARVILLE RACING DRIFT TEAM', 'playlistId': 'UUUzuvXCzmBqQxo0NP0NdH3A', 'position': 0, 'resourceId': {'kind': 'youtube#video', 'videoId': 'UtPa3gI1Juo'}, 'videoOwnerChannelTitle': 'CARVILLE RACING DRIFT TEAM', 'videoOwnerChannelId': 'UCUzuvXCzmBqQxo0NP0NdH3A'}}]
2024-02-15T15:32:58.423348+0600 INFO Имя канала: CARVILLE RACING DRIFT TEAM, ID последнего видео: UtPa3gI1Juo
2024-02-15T15:32:58.426638+0600 INFO Проверка канала: DARKSIDE Xperience
2024-02-15T15:32:58.718445+0600 DEBUG [{'kind': 'youtube#playlistItem', 'etag': 'x6Rhm8V5395kGtDxrwxxJTxdPMU', 'id': 'VVVPcXJjZGJTTzVCQXhvZ1JocEZqc05nLmc5OXBLUWt3aUZZ', 'snippet': {'publishedAt': '2023-12-05T12:41:03Z', 'channelId': 'UCOqrcdbSO5BAxogRhpFjsNg', 'title': 'ПРЕЗЕНТАЦИЯ XPERIENCE BY DARKSIDE + КВЕСТ С БЛОГЕРАМИ', 'description': 'DARKSIDE DAY X — большой автоквест, на финише которого участников ждала презентация XPERIENCE by DARKSIDE.\n\nМы позвали автомобильных и кальянных блогеров, наших друзей и тех, кто выиграл проходки на квест. Все разбились на 7 команд, сели в заряженные тачки и погнали по маршруту с кучей секретных локаций по всей Москве.\n\nДрайвовые задания, крутые тачки и мощная афтепати с кальянами на XPERIENCE by DARKSIDE — смотри, как это было!\n\nDARKSIDE в соцсетях:\nhttps://t.me/trydarkside \nhttps://vk.com/trythedarkside\nIG @\u200ctrythedarkside', 'thumbnails': {'default': {'url': 'https://i.ytimg.com/vi/g99pKQkwiFY/default.jpg', 'width': 120, 'height': 90}, 'medium': {'url': 'https://i.ytimg.com/vi/g99pKQkwiFY/mqdefault.jpg', 'width': 320, 'height': 180}, 'high': {'url': 'https://i.ytimg.com/vi/g99pKQkwiFY/hqdefault.jpg', 'width': 480, 'height': 360}, 'standard': {'url': 'https://i.ytimg.com/vi/g99pKQkwiFY/sddefault.jpg', 'width': 640, 'height': 480}, 'maxres': {'url': 'https://i.ytimg.com/vi/g99pKQkwiFY/maxresdefault.jpg', 'width': 1280, 'height': 720}}, 'channelTitle': 'DARKSIDE Xperience', 'playlistId': 'UUOqrcdbSO5BAxogRhpFjsNg', 'position': 0, 'resourceId': {'kind': 'youtube#video', 'videoId': 'g99pKQkwiFY'}, 'videoOwnerChannelTitle': 'DARKSIDE Xperience', 'videoOwnerChannelId': 'UCOqrcdbSO5BAxogRhpFjsNg'}}]
2024-02-15T15:32:58.719403+0600 INFO Имя канала: DARKSIDE Xperience, ID последнего видео: g99pKQkwiFY
2024-02-15T15:32:58.720005+0600 INFO Проверка канала: AIMOL Russia
2024-02-15T15:32:59.031619+0600 DEBUG [{'kind': 'youtube#playlistItem', 'etag': 'ZvH1cYEw94WhW8o3obUq82JfL6A', 'id': 'VVVzMjBaNnJyMHV3OXNOWXhnWDNRc2lnLkIyQnNsR1h4ZUln', 'snippet': {'publishedAt': '2023-12-12T08:48:15Z', 'channelId': 'UCs20Z6rr0uw9sNYxgX3Qsig', 'title': 'AIMOL на выставке ЮгАгро', 'description': 'ООО «Аймол Лубрикантс» совместно с дистрибьютором ООО «Петромаркет Плюс» приняли совместное участие в выставке «ЮГАГРО» с 21-го по 24-ое ноября 2023 года в городе Краснодар. На нашем стенде были представлены новейшие продукты, разработанные специально для сельскохозяйственных производств.\n  \nВ широкой товарной линейке под брендом AIMOL присутствуют продукты, разработанные специально для агропромышленного комплекса: гидравлические и моторные масла, как для обычного, так и для высокосернистого топлива, а также для двигателей, работающих на природном газе и дизельном топливе, масла для автоматических (АКПП) и механических трансмиссий (МКПП), гидравлические масла и жидкости для любых видов и типов навесного оборудования, применяемого при посеве, уборке и обработке урожая на аграрных предприятиях и производствах, а также высокоэффективные антифризы последнего поколения.', 'thumbnails': {'default': {'url': 'https://i.ytimg.com/vi/B2BslGXxeIg/default.jpg', 'width': 120, 'height': 90}, 'medium': {'url': 'https://i.ytimg.com/vi/B2BslGXxeIg/mqdefault.jpg', 'width': 320, 'height': 180}, 'high': {'url': 'https://i.ytimg.com/vi/B2BslGXxeIg/hqdefault.jpg', 'width': 480, 'height': 360}, 'standard': {'url': 'https://i.ytimg.com/vi/B2BslGXxeIg/sddefault.jpg', 'width': 640, 'height': 480}, 'maxres': {'url': 'https://i.ytimg.com/vi/B2BslGXxeIg/maxresdefault.jpg', 'width': 1280, 'height': 720}}, 'channelTitle': 'AIMOL Russia', 'playlistId': 'UUs20Z6rr0uw9sNYxgX3Qsig', 'position': 0, 'resourceId': {'kind': 'youtube#video', 'videoId': 'B2BslGXxeIg'}, 'videoOwnerChannelTitle': 'AIMOL Russia', 'videoOwnerChannelId': 'UCs20Z6rr0uw9sNYxgX3Qsig'}}]
2024-02-15T15:32:59.038956+0600 INFO Имя канала: AIMOL Russia, ID последнего видео: B2BslGXxeIg
2024-02-15T15:32:59.039670+0600 INFO Новый видео: B2BslGXxeIg
2024-02-15T15:32:59.040179+0600 INFO Отправка нового видео: AIMOL Russia - B2BslGXxeIg
2024-02-15T15:32:59.770405+0600 INFO Ждем минуту после отправки сообщения
2024-02-15T15:33:59.774493+0600 INFO Канал AIMOL Russia успешно обновлен
2024-02-15T15:33:59.805226+0600 INFO Проверка канала: Nikita Shikov
